12:00:33.779 [main                     ] DEBUG GameApplication      - Logger initialized
12:00:33.791 [main                     ] DEBUG GameApplication      - Logging settings
Title: Brick Breaker
Version: 0.2
Width: 1920
Height: 1080
Fullscreen: false
Intro: false
Profiling: false
Single step:false
App Mode: DEVELOPER
Menu Key: ESCAPE
Stage Style: DECORATED
Scene Factory: class com.almasb.fxgl.app.scene.SceneFactory

12:00:34.033 [JavaFX Application Thread] DEBUG GameApplication      - Initializing FXGL
12:00:34.038 [JavaFX Application Thread] INFO  Engine               - FXGL-11.9 (27.05.2020 17.06) on LINUX (J:15-ea FX:11)
12:00:34.038 [JavaFX Application Thread] DEBUG Engine               - JRE Vendor Name: Oracle Corporation
12:00:34.038 [JavaFX Application Thread] DEBUG Engine               - Running on OS: Linux version 5.7.7-arch1-1
12:00:34.038 [JavaFX Application Thread] DEBUG Engine               - Architecture: amd64
12:00:34.039 [JavaFX Application Thread] INFO  Engine               - Source code and latest versions at: https://github.com/AlmasB/FXGL
12:00:34.039 [JavaFX Application Thread] INFO  Engine               -              Join the FXGL chat at: https://gitter.im/AlmasB/FXGL
12:00:34.138 [JavaFX Application Thread] DEBUG MainWindow           - Creating a JavaFX scene
12:00:34.181 [JavaFX Application Thread] DEBUG MainWindow           - Target settings size: 1920.0 x 1080.0
12:00:34.181 [JavaFX Application Thread] DEBUG MainWindow           - Scaled scene size:    1920.0 x 1080.0
12:00:34.181 [JavaFX Application Thread] DEBUG MainWindow           - Scaled ratio: (1.0, 1.0)
12:00:34.182 [JavaFX Application Thread] DEBUG MainWindow           - Set initial scene to FXGLStartupScene
12:00:34.187 [JavaFX Application Thread] DEBUG MainWindow           - Opening main window
12:00:34.214 [JavaFX Application Thread] DEBUG MainWindow           - Window border size: (2.0, 29.0)
12:00:34.214 [JavaFX Application Thread] DEBUG MainWindow           - Scaled size: 1920.0 x 1080.0
12:00:34.215 [JavaFX Application Thread] DEBUG MainWindow           - Scaled ratio: (1.0, 1.0)
12:00:34.215 [JavaFX Application Thread] DEBUG MainWindow           - Scene size: 1920.0 x 1080.0
12:00:34.215 [JavaFX Application Thread] DEBUG MainWindow           - Stage size: 1922.0 x 1109.0
12:00:34.219 [FXGL Background Thread 1 ] DEBUG Engine               - Initializing environment variables
12:00:34.249 [FXGL Background Thread 1 ] DEBUG WindowService        - Applying CSS: fxgl_dark.css
12:00:34.251 [FXGL Background Thread 1 ] DEBUG AssetLoaderService   - Loading from file system: /assets/ui/css/fxgl_dark.css
12:00:34.303 [FXGL Background Thread 1 ] DEBUG WindowService        - Initializing application scenes
12:00:34.346 [FXGL Background Thread 1 ] DEBUG GameWorld            - Game world initialized
12:00:34.397 [FXGL Background Thread 1 ] DEBUG PhysicsWorld         - Physics world initialized: appHeight=1080, physics.ppm=50,0
12:00:34.400 [FXGL Background Thread 1 ] DEBUG GameScene            - Game scene initialized: 1920x1080
12:00:34.435 [FXGL Background Thread 1 ] DEBUG AssetLoaderService   - Loading from file system: /assets/textures/particles/trace_horizontal.png
12:00:34.483 [FXGL Background Thread 1 ] DEBUG FXGL.DefaultMenu     - createMenuBodyGameMenu()
12:00:34.511 [FXGL Background Thread 1 ] DEBUG FXGL.DefaultMenu     - createOptionsMenu()
12:00:34.520 [FXGL Background Thread 1 ] DEBUG AssetLoaderService   - Loading from file system: /assets/textures/particles/smoke.png
12:00:34.571 [FXGL Background Thread 1 ] DEBUG WindowService        - Application scenes initialized
12:00:34.579 [FXGL Background Thread 1 ] DEBUG SystemBundleService  - Loading FXGL system data
12:00:34.581 [FXGL Background Thread 1 ] DEBUG FileSystemAccess     - Reading from: /home/danny/Repos/unnecessary.ly-frontend-javafx/system/fxgl.bundle
12:00:34.586 [FXGL Background Thread 1 ] DEBUG SystemBundleService  - Bundle FXGL: {}
12:00:34.587 [FXGL Background Thread 1 ] INFO  Engine               - FXGL initialization took: 0,366 sec
12:00:34.588 [FXGL Background Thread 1 ] DEBUG GameApplication      - Loading localizations
12:00:34.588 [FXGL Background Thread 1 ] DEBUG AssetLoaderService   - Loading from file system: /assets/languages/english.lang
12:00:34.598 [FXGL Background Thread 1 ] DEBUG AssetLoaderService   - Loading from file system: /assets/languages/french.lang
12:00:34.602 [FXGL Background Thread 1 ] DEBUG AssetLoaderService   - Loading from file system: /assets/languages/german.lang
12:00:34.604 [FXGL Background Thread 1 ] DEBUG AssetLoaderService   - Loading from file system: /assets/languages/hungarian.lang
12:00:34.607 [FXGL Background Thread 1 ] DEBUG AssetLoaderService   - Loading from file system: /assets/languages/russian.lang
12:00:34.610 [FXGL Background Thread 1 ] DEBUG GameApplication      - Registering font factories with UI factory
12:00:34.610 [FXGL Background Thread 1 ] DEBUG AssetLoaderService   - Loading from file system: /assets/ui/fonts/VarelaRound-Regular.ttf
12:00:34.617 [FXGL Background Thread 1 ] DEBUG AssetLoaderService   - Loading from file system: /assets/ui/fonts/Abel-Regular.ttf
12:00:34.618 [FXGL Background Thread 1 ] DEBUG AssetLoaderService   - Loading from file system: /assets/ui/fonts/lucida_console.ttf
12:00:34.620 [FXGL Background Thread 1 ] DEBUG AssetLoaderService   - Loading from file system: /assets/ui/fonts/Courier-Prime.ttf
12:00:34.627 [JavaFX Application Thread] DEBUG AssetLoaderService   - Loading from file system: /assets/textures/fxgl_icon.png
12:00:34.649 [JavaFX Application Thread] DEBUG AssetLoaderService   - Loading from file system: /assets/ui/cursors/fxgl_default.png
12:00:34.656 [JavaFX Application Thread] DEBUG Input                - Registered new binding: Screenshot - P
12:00:34.656 [JavaFX Application Thread] DEBUG Input                - Registered new binding: System info dump - CTRL+9
12:00:34.657 [JavaFX Application Thread] DEBUG Input                - Registered new binding: Restart - CTRL+R
12:00:34.657 [JavaFX Application Thread] DEBUG LoopRunner           - Starting loop
12:00:34.667 [JavaFX Application Thread] DEBUG FXGLStartupScene     - STARTUP
12:00:34.668 [JavaFX Application Thread] DEBUG WindowService        - Starting new game
12:00:34.669 [JavaFX Application Thread] DEBUG Input                - Clearing active input actions
12:00:34.679 [JavaFX Application Thread] DEBUG WindowService        - Removing overlay from FXGLStartupScene and adding to FXGLLoadingScene
12:00:34.680 [JavaFX Application Thread] DEBUG MainWindow           - FXGLStartupScene -> FXGLLoadingScene
12:00:34.680 [JavaFX Application Thread] DEBUG WindowService        - Clearing previous game
12:00:34.680 [JavaFX Application Thread] DEBUG GameScene            - Clearing game scene
12:00:34.680 [JavaFX Application Thread] DEBUG GameWorld            - Clearing game world
12:00:34.680 [JavaFX Application Thread] DEBUG PhysicsWorld         - Clearing physics world
12:00:34.681 [FXGL Background Thread 1 ] DEBUG GameApplication      - Initializing game
12:00:34.702 [FXGL Background Thread 1 ] DEBUG AssetLoaderService   - Loading from file system: /assets/textures/brick.png
12:00:34.704 [FXGL Background Thread 1 ] DEBUG AssetLoaderService   - Loading from cache: /assets/textures/brick.png
12:00:34.704 [FXGL Background Thread 1 ] DEBUG AssetLoaderService   - Loading from cache: /assets/textures/brick.png
12:00:34.705 [FXGL Background Thread 1 ] DEBUG AssetLoaderService   - Loading from cache: /assets/textures/brick.png
12:00:34.706 [FXGL Background Thread 1 ] DEBUG AssetLoaderService   - Loading from cache: /assets/textures/brick.png
12:00:34.707 [FXGL Background Thread 1 ] DEBUG AssetLoaderService   - Loading from cache: /assets/textures/brick.png
12:00:34.709 [FXGL Background Thread 1 ] DEBUG AssetLoaderService   - Loading from cache: /assets/textures/brick.png
12:00:34.712 [FXGL Background Thread 1 ] DEBUG AssetLoaderService   - Loading from cache: /assets/textures/brick.png
12:00:34.715 [FXGL Background Thread 1 ] DEBUG AssetLoaderService   - Loading from cache: /assets/textures/brick.png
12:00:34.716 [FXGL Background Thread 1 ] DEBUG AssetLoaderService   - Loading from cache: /assets/textures/brick.png
12:00:34.717 [FXGL Background Thread 1 ] DEBUG AssetLoaderService   - Loading from cache: /assets/textures/brick.png
12:00:34.718 [FXGL Background Thread 1 ] DEBUG AssetLoaderService   - Loading from cache: /assets/textures/brick.png
12:00:34.719 [FXGL Background Thread 1 ] DEBUG AssetLoaderService   - Loading from cache: /assets/textures/brick.png
12:00:34.720 [FXGL Background Thread 1 ] DEBUG AssetLoaderService   - Loading from cache: /assets/textures/brick.png
12:00:34.721 [FXGL Background Thread 1 ] DEBUG AssetLoaderService   - Loading from cache: /assets/textures/brick.png
12:00:34.722 [FXGL Background Thread 1 ] DEBUG AssetLoaderService   - Loading from cache: /assets/textures/brick.png
12:00:34.723 [FXGL Background Thread 1 ] DEBUG AssetLoaderService   - Loading from cache: /assets/textures/brick.png
12:00:34.724 [FXGL Background Thread 1 ] DEBUG AssetLoaderService   - Loading from cache: /assets/textures/brick.png
12:00:34.725 [FXGL Background Thread 1 ] DEBUG AssetLoaderService   - Loading from cache: /assets/textures/brick.png
12:00:34.727 [FXGL Background Thread 1 ] DEBUG AssetLoaderService   - Loading from cache: /assets/textures/brick.png
12:00:34.728 [FXGL Background Thread 1 ] DEBUG AssetLoaderService   - Loading from cache: /assets/textures/brick.png
12:00:34.729 [FXGL Background Thread 1 ] DEBUG AssetLoaderService   - Loading from cache: /assets/textures/brick.png
12:00:34.730 [FXGL Background Thread 1 ] DEBUG AssetLoaderService   - Loading from cache: /assets/textures/brick.png
12:00:34.730 [FXGL Background Thread 1 ] DEBUG AssetLoaderService   - Loading from cache: /assets/textures/brick.png
12:00:34.731 [FXGL Background Thread 1 ] DEBUG AssetLoaderService   - Loading from cache: /assets/textures/brick.png
12:00:34.732 [FXGL Background Thread 1 ] DEBUG AssetLoaderService   - Loading from cache: /assets/textures/brick.png
12:00:34.733 [FXGL Background Thread 1 ] DEBUG AssetLoaderService   - Loading from cache: /assets/textures/brick.png
12:00:34.734 [FXGL Background Thread 1 ] DEBUG AssetLoaderService   - Loading from cache: /assets/textures/brick.png
12:00:34.734 [FXGL Background Thread 1 ] DEBUG AssetLoaderService   - Loading from cache: /assets/textures/brick.png
12:00:34.735 [FXGL Background Thread 1 ] DEBUG AssetLoaderService   - Loading from cache: /assets/textures/brick.png
12:00:34.736 [FXGL Background Thread 1 ] DEBUG AssetLoaderService   - Loading from cache: /assets/textures/brick.png
12:00:34.737 [FXGL Background Thread 1 ] DEBUG AssetLoaderService   - Loading from cache: /assets/textures/brick.png
12:00:34.739 [FXGL Background Thread 1 ] DEBUG AssetLoaderService   - Loading from cache: /assets/textures/brick.png
12:00:34.740 [FXGL Background Thread 1 ] DEBUG AssetLoaderService   - Loading from cache: /assets/textures/brick.png
12:00:34.741 [FXGL Background Thread 1 ] DEBUG AssetLoaderService   - Loading from cache: /assets/textures/brick.png
12:00:34.742 [FXGL Background Thread 1 ] DEBUG AssetLoaderService   - Loading from cache: /assets/textures/brick.png
12:00:34.743 [FXGL Background Thread 1 ] DEBUG AssetLoaderService   - Loading from cache: /assets/textures/brick.png
12:00:34.746 [FXGL Background Thread 1 ] DEBUG AssetLoaderService   - Loading from cache: /assets/textures/brick.png
12:00:34.747 [FXGL Background Thread 1 ] DEBUG AssetLoaderService   - Loading from cache: /assets/textures/brick.png
12:00:34.748 [FXGL Background Thread 1 ] DEBUG AssetLoaderService   - Loading from cache: /assets/textures/brick.png
12:00:34.748 [FXGL Background Thread 1 ] DEBUG AssetLoaderService   - Loading from cache: /assets/textures/brick.png
12:00:34.749 [FXGL Background Thread 1 ] DEBUG AssetLoaderService   - Loading from cache: /assets/textures/brick.png
12:00:34.773 [FXGL Background Thread 1 ] INFO  GameApplication      - Game initialization took: 0,091 sec
12:00:34.779 [JavaFX Application Thread] DEBUG Input                - Clearing active input actions
12:00:34.814 [JavaFX Application Thread] DEBUG WindowService        - Removing overlay from FXGLLoadingScene and adding to GameScene
12:00:34.815 [JavaFX Application Thread] DEBUG MainWindow           - FXGLLoadingScene -> GameScene
12:00:37.587 [FXGL Background Thread 2 ] DEBUG Engine               - Logging environment variables
12:00:37.588 [FXGL Background Thread 2 ] DEBUG Engine               - achievements: []
12:00:37.588 [FXGL Background Thread 2 ] DEBUG Engine               - appIcon: fxgl_icon.png
12:00:37.588 [FXGL Background Thread 2 ] DEBUG Engine               - applicationMode: DEVELOPER
12:00:37.588 [FXGL Background Thread 2 ] DEBUG Engine               - cSSList: [fxgl_dark.css]
12:00:37.588 [FXGL Background Thread 2 ] DEBUG Engine               - configClass: Optional.empty
12:00:37.588 [FXGL Background Thread 2 ] DEBUG Engine               - credits: []
12:00:37.589 [FXGL Background Thread 2 ] DEBUG Engine               - devBBoxColorProperty: ObjectProperty [value: 0xff0000ff]
12:00:37.589 [FXGL Background Thread 2 ] DEBUG Engine               - devSensorColorProperty: ObjectProperty [value: 0xffff00ff]
12:00:37.589 [FXGL Background Thread 2 ] DEBUG Engine               - devShowBBoxProperty: BooleanProperty [value: false]
12:00:37.589 [FXGL Background Thread 2 ] DEBUG Engine               - devShowPositionProperty: BooleanProperty [value: false]
12:00:37.590 [FXGL Background Thread 2 ] DEBUG Engine               - enabledMenuItems: []
12:00:37.590 [FXGL Background Thread 2 ] DEBUG Engine               - engineServices: [class com.almasb.fxgl.app.GameApplication$GameApplicationService, class com.almasb.fxgl.app.services.WindowService, class com.almasb.fxgl.app.services.FXGLDialogService, class com.almasb.fxgl.app.services.IOTaskExecutorService, class com.almasb.fxgl.event.EventBusService, class com.almasb.fxgl.io.FileSystemService, class com.almasb.fxgl.localization.LocalizationService, class com.almasb.fxgl.app.services.AssetLoaderService, class com.almasb.fxgl.app.services.SystemBundleService, class com.almasb.fxgl.profile.SaveLoadService, class com.almasb.fxgl.ui.FXGLUIFactoryServiceProvider, class com.almasb.fxgl.ui.FXGLDialogFactoryServiceProvider, class com.almasb.fxgl.audio.AudioPlayer, class com.almasb.fxgl.notification.impl.NotificationServiceProvider, class com.almasb.fxgl.achievement.AchievementService, class com.almasb.fxgl.cutscene.CutsceneService, class com.almasb.fxgl.minigames.MiniGameService, class com.almasb.fxgl.net.NetService, class com.almasb.fxgl.app.services.UpdaterService, class com.almasb.fxgl.dev.DevService]
12:00:37.590 [FXGL Background Thread 2 ] DEBUG Engine               - fontGame: Abel-Regular.ttf
12:00:37.590 [FXGL Background Thread 2 ] DEBUG Engine               - fontMono: lucida_console.ttf
12:00:37.590 [FXGL Background Thread 2 ] DEBUG Engine               - fontText: Courier-Prime.ttf
12:00:37.590 [FXGL Background Thread 2 ] DEBUG Engine               - fontUI: VarelaRound-Regular.ttf
12:00:37.590 [FXGL Background Thread 2 ] DEBUG Engine               - fullScreen: BooleanProperty [value: false]
12:00:37.591 [FXGL Background Thread 2 ] DEBUG Engine               - gameDifficulty: MEDIUM
12:00:37.591 [FXGL Background Thread 2 ] DEBUG Engine               - gameDifficultyProperty: ObjectProperty [value: MEDIUM]
12:00:37.591 [FXGL Background Thread 2 ] DEBUG Engine               - globalMusicVolume: 0.5
12:00:37.591 [FXGL Background Thread 2 ] DEBUG Engine               - globalMusicVolumeProperty: DoubleProperty [value: 0.5]
12:00:37.592 [FXGL Background Thread 2 ] DEBUG Engine               - globalSoundVolume: 0.5
12:00:37.592 [FXGL Background Thread 2 ] DEBUG Engine               - globalSoundVolumeProperty: DoubleProperty [value: 0.5]
12:00:37.592 [FXGL Background Thread 2 ] DEBUG Engine               - height: 1080
12:00:37.592 [FXGL Background Thread 2 ] DEBUG Engine               - isAndroid: false
12:00:37.594 [FXGL Background Thread 2 ] DEBUG Engine               - isBrowser: false
12:00:37.594 [FXGL Background Thread 2 ] DEBUG Engine               - isClickFeedbackEnabled: false
12:00:37.595 [FXGL Background Thread 2 ] DEBUG Engine               - isCloseConfirmation: false
12:00:37.595 [FXGL Background Thread 2 ] DEBUG Engine               - isDesktop: true
12:00:37.595 [FXGL Background Thread 2 ] DEBUG Engine               - isDeveloperMenuEnabled: false
12:00:37.595 [FXGL Background Thread 2 ] DEBUG Engine               - isExperimentalNative: false
12:00:37.595 [FXGL Background Thread 2 ] DEBUG Engine               - isExperimentalTiledLargeMap: false
12:00:37.595 [FXGL Background Thread 2 ] DEBUG Engine               - isFullScreenAllowed: false
12:00:37.595 [FXGL Background Thread 2 ] DEBUG Engine               - isFullScreenFromStart: false
12:00:37.595 [FXGL Background Thread 2 ] DEBUG Engine               - isGameMenuEnabled: true
12:00:37.595 [FXGL Background Thread 2 ] DEBUG Engine               - isIOS: false
12:00:37.595 [FXGL Background Thread 2 ] DEBUG Engine               - isIntroEnabled: false
12:00:37.596 [FXGL Background Thread 2 ] DEBUG Engine               - isLinux: true
12:00:37.596 [FXGL Background Thread 2 ] DEBUG Engine               - isMac: false
12:00:37.596 [FXGL Background Thread 2 ] DEBUG Engine               - isMainMenuEnabled: false
12:00:37.596 [FXGL Background Thread 2 ] DEBUG Engine               - isManualResizeEnabled: false
12:00:37.596 [FXGL Background Thread 2 ] DEBUG Engine               - isMobile: false
12:00:37.596 [FXGL Background Thread 2 ] DEBUG Engine               - isPreserveResizeRatio: false
12:00:37.596 [FXGL Background Thread 2 ] DEBUG Engine               - isProfilingEnabled: false
12:00:37.596 [FXGL Background Thread 2 ] DEBUG Engine               - isSingleStep: false
12:00:37.597 [FXGL Background Thread 2 ] DEBUG Engine               - isUserProfileEnabled: false
12:00:37.597 [FXGL Background Thread 2 ] DEBUG Engine               - isWindows: false
12:00:37.597 [FXGL Background Thread 2 ] DEBUG Engine               - language: ObjectProperty [value: ENGLISH]
12:00:37.597 [FXGL Background Thread 2 ] DEBUG Engine               - mainWindow: com.almasb.fxgl.app.MainWindow@753d9367
12:00:37.597 [FXGL Background Thread 2 ] DEBUG Engine               - menuKey: ESCAPE
12:00:37.597 [FXGL Background Thread 2 ] DEBUG Engine               - notificationViewClass: class com.almasb.fxgl.notification.view.XboxNotificationView
12:00:37.597 [FXGL Background Thread 2 ] DEBUG Engine               - pixelsPerMeter: 50.0
12:00:37.597 [FXGL Background Thread 2 ] DEBUG Engine               - platform: LINUX
12:00:37.598 [FXGL Background Thread 2 ] DEBUG Engine               - profileDir: profiles/
12:00:37.598 [FXGL Background Thread 2 ] DEBUG Engine               - profileName: StringProperty [value: DEFAULT]
12:00:37.598 [FXGL Background Thread 2 ] DEBUG Engine               - randomSeed: -1
12:00:37.598 [FXGL Background Thread 2 ] DEBUG Engine               - runtimeInfo: RuntimeInfo(platform=LINUX, version=11.9, build=27.05.2020 17.06)
12:00:37.598 [FXGL Background Thread 2 ] DEBUG Engine               - saveFileExt: sav
12:00:37.599 [FXGL Background Thread 2 ] DEBUG Engine               - sceneFactory: com.almasb.fxgl.app.scene.SceneFactory@71020918
12:00:37.599 [FXGL Background Thread 2 ] DEBUG Engine               - secondsIn24h: 60
12:00:37.599 [FXGL Background Thread 2 ] DEBUG Engine               - settings: Title: Brick Breaker
Version: 0.2
Width: 1920
Height: 1080
Fullscreen: false
Intro: false
Profiling: false
Single step:false
App Mode: DEVELOPER
Menu Key: ESCAPE
Stage Style: DECORATED
Scene Factory: class com.almasb.fxgl.app.scene.SceneFactory

12:00:37.599 [FXGL Background Thread 2 ] DEBUG Engine               - soundMenuBack: menu/back.wav
12:00:37.599 [FXGL Background Thread 2 ] DEBUG Engine               - soundMenuPress: menu/press.wav
12:00:37.599 [FXGL Background Thread 2 ] DEBUG Engine               - soundMenuSelect: menu/select.wav
12:00:37.599 [FXGL Background Thread 2 ] DEBUG Engine               - soundNotification: core/notification.wav
12:00:37.599 [FXGL Background Thread 2 ] DEBUG Engine               - stageStyle: DECORATED
12:00:37.599 [FXGL Background Thread 2 ] DEBUG Engine               - supportedLanguages: [ENGLISH, FRENCH, GERMAN, HUNGARIAN, RUSSIAN]
12:00:37.600 [FXGL Background Thread 2 ] DEBUG Engine               - title: Brick Breaker
12:00:37.600 [FXGL Background Thread 2 ] DEBUG Engine               - urlGithub: https://github.com/AlmasB/FXGL
12:00:37.600 [FXGL Background Thread 2 ] DEBUG Engine               - urlLeaderboard: http://fxgl-top.herokuapp.com/
12:00:37.600 [FXGL Background Thread 2 ] DEBUG Engine               - urlPOM: https://raw.githubusercontent.com/AlmasB/FXGL/master/pom.xml
12:00:37.600 [FXGL Background Thread 2 ] DEBUG Engine               - version: 0.2
12:00:37.601 [FXGL Background Thread 2 ] DEBUG Engine               - versionCheckDays: 7
12:00:37.601 [FXGL Background Thread 2 ] DEBUG Engine               - width: 1920
12:00:37.601 [FXGL Background Thread 2 ] DEBUG Engine               - Logging services
12:00:37.601 [FXGL Background Thread 2 ] DEBUG Engine               - class com.almasb.fxgl.app.GameApplication$GameApplicationService
12:00:37.601 [FXGL Background Thread 2 ] DEBUG Engine               - class com.almasb.fxgl.app.services.WindowService
12:00:37.601 [FXGL Background Thread 2 ] DEBUG Engine               - class com.almasb.fxgl.app.services.FXGLDialogService
12:00:37.602 [FXGL Background Thread 2 ] DEBUG Engine               - class com.almasb.fxgl.app.services.IOTaskExecutorService
12:00:37.602 [FXGL Background Thread 2 ] DEBUG Engine               - class com.almasb.fxgl.event.EventBusService
12:00:37.602 [FXGL Background Thread 2 ] DEBUG Engine               - class com.almasb.fxgl.io.FileSystemService
12:00:37.602 [FXGL Background Thread 2 ] DEBUG Engine               - class com.almasb.fxgl.localization.LocalizationService
12:00:37.602 [FXGL Background Thread 2 ] DEBUG Engine               - class com.almasb.fxgl.app.services.AssetLoaderService
12:00:37.602 [FXGL Background Thread 2 ] DEBUG Engine               - class com.almasb.fxgl.app.services.SystemBundleService
12:00:37.602 [FXGL Background Thread 2 ] DEBUG Engine               - class com.almasb.fxgl.profile.SaveLoadService
12:00:37.602 [FXGL Background Thread 2 ] DEBUG Engine               - class com.almasb.fxgl.ui.FXGLUIFactoryServiceProvider
12:00:37.602 [FXGL Background Thread 2 ] DEBUG Engine               - class com.almasb.fxgl.ui.FXGLDialogFactoryServiceProvider
12:00:37.602 [FXGL Background Thread 2 ] DEBUG Engine               - class com.almasb.fxgl.audio.AudioPlayer
12:00:37.603 [FXGL Background Thread 2 ] DEBUG Engine               - class com.almasb.fxgl.notification.impl.NotificationServiceProvider
12:00:37.603 [FXGL Background Thread 2 ] DEBUG Engine               - class com.almasb.fxgl.achievement.AchievementService
12:00:37.603 [FXGL Background Thread 2 ] DEBUG Engine               - class com.almasb.fxgl.cutscene.CutsceneService
12:00:37.603 [FXGL Background Thread 2 ] DEBUG Engine               - class com.almasb.fxgl.minigames.MiniGameService
12:00:37.603 [FXGL Background Thread 2 ] DEBUG Engine               - class com.almasb.fxgl.net.NetService
12:00:37.603 [FXGL Background Thread 2 ] DEBUG Engine               - class com.almasb.fxgl.app.services.UpdaterService
12:00:37.604 [FXGL Background Thread 2 ] DEBUG Engine               - class com.almasb.fxgl.dev.DevService
12:00:37.676 [JavaFX Application Thread] DEBUG LoopRunner           - Stopping loop
12:00:37.677 [JavaFX Application Thread] FATAL GameApplication      - Uncaught Exception:

Fatal exception occurred: com.almasb.fxgl.core.reflect.ReflectionException : Cannot call newPowerupSpawnMutliBall Error: java.lang.reflect.InvocationTargetException
E: com.almasb.fxgl.core.reflect.ReflectionUtils.call(ReflectionUtils.java:106)
E: com.almasb.fxgl.core.reflect.ReflectionUtils.lambda$mapToFunction$3(ReflectionUtils.java:111)
E: com.almasb.fxgl.entity.GameWorld$create$2.invoke(GameWorld.kt:402)
E: com.almasb.fxgl.entity.GameWorld$create$2.invoke(GameWorld.kt:35)
E: com.almasb.fxgl.core.util.DSLKt.tryCatchRoot(DSL.kt:34)
E: com.almasb.fxgl.entity.GameWorld.create(GameWorld.kt:402)
E: com.almasb.fxgl.entity.GameWorld.spawn(GameWorld.kt:375)
E: com.almasb.fxgl.entity.GameWorld.spawn(GameWorld.kt:363)
E: com.almasb.fxgl.dsl.FXGLForKtKt.spawn(FXGLForKt.kt:159)
E: ly.unnecessary.frontend.Application.lambda$2(Application.java:137)
E: com.almasb.fxgl.dsl.handlers.CollectibleHandler.onCollisionBegin(CollectibleHandler.kt:31)
E: com.almasb.fxgl.physics.CollisionPair.collisionBegin(CollisionPair.java:37)
E: com.almasb.fxgl.physics.PhysicsWorld.collisionBeginFor(PhysicsWorld.java:482)
E: com.almasb.fxgl.physics.PhysicsWorld.checkCollisions(PhysicsWorld.java:436)
E: com.almasb.fxgl.physics.PhysicsWorld.onUpdate(PhysicsWorld.java:181)
E: com.almasb.fxgl.app.scene.GameScene.step(GameScene.kt:116)
E: com.almasb.fxgl.app.scene.GameScene.onUpdate(GameScene.kt:111)
E: com.almasb.fxgl.scene.Scene.update(Scene.kt:75)
E: com.almasb.fxgl.app.MainWindow$update$1.invoke(MainWindow.kt:209)
E: com.almasb.fxgl.app.MainWindow$update$1.invoke(MainWindow.kt:39)
E: com.almasb.fxgl.core.fsm.StateMachine.runOnActiveStates(StateMachine.kt:60)
E: com.almasb.fxgl.app.MainWindow.update(MainWindow.kt:209)
E: com.almasb.fxgl.app.services.WindowService.onUpdate(WindowService.kt:123)
E: com.almasb.fxgl.app.Engine.loop(Engine.kt:135)
E: com.almasb.fxgl.app.Engine.access$loop(Engine.kt:25)
E: com.almasb.fxgl.app.Engine$loop$1.invoke(Engine.kt:29)
E: com.almasb.fxgl.app.Engine$loop$1.invoke(Engine.kt:25)
E: com.almasb.fxgl.app.LoopRunner.frame(LoopRunner.kt:86)
E: com.almasb.fxgl.app.LoopRunner.access$frame(LoopRunner.kt:17)
E: com.almasb.fxgl.app.LoopRunner$impl$2$1.handle(LoopRunner.kt:37)
E: javafx.animation.AnimationTimer$AnimationTimerReceiver.lambda$handle$0(AnimationTimer.java:57)
E: java.base/java.security.AccessController.doPrivileged(AccessController.java:391)
E: javafx.animation.AnimationTimer$AnimationTimerReceiver.handle(AnimationTimer.java:56)
E: com.sun.scenario.animation.AbstractMasterTimer.timePulseImpl(AbstractMasterTimer.java:357)
E: com.sun.scenario.animation.AbstractMasterTimer$MainLoop.run(AbstractMasterTimer.java:267)
E: com.sun.javafx.tk.quantum.QuantumToolkit.pulse(QuantumToolkit.java:515)
E: com.sun.javafx.tk.quantum.QuantumToolkit.pulse(QuantumToolkit.java:499)
E: com.sun.javafx.tk.quantum.QuantumToolkit.pulseFromQueue(QuantumToolkit.java:492)
E: com.sun.javafx.tk.quantum.QuantumToolkit.lambda$runToolkit$11(QuantumToolkit.java:320)
E: com.sun.glass.ui.InvokeLaterDispatcher$Future.run(InvokeLaterDispatcher.java:96)
E: com.sun.glass.ui.gtk.GtkApplication._runLoop(Native Method)
E: com.sun.glass.ui.gtk.GtkApplication.lambda$runLoop$11(GtkApplication.java:277)
E: java.base/java.lang.Thread.run(Thread.java:832)

12:00:37.677 [JavaFX Application Thread] FATAL GameApplication      - Application will now exit
12:00:37.688 [JavaFX Application Thread] DEBUG MainWindow           - Push state: ErrorSubScene
12:00:37.688 [JavaFX Application Thread] DEBUG Input                - Clearing active input actions
12:00:37.696 [JavaFX Application Thread] DEBUG WindowService        - Removing overlay from GameScene and adding to ErrorSubScene
12:00:37.698 [JavaFX Application Thread] DEBUG MainWindow           - GameScene -> ErrorSubScene
12:00:48.695 [JavaFX Application Thread] DEBUG GameApplication      - Exiting FXGL
12:00:48.695 [JavaFX Application Thread] DEBUG GameApplication      - Shutting down background threads
12:00:48.696 [JavaFX Application Thread] DEBUG GameApplication      - Closing logger and exiting JavaFX
