14:30:12.647 [main                     ] DEBUG GameApplication      - Logger initialized
14:30:12.657 [main                     ] DEBUG GameApplication      - Logging settings
Title: Brick Breaker
Version: 0.2
Width: 1920
Height: 1080
Fullscreen: false
Intro: false
Profiling: false
Single step:false
App Mode: DEVELOPER
Menu Key: ESCAPE
Stage Style: DECORATED
Scene Factory: class com.almasb.fxgl.app.scene.SceneFactory

14:30:12.883 [JavaFX Application Thread] DEBUG GameApplication      - Initializing FXGL
14:30:12.888 [JavaFX Application Thread] INFO  Engine               - FXGL-11.9 (27.05.2020 17.06) on LINUX (J:15-ea FX:11)
14:30:12.888 [JavaFX Application Thread] DEBUG Engine               - JRE Vendor Name: Oracle Corporation
14:30:12.888 [JavaFX Application Thread] DEBUG Engine               - Running on OS: Linux version 5.7.7-arch1-1
14:30:12.888 [JavaFX Application Thread] DEBUG Engine               - Architecture: amd64
14:30:12.888 [JavaFX Application Thread] INFO  Engine               - Source code and latest versions at: https://github.com/AlmasB/FXGL
14:30:12.889 [JavaFX Application Thread] INFO  Engine               -              Join the FXGL chat at: https://gitter.im/AlmasB/FXGL
14:30:12.982 [JavaFX Application Thread] DEBUG MainWindow           - Creating a JavaFX scene
14:30:13.025 [JavaFX Application Thread] DEBUG MainWindow           - Target settings size: 1920.0 x 1080.0
14:30:13.026 [JavaFX Application Thread] DEBUG MainWindow           - Scaled scene size:    1920.0 x 1080.0
14:30:13.026 [JavaFX Application Thread] DEBUG MainWindow           - Scaled ratio: (1.0, 1.0)
14:30:13.027 [JavaFX Application Thread] DEBUG MainWindow           - Set initial scene to FXGLStartupScene
14:30:13.031 [JavaFX Application Thread] DEBUG MainWindow           - Opening main window
14:30:13.058 [JavaFX Application Thread] DEBUG MainWindow           - Window border size: (2.0, 29.0)
14:30:13.058 [JavaFX Application Thread] DEBUG MainWindow           - Scaled size: 1920.0 x 1080.0
14:30:13.058 [JavaFX Application Thread] DEBUG MainWindow           - Scaled ratio: (1.0, 1.0)
14:30:13.058 [JavaFX Application Thread] DEBUG MainWindow           - Scene size: 1920.0 x 1080.0
14:30:13.059 [JavaFX Application Thread] DEBUG MainWindow           - Stage size: 1922.0 x 1109.0
14:30:13.065 [FXGL Background Thread 1 ] DEBUG Engine               - Initializing environment variables
14:30:13.091 [FXGL Background Thread 1 ] DEBUG WindowService        - Applying CSS: fxgl_dark.css
14:30:13.092 [FXGL Background Thread 1 ] DEBUG AssetLoaderService   - Loading from file system: /assets/ui/css/fxgl_dark.css
14:30:13.221 [FXGL Background Thread 1 ] DEBUG WindowService        - Initializing application scenes
14:30:13.326 [FXGL Background Thread 1 ] DEBUG GameWorld            - Game world initialized
14:30:13.433 [FXGL Background Thread 1 ] DEBUG PhysicsWorld         - Physics world initialized: appHeight=1080, physics.ppm=50,0
14:30:13.442 [FXGL Background Thread 1 ] DEBUG GameScene            - Game scene initialized: 1920x1080
14:30:13.526 [FXGL Background Thread 1 ] DEBUG AssetLoaderService   - Loading from file system: /assets/textures/particles/trace_horizontal.png
14:30:13.644 [FXGL Background Thread 1 ] DEBUG FXGL.DefaultMenu     - createMenuBodyGameMenu()
14:30:13.689 [FXGL Background Thread 1 ] DEBUG FXGL.DefaultMenu     - createOptionsMenu()
14:30:13.698 [FXGL Background Thread 1 ] DEBUG AssetLoaderService   - Loading from file system: /assets/textures/particles/smoke.png
14:30:13.787 [FXGL Background Thread 1 ] DEBUG WindowService        - Application scenes initialized
14:30:13.822 [FXGL Background Thread 1 ] DEBUG SystemBundleService  - Loading FXGL system data
14:30:13.827 [FXGL Background Thread 1 ] DEBUG FileSystemAccess     - Reading from: /home/danny/Repos/unnecessary.ly-frontend-javafx/system/fxgl.bundle
14:30:13.845 [FXGL Background Thread 1 ] DEBUG SystemBundleService  - Bundle FXGL: {}
14:30:13.847 [FXGL Background Thread 1 ] INFO  Engine               - FXGL initialization took: 0,778 sec
14:30:13.853 [FXGL Background Thread 1 ] DEBUG GameApplication      - Loading localizations
14:30:13.855 [FXGL Background Thread 1 ] DEBUG AssetLoaderService   - Loading from file system: /assets/languages/english.lang
14:30:13.881 [FXGL Background Thread 1 ] DEBUG AssetLoaderService   - Loading from file system: /assets/languages/french.lang
14:30:13.887 [FXGL Background Thread 1 ] DEBUG AssetLoaderService   - Loading from file system: /assets/languages/german.lang
14:30:13.892 [FXGL Background Thread 1 ] DEBUG AssetLoaderService   - Loading from file system: /assets/languages/hungarian.lang
14:30:13.897 [FXGL Background Thread 1 ] DEBUG AssetLoaderService   - Loading from file system: /assets/languages/russian.lang
14:30:13.902 [FXGL Background Thread 1 ] DEBUG GameApplication      - Registering font factories with UI factory
14:30:13.903 [FXGL Background Thread 1 ] DEBUG AssetLoaderService   - Loading from file system: /assets/ui/fonts/VarelaRound-Regular.ttf
14:30:13.923 [FXGL Background Thread 1 ] DEBUG AssetLoaderService   - Loading from file system: /assets/ui/fonts/Abel-Regular.ttf
14:30:13.927 [FXGL Background Thread 1 ] DEBUG AssetLoaderService   - Loading from file system: /assets/ui/fonts/lucida_console.ttf
14:30:13.932 [FXGL Background Thread 1 ] DEBUG AssetLoaderService   - Loading from file system: /assets/ui/fonts/Courier-Prime.ttf
14:30:13.941 [JavaFX Application Thread] DEBUG AssetLoaderService   - Loading from file system: /assets/textures/fxgl_icon.png
14:30:13.964 [JavaFX Application Thread] DEBUG AssetLoaderService   - Loading from file system: /assets/ui/cursors/fxgl_default.png
14:30:13.971 [JavaFX Application Thread] DEBUG Input                - Registered new binding: Screenshot - P
14:30:13.972 [JavaFX Application Thread] DEBUG Input                - Registered new binding: System info dump - CTRL+9
14:30:13.972 [JavaFX Application Thread] DEBUG Input                - Registered new binding: Restart - CTRL+R
14:30:13.973 [JavaFX Application Thread] DEBUG LoopRunner           - Starting loop
14:30:13.980 [JavaFX Application Thread] DEBUG FXGLStartupScene     - STARTUP
14:30:13.981 [JavaFX Application Thread] DEBUG WindowService        - Starting new game
14:30:13.983 [JavaFX Application Thread] DEBUG Input                - Clearing active input actions
14:30:13.992 [JavaFX Application Thread] DEBUG WindowService        - Removing overlay from FXGLStartupScene and adding to FXGLLoadingScene
14:30:13.993 [JavaFX Application Thread] DEBUG MainWindow           - FXGLStartupScene -> FXGLLoadingScene
14:30:13.993 [JavaFX Application Thread] DEBUG WindowService        - Clearing previous game
14:30:13.993 [JavaFX Application Thread] DEBUG GameScene            - Clearing game scene
14:30:13.994 [JavaFX Application Thread] DEBUG GameWorld            - Clearing game world
14:30:13.994 [JavaFX Application Thread] DEBUG PhysicsWorld         - Clearing physics world
14:30:13.998 [FXGL Background Thread 1 ] DEBUG GameApplication      - Initializing game
14:30:14.016 [FXGL Background Thread 1 ] DEBUG AssetLoaderService   - Loading from file system: /assets/textures/brick.png
14:30:14.019 [FXGL Background Thread 1 ] DEBUG AssetLoaderService   - Loading from cache: /assets/textures/brick.png
14:30:14.020 [FXGL Background Thread 1 ] DEBUG AssetLoaderService   - Loading from cache: /assets/textures/brick.png
14:30:14.021 [FXGL Background Thread 1 ] DEBUG AssetLoaderService   - Loading from cache: /assets/textures/brick.png
14:30:14.022 [FXGL Background Thread 1 ] DEBUG AssetLoaderService   - Loading from cache: /assets/textures/brick.png
14:30:14.023 [FXGL Background Thread 1 ] DEBUG AssetLoaderService   - Loading from cache: /assets/textures/brick.png
14:30:14.024 [FXGL Background Thread 1 ] DEBUG AssetLoaderService   - Loading from cache: /assets/textures/brick.png
14:30:14.024 [FXGL Background Thread 1 ] DEBUG AssetLoaderService   - Loading from cache: /assets/textures/brick.png
14:30:14.025 [FXGL Background Thread 1 ] DEBUG AssetLoaderService   - Loading from cache: /assets/textures/brick.png
14:30:14.026 [FXGL Background Thread 1 ] DEBUG AssetLoaderService   - Loading from cache: /assets/textures/brick.png
14:30:14.026 [FXGL Background Thread 1 ] DEBUG AssetLoaderService   - Loading from cache: /assets/textures/brick.png
14:30:14.027 [FXGL Background Thread 1 ] DEBUG AssetLoaderService   - Loading from cache: /assets/textures/brick.png
14:30:14.028 [FXGL Background Thread 1 ] DEBUG AssetLoaderService   - Loading from cache: /assets/textures/brick.png
14:30:14.028 [FXGL Background Thread 1 ] DEBUG AssetLoaderService   - Loading from cache: /assets/textures/brick.png
14:30:14.029 [FXGL Background Thread 1 ] DEBUG AssetLoaderService   - Loading from cache: /assets/textures/brick.png
14:30:14.030 [FXGL Background Thread 1 ] DEBUG AssetLoaderService   - Loading from cache: /assets/textures/brick.png
14:30:14.031 [FXGL Background Thread 1 ] DEBUG AssetLoaderService   - Loading from cache: /assets/textures/brick.png
14:30:14.031 [FXGL Background Thread 1 ] DEBUG AssetLoaderService   - Loading from cache: /assets/textures/brick.png
14:30:14.032 [FXGL Background Thread 1 ] DEBUG AssetLoaderService   - Loading from cache: /assets/textures/brick.png
14:30:14.033 [FXGL Background Thread 1 ] DEBUG AssetLoaderService   - Loading from cache: /assets/textures/brick.png
14:30:14.033 [FXGL Background Thread 1 ] DEBUG AssetLoaderService   - Loading from cache: /assets/textures/brick.png
14:30:14.034 [FXGL Background Thread 1 ] DEBUG AssetLoaderService   - Loading from cache: /assets/textures/brick.png
14:30:14.035 [FXGL Background Thread 1 ] DEBUG AssetLoaderService   - Loading from cache: /assets/textures/brick.png
14:30:14.035 [FXGL Background Thread 1 ] DEBUG AssetLoaderService   - Loading from cache: /assets/textures/brick.png
14:30:14.036 [FXGL Background Thread 1 ] DEBUG AssetLoaderService   - Loading from cache: /assets/textures/brick.png
14:30:14.036 [FXGL Background Thread 1 ] DEBUG AssetLoaderService   - Loading from cache: /assets/textures/brick.png
14:30:14.037 [FXGL Background Thread 1 ] DEBUG AssetLoaderService   - Loading from cache: /assets/textures/brick.png
14:30:14.037 [FXGL Background Thread 1 ] DEBUG AssetLoaderService   - Loading from cache: /assets/textures/brick.png
14:30:14.038 [FXGL Background Thread 1 ] DEBUG AssetLoaderService   - Loading from cache: /assets/textures/brick.png
14:30:14.038 [FXGL Background Thread 1 ] DEBUG AssetLoaderService   - Loading from cache: /assets/textures/brick.png
14:30:14.039 [FXGL Background Thread 1 ] DEBUG AssetLoaderService   - Loading from cache: /assets/textures/brick.png
14:30:14.039 [FXGL Background Thread 1 ] DEBUG AssetLoaderService   - Loading from cache: /assets/textures/brick.png
14:30:14.040 [FXGL Background Thread 1 ] DEBUG AssetLoaderService   - Loading from cache: /assets/textures/brick.png
14:30:14.040 [FXGL Background Thread 1 ] DEBUG AssetLoaderService   - Loading from cache: /assets/textures/brick.png
14:30:14.041 [FXGL Background Thread 1 ] DEBUG AssetLoaderService   - Loading from cache: /assets/textures/brick.png
14:30:14.041 [FXGL Background Thread 1 ] DEBUG AssetLoaderService   - Loading from cache: /assets/textures/brick.png
14:30:14.042 [FXGL Background Thread 1 ] DEBUG AssetLoaderService   - Loading from cache: /assets/textures/brick.png
14:30:14.043 [FXGL Background Thread 1 ] DEBUG AssetLoaderService   - Loading from cache: /assets/textures/brick.png
14:30:14.043 [FXGL Background Thread 1 ] DEBUG AssetLoaderService   - Loading from cache: /assets/textures/brick.png
14:30:14.044 [FXGL Background Thread 1 ] DEBUG AssetLoaderService   - Loading from cache: /assets/textures/brick.png
14:30:14.044 [FXGL Background Thread 1 ] DEBUG AssetLoaderService   - Loading from cache: /assets/textures/brick.png
14:30:14.045 [FXGL Background Thread 1 ] DEBUG AssetLoaderService   - Loading from cache: /assets/textures/brick.png
14:30:14.067 [FXGL Background Thread 1 ] INFO  GameApplication      - Game initialization took: 0,069 sec
14:30:14.067 [JavaFX Application Thread] DEBUG Input                - Clearing active input actions
14:30:14.097 [JavaFX Application Thread] DEBUG WindowService        - Removing overlay from FXGLLoadingScene and adding to GameScene
14:30:14.098 [JavaFX Application Thread] DEBUG MainWindow           - FXGLLoadingScene -> GameScene
14:30:16.850 [FXGL Background Thread 2 ] DEBUG Engine               - Logging environment variables
14:30:16.852 [FXGL Background Thread 2 ] DEBUG Engine               - achievements: []
14:30:16.853 [FXGL Background Thread 2 ] DEBUG Engine               - appIcon: fxgl_icon.png
14:30:16.854 [FXGL Background Thread 2 ] DEBUG Engine               - applicationMode: DEVELOPER
14:30:16.854 [FXGL Background Thread 2 ] DEBUG Engine               - cSSList: [fxgl_dark.css]
14:30:16.855 [FXGL Background Thread 2 ] DEBUG Engine               - configClass: Optional.empty
14:30:16.855 [FXGL Background Thread 2 ] DEBUG Engine               - credits: []
14:30:16.856 [FXGL Background Thread 2 ] DEBUG Engine               - devBBoxColorProperty: ObjectProperty [value: 0xff0000ff]
14:30:16.856 [FXGL Background Thread 2 ] DEBUG Engine               - devSensorColorProperty: ObjectProperty [value: 0xffff00ff]
14:30:16.856 [FXGL Background Thread 2 ] DEBUG Engine               - devShowBBoxProperty: BooleanProperty [value: false]
14:30:16.856 [FXGL Background Thread 2 ] DEBUG Engine               - devShowPositionProperty: BooleanProperty [value: false]
14:30:16.856 [FXGL Background Thread 2 ] DEBUG Engine               - enabledMenuItems: []
14:30:16.856 [FXGL Background Thread 2 ] DEBUG Engine               - engineServices: [class com.almasb.fxgl.app.GameApplication$GameApplicationService, class com.almasb.fxgl.app.services.WindowService, class com.almasb.fxgl.app.services.FXGLDialogService, class com.almasb.fxgl.app.services.IOTaskExecutorService, class com.almasb.fxgl.event.EventBusService, class com.almasb.fxgl.io.FileSystemService, class com.almasb.fxgl.localization.LocalizationService, class com.almasb.fxgl.app.services.AssetLoaderService, class com.almasb.fxgl.app.services.SystemBundleService, class com.almasb.fxgl.profile.SaveLoadService, class com.almasb.fxgl.ui.FXGLUIFactoryServiceProvider, class com.almasb.fxgl.ui.FXGLDialogFactoryServiceProvider, class com.almasb.fxgl.audio.AudioPlayer, class com.almasb.fxgl.notification.impl.NotificationServiceProvider, class com.almasb.fxgl.achievement.AchievementService, class com.almasb.fxgl.cutscene.CutsceneService, class com.almasb.fxgl.minigames.MiniGameService, class com.almasb.fxgl.net.NetService, class com.almasb.fxgl.app.services.UpdaterService, class com.almasb.fxgl.dev.DevService]
14:30:16.857 [FXGL Background Thread 2 ] DEBUG Engine               - fontGame: Abel-Regular.ttf
14:30:16.857 [FXGL Background Thread 2 ] DEBUG Engine               - fontMono: lucida_console.ttf
14:30:16.857 [FXGL Background Thread 2 ] DEBUG Engine               - fontText: Courier-Prime.ttf
14:30:16.857 [FXGL Background Thread 2 ] DEBUG Engine               - fontUI: VarelaRound-Regular.ttf
14:30:16.857 [FXGL Background Thread 2 ] DEBUG Engine               - fullScreen: BooleanProperty [value: false]
14:30:16.857 [FXGL Background Thread 2 ] DEBUG Engine               - gameDifficulty: MEDIUM
14:30:16.858 [FXGL Background Thread 2 ] DEBUG Engine               - gameDifficultyProperty: ObjectProperty [value: MEDIUM]
14:30:16.858 [FXGL Background Thread 2 ] DEBUG Engine               - globalMusicVolume: 0.5
14:30:16.858 [FXGL Background Thread 2 ] DEBUG Engine               - globalMusicVolumeProperty: DoubleProperty [value: 0.5]
14:30:16.858 [FXGL Background Thread 2 ] DEBUG Engine               - globalSoundVolume: 0.5
14:30:16.858 [FXGL Background Thread 2 ] DEBUG Engine               - globalSoundVolumeProperty: DoubleProperty [value: 0.5]
14:30:16.858 [FXGL Background Thread 2 ] DEBUG Engine               - height: 1080
14:30:16.858 [FXGL Background Thread 2 ] DEBUG Engine               - isAndroid: false
14:30:16.858 [FXGL Background Thread 2 ] DEBUG Engine               - isBrowser: false
14:30:16.859 [FXGL Background Thread 2 ] DEBUG Engine               - isClickFeedbackEnabled: false
14:30:16.859 [FXGL Background Thread 2 ] DEBUG Engine               - isCloseConfirmation: false
14:30:16.859 [FXGL Background Thread 2 ] DEBUG Engine               - isDesktop: true
14:30:16.859 [FXGL Background Thread 2 ] DEBUG Engine               - isDeveloperMenuEnabled: false
14:30:16.859 [FXGL Background Thread 2 ] DEBUG Engine               - isExperimentalNative: false
14:30:16.859 [FXGL Background Thread 2 ] DEBUG Engine               - isExperimentalTiledLargeMap: false
14:30:16.859 [FXGL Background Thread 2 ] DEBUG Engine               - isFullScreenAllowed: false
14:30:16.859 [FXGL Background Thread 2 ] DEBUG Engine               - isFullScreenFromStart: false
14:30:16.860 [FXGL Background Thread 2 ] DEBUG Engine               - isGameMenuEnabled: true
14:30:16.860 [FXGL Background Thread 2 ] DEBUG Engine               - isIOS: false
14:30:16.860 [FXGL Background Thread 2 ] DEBUG Engine               - isIntroEnabled: false
14:30:16.860 [FXGL Background Thread 2 ] DEBUG Engine               - isLinux: true
14:30:16.860 [FXGL Background Thread 2 ] DEBUG Engine               - isMac: false
14:30:16.860 [FXGL Background Thread 2 ] DEBUG Engine               - isMainMenuEnabled: false
14:30:16.860 [FXGL Background Thread 2 ] DEBUG Engine               - isManualResizeEnabled: false
14:30:16.860 [FXGL Background Thread 2 ] DEBUG Engine               - isMobile: false
14:30:16.860 [FXGL Background Thread 2 ] DEBUG Engine               - isPreserveResizeRatio: false
14:30:16.861 [FXGL Background Thread 2 ] DEBUG Engine               - isProfilingEnabled: false
14:30:16.861 [FXGL Background Thread 2 ] DEBUG Engine               - isSingleStep: false
14:30:16.861 [FXGL Background Thread 2 ] DEBUG Engine               - isUserProfileEnabled: false
14:30:16.861 [FXGL Background Thread 2 ] DEBUG Engine               - isWindows: false
14:30:16.861 [FXGL Background Thread 2 ] DEBUG Engine               - language: ObjectProperty [value: ENGLISH]
14:30:16.861 [FXGL Background Thread 2 ] DEBUG Engine               - mainWindow: com.almasb.fxgl.app.MainWindow@227db7ac
14:30:16.862 [FXGL Background Thread 2 ] DEBUG Engine               - menuKey: ESCAPE
14:30:16.862 [FXGL Background Thread 2 ] DEBUG Engine               - notificationViewClass: class com.almasb.fxgl.notification.view.XboxNotificationView
14:30:16.862 [FXGL Background Thread 2 ] DEBUG Engine               - pixelsPerMeter: 50.0
14:30:16.862 [FXGL Background Thread 2 ] DEBUG Engine               - platform: LINUX
14:30:16.862 [FXGL Background Thread 2 ] DEBUG Engine               - profileDir: profiles/
14:30:16.862 [FXGL Background Thread 2 ] DEBUG Engine               - profileName: StringProperty [value: DEFAULT]
14:30:16.862 [FXGL Background Thread 2 ] DEBUG Engine               - randomSeed: -1
14:30:16.862 [FXGL Background Thread 2 ] DEBUG Engine               - runtimeInfo: RuntimeInfo(platform=LINUX, version=11.9, build=27.05.2020 17.06)
14:30:16.862 [FXGL Background Thread 2 ] DEBUG Engine               - saveFileExt: sav
14:30:16.863 [FXGL Background Thread 2 ] DEBUG Engine               - sceneFactory: com.almasb.fxgl.app.scene.SceneFactory@2642373b
14:30:16.863 [FXGL Background Thread 2 ] DEBUG Engine               - secondsIn24h: 60
14:30:16.863 [FXGL Background Thread 2 ] DEBUG Engine               - settings: Title: Brick Breaker
Version: 0.2
Width: 1920
Height: 1080
Fullscreen: false
Intro: false
Profiling: false
Single step:false
App Mode: DEVELOPER
Menu Key: ESCAPE
Stage Style: DECORATED
Scene Factory: class com.almasb.fxgl.app.scene.SceneFactory

14:30:16.863 [FXGL Background Thread 2 ] DEBUG Engine               - soundMenuBack: menu/back.wav
14:30:16.863 [FXGL Background Thread 2 ] DEBUG Engine               - soundMenuPress: menu/press.wav
14:30:16.863 [FXGL Background Thread 2 ] DEBUG Engine               - soundMenuSelect: menu/select.wav
14:30:16.863 [FXGL Background Thread 2 ] DEBUG Engine               - soundNotification: core/notification.wav
14:30:16.863 [FXGL Background Thread 2 ] DEBUG Engine               - stageStyle: DECORATED
14:30:16.864 [FXGL Background Thread 2 ] DEBUG Engine               - supportedLanguages: [ENGLISH, FRENCH, GERMAN, HUNGARIAN, RUSSIAN]
14:30:16.864 [FXGL Background Thread 2 ] DEBUG Engine               - title: Brick Breaker
14:30:16.864 [FXGL Background Thread 2 ] DEBUG Engine               - urlGithub: https://github.com/AlmasB/FXGL
14:30:16.864 [FXGL Background Thread 2 ] DEBUG Engine               - urlLeaderboard: http://fxgl-top.herokuapp.com/
14:30:16.864 [FXGL Background Thread 2 ] DEBUG Engine               - urlPOM: https://raw.githubusercontent.com/AlmasB/FXGL/master/pom.xml
14:30:16.864 [FXGL Background Thread 2 ] DEBUG Engine               - version: 0.2
14:30:16.864 [FXGL Background Thread 2 ] DEBUG Engine               - versionCheckDays: 7
14:30:16.864 [FXGL Background Thread 2 ] DEBUG Engine               - width: 1920
14:30:16.864 [FXGL Background Thread 2 ] DEBUG Engine               - Logging services
14:30:16.864 [FXGL Background Thread 2 ] DEBUG Engine               - class com.almasb.fxgl.app.GameApplication$GameApplicationService
14:30:16.865 [FXGL Background Thread 2 ] DEBUG Engine               - class com.almasb.fxgl.app.services.WindowService
14:30:16.865 [FXGL Background Thread 2 ] DEBUG Engine               - class com.almasb.fxgl.app.services.FXGLDialogService
14:30:16.865 [FXGL Background Thread 2 ] DEBUG Engine               - class com.almasb.fxgl.app.services.IOTaskExecutorService
14:30:16.865 [FXGL Background Thread 2 ] DEBUG Engine               - class com.almasb.fxgl.event.EventBusService
14:30:16.865 [FXGL Background Thread 2 ] DEBUG Engine               - class com.almasb.fxgl.io.FileSystemService
14:30:16.865 [FXGL Background Thread 2 ] DEBUG Engine               - class com.almasb.fxgl.localization.LocalizationService
14:30:16.865 [FXGL Background Thread 2 ] DEBUG Engine               - class com.almasb.fxgl.app.services.AssetLoaderService
14:30:16.865 [FXGL Background Thread 2 ] DEBUG Engine               - class com.almasb.fxgl.app.services.SystemBundleService
14:30:16.865 [FXGL Background Thread 2 ] DEBUG Engine               - class com.almasb.fxgl.profile.SaveLoadService
14:30:16.866 [FXGL Background Thread 2 ] DEBUG Engine               - class com.almasb.fxgl.ui.FXGLUIFactoryServiceProvider
14:30:16.866 [FXGL Background Thread 2 ] DEBUG Engine               - class com.almasb.fxgl.ui.FXGLDialogFactoryServiceProvider
14:30:16.866 [FXGL Background Thread 2 ] DEBUG Engine               - class com.almasb.fxgl.audio.AudioPlayer
14:30:16.866 [FXGL Background Thread 2 ] DEBUG Engine               - class com.almasb.fxgl.notification.impl.NotificationServiceProvider
14:30:16.866 [FXGL Background Thread 2 ] DEBUG Engine               - class com.almasb.fxgl.achievement.AchievementService
14:30:16.866 [FXGL Background Thread 2 ] DEBUG Engine               - class com.almasb.fxgl.cutscene.CutsceneService
14:30:16.866 [FXGL Background Thread 2 ] DEBUG Engine               - class com.almasb.fxgl.minigames.MiniGameService
14:30:16.866 [FXGL Background Thread 2 ] DEBUG Engine               - class com.almasb.fxgl.net.NetService
14:30:16.866 [FXGL Background Thread 2 ] DEBUG Engine               - class com.almasb.fxgl.app.services.UpdaterService
14:30:16.867 [FXGL Background Thread 2 ] DEBUG Engine               - class com.almasb.fxgl.dev.DevService
14:30:47.038 [JavaFX Application Thread] DEBUG GameApplication      - Exiting FXGL
14:30:47.039 [JavaFX Application Thread] DEBUG LoopRunner           - Stopping loop
14:30:47.039 [JavaFX Application Thread] DEBUG SystemBundleService  - Saving FXGL system data
14:30:47.042 [JavaFX Application Thread] DEBUG FileSystemAccess     - Writing to: /home/danny/Repos/unnecessary.ly-frontend-javafx/system/fxgl.bundle
14:30:47.045 [JavaFX Application Thread] DEBUG GameApplication      - Shutting down background threads
14:30:47.046 [JavaFX Application Thread] DEBUG GameApplication      - Closing logger and exiting JavaFX
