14:26:05.680 [main                     ] DEBUG GameApplication      - Logger initialized
14:26:05.705 [main                     ] DEBUG GameApplication      - Logging settings
Title: Brick Breaker
Version: 0.2
Width: 1920
Height: 1080
Fullscreen: false
Intro: false
Profiling: false
Single step:false
App Mode: DEVELOPER
Menu Key: ESCAPE
Stage Style: DECORATED
Scene Factory: class com.almasb.fxgl.app.scene.SceneFactory

14:26:06.218 [JavaFX Application Thread] DEBUG GameApplication      - Initializing FXGL
14:26:06.232 [JavaFX Application Thread] INFO  Engine               - FXGL-11.9 (27.05.2020 17.06) on WINDOWS (J:14.0.1 FX:11)
14:26:06.233 [JavaFX Application Thread] DEBUG Engine               - JRE Vendor Name: Oracle Corporation
14:26:06.233 [JavaFX Application Thread] DEBUG Engine               - Running on OS: Windows 10 version 10.0
14:26:06.233 [JavaFX Application Thread] DEBUG Engine               - Architecture: amd64
14:26:06.233 [JavaFX Application Thread] INFO  Engine               - Source code and latest versions at: https://github.com/AlmasB/FXGL
14:26:06.234 [JavaFX Application Thread] INFO  Engine               -              Join the FXGL chat at: https://gitter.im/AlmasB/FXGL
14:26:06.497 [JavaFX Application Thread] DEBUG MainWindow           - Creating a JavaFX scene
14:26:06.615 [JavaFX Application Thread] DEBUG MainWindow           - Target settings size: 1920.0 x 1080.0
14:26:06.616 [JavaFX Application Thread] DEBUG MainWindow           - Scaled scene size:    1920.0 x 1080.0
14:26:06.616 [JavaFX Application Thread] DEBUG MainWindow           - Scaled ratio: (1.0, 1.0)
14:26:06.617 [JavaFX Application Thread] DEBUG MainWindow           - Set initial scene to FXGLStartupScene
14:26:06.626 [JavaFX Application Thread] DEBUG MainWindow           - Opening main window
14:26:06.798 [JavaFX Application Thread] DEBUG MainWindow           - Window border size: (14.6666259765625, 37.3333740234375)
14:26:06.799 [JavaFX Application Thread] DEBUG MainWindow           - Scaled size: 1920.0 x 1080.0
14:26:06.799 [JavaFX Application Thread] DEBUG MainWindow           - Scaled ratio: (1.0, 1.0)
14:26:06.799 [JavaFX Application Thread] DEBUG MainWindow           - Scene size: 1920.0 x 1080.0
14:26:06.799 [JavaFX Application Thread] DEBUG MainWindow           - Stage size: 1934.6666259765625 x 1117.3333740234375
14:26:06.843 [FXGL Background Thread 1 ] DEBUG Engine               - Initializing environment variables
14:26:06.874 [FXGL Background Thread 1 ] DEBUG WindowService        - Applying CSS: fxgl_dark.css
14:26:06.875 [FXGL Background Thread 1 ] DEBUG AssetLoaderService   - Loading from file system: /assets/ui/css/fxgl_dark.css
14:26:06.925 [FXGL Background Thread 1 ] DEBUG WindowService        - Initializing application scenes
14:26:07.015 [FXGL Background Thread 1 ] DEBUG GameWorld            - Game world initialized
14:26:07.055 [FXGL Background Thread 1 ] DEBUG PhysicsWorld         - Physics world initialized: appHeight=1080, physics.ppm=50,0
14:26:07.058 [FXGL Background Thread 1 ] DEBUG GameScene            - Game scene initialized: 1920x1080
14:26:07.086 [FXGL Background Thread 1 ] DEBUG AssetLoaderService   - Loading from file system: /assets/textures/particles/trace_horizontal.png
14:26:07.160 [FXGL Background Thread 1 ] DEBUG FXGL.DefaultMenu     - createMenuBodyGameMenu()
14:26:07.180 [FXGL Background Thread 1 ] DEBUG FXGL.DefaultMenu     - createOptionsMenu()
14:26:07.186 [FXGL Background Thread 1 ] DEBUG AssetLoaderService   - Loading from file system: /assets/textures/particles/smoke.png
14:26:07.251 [FXGL Background Thread 1 ] DEBUG WindowService        - Application scenes initialized
14:26:07.270 [FXGL Background Thread 1 ] DEBUG SystemBundleService  - Loading FXGL system data
14:26:07.275 [FXGL Background Thread 1 ] DEBUG FileSystemAccess     - Reading from: C:\Users\CabCon\IdeaProjects\unnecessary.ly-frontend-javafx\system\fxgl.bundle
14:26:07.283 [FXGL Background Thread 1 ] DEBUG SystemBundleService  - Bundle FXGL: {}
14:26:07.283 [FXGL Background Thread 1 ] INFO  Engine               - FXGL initialization took: 0,437 sec
14:26:07.285 [FXGL Background Thread 1 ] DEBUG GameApplication      - Loading localizations
14:26:07.286 [FXGL Background Thread 1 ] DEBUG AssetLoaderService   - Loading from file system: /assets/languages/english.lang
14:26:07.299 [FXGL Background Thread 1 ] DEBUG AssetLoaderService   - Loading from file system: /assets/languages/french.lang
14:26:07.301 [FXGL Background Thread 1 ] DEBUG AssetLoaderService   - Loading from file system: /assets/languages/german.lang
14:26:07.303 [FXGL Background Thread 1 ] DEBUG AssetLoaderService   - Loading from file system: /assets/languages/hungarian.lang
14:26:07.306 [FXGL Background Thread 1 ] DEBUG AssetLoaderService   - Loading from file system: /assets/languages/russian.lang
14:26:07.308 [FXGL Background Thread 1 ] DEBUG GameApplication      - Registering font factories with UI factory
14:26:07.308 [FXGL Background Thread 1 ] DEBUG AssetLoaderService   - Loading from file system: /assets/ui/fonts/VarelaRound-Regular.ttf
14:26:07.447 [FXGL Background Thread 1 ] DEBUG AssetLoaderService   - Loading from file system: /assets/ui/fonts/Abel-Regular.ttf
14:26:07.451 [FXGL Background Thread 1 ] DEBUG AssetLoaderService   - Loading from file system: /assets/ui/fonts/lucida_console.ttf
14:26:07.457 [FXGL Background Thread 1 ] DEBUG AssetLoaderService   - Loading from file system: /assets/ui/fonts/Courier-Prime.ttf
14:26:07.461 [JavaFX Application Thread] DEBUG AssetLoaderService   - Loading from file system: /assets/textures/fxgl_icon.png
14:26:07.483 [JavaFX Application Thread] DEBUG AssetLoaderService   - Loading from file system: /assets/ui/cursors/fxgl_default.png
14:26:07.493 [JavaFX Application Thread] DEBUG Input                - Registered new binding: Screenshot - P
14:26:07.494 [JavaFX Application Thread] DEBUG Input                - Registered new binding: System info dump - CTRL+9
14:26:07.495 [JavaFX Application Thread] DEBUG Input                - Registered new binding: Restart - CTRL+R
14:26:07.495 [JavaFX Application Thread] DEBUG LoopRunner           - Starting loop
14:26:07.516 [JavaFX Application Thread] DEBUG FXGLStartupScene     - STARTUP
14:26:07.517 [JavaFX Application Thread] DEBUG WindowService        - Starting new game
14:26:07.517 [JavaFX Application Thread] DEBUG Input                - Clearing active input actions
14:26:07.529 [JavaFX Application Thread] DEBUG WindowService        - Removing overlay from FXGLStartupScene and adding to FXGLLoadingScene
14:26:07.530 [JavaFX Application Thread] DEBUG MainWindow           - FXGLStartupScene -> FXGLLoadingScene
14:26:07.530 [JavaFX Application Thread] DEBUG WindowService        - Clearing previous game
14:26:07.530 [JavaFX Application Thread] DEBUG GameScene            - Clearing game scene
14:26:07.530 [JavaFX Application Thread] DEBUG GameWorld            - Clearing game world
14:26:07.531 [JavaFX Application Thread] DEBUG PhysicsWorld         - Clearing physics world
14:26:07.532 [FXGL Background Thread 1 ] DEBUG GameApplication      - Initializing game
14:26:07.553 [FXGL Background Thread 1 ] DEBUG AssetLoaderService   - Loading from file system: /assets/textures/brick.png
14:26:07.556 [FXGL Background Thread 1 ] DEBUG AssetLoaderService   - Loading from cache: /assets/textures/brick.png
14:26:07.556 [FXGL Background Thread 1 ] DEBUG AssetLoaderService   - Loading from cache: /assets/textures/brick.png
14:26:07.557 [FXGL Background Thread 1 ] DEBUG AssetLoaderService   - Loading from cache: /assets/textures/brick.png
14:26:07.558 [FXGL Background Thread 1 ] DEBUG AssetLoaderService   - Loading from cache: /assets/textures/brick.png
14:26:07.559 [FXGL Background Thread 1 ] DEBUG AssetLoaderService   - Loading from cache: /assets/textures/brick.png
14:26:07.559 [FXGL Background Thread 1 ] DEBUG AssetLoaderService   - Loading from cache: /assets/textures/brick.png
14:26:07.561 [FXGL Background Thread 1 ] DEBUG AssetLoaderService   - Loading from cache: /assets/textures/brick.png
14:26:07.562 [FXGL Background Thread 1 ] DEBUG AssetLoaderService   - Loading from cache: /assets/textures/brick.png
14:26:07.563 [FXGL Background Thread 1 ] DEBUG AssetLoaderService   - Loading from cache: /assets/textures/brick.png
14:26:07.563 [FXGL Background Thread 1 ] DEBUG AssetLoaderService   - Loading from cache: /assets/textures/brick.png
14:26:07.564 [FXGL Background Thread 1 ] DEBUG AssetLoaderService   - Loading from cache: /assets/textures/brick.png
14:26:07.565 [FXGL Background Thread 1 ] DEBUG AssetLoaderService   - Loading from cache: /assets/textures/brick.png
14:26:07.566 [FXGL Background Thread 1 ] DEBUG AssetLoaderService   - Loading from cache: /assets/textures/brick.png
14:26:07.567 [FXGL Background Thread 1 ] DEBUG AssetLoaderService   - Loading from cache: /assets/textures/brick.png
14:26:07.568 [FXGL Background Thread 1 ] DEBUG AssetLoaderService   - Loading from cache: /assets/textures/brick.png
14:26:07.569 [FXGL Background Thread 1 ] DEBUG AssetLoaderService   - Loading from cache: /assets/textures/brick.png
14:26:07.570 [FXGL Background Thread 1 ] DEBUG AssetLoaderService   - Loading from cache: /assets/textures/brick.png
14:26:07.570 [FXGL Background Thread 1 ] DEBUG AssetLoaderService   - Loading from cache: /assets/textures/brick.png
14:26:07.572 [FXGL Background Thread 1 ] DEBUG AssetLoaderService   - Loading from cache: /assets/textures/brick.png
14:26:07.573 [FXGL Background Thread 1 ] DEBUG AssetLoaderService   - Loading from cache: /assets/textures/brick.png
14:26:07.573 [FXGL Background Thread 1 ] DEBUG AssetLoaderService   - Loading from cache: /assets/textures/brick.png
14:26:07.575 [FXGL Background Thread 1 ] DEBUG AssetLoaderService   - Loading from cache: /assets/textures/brick.png
14:26:07.575 [FXGL Background Thread 1 ] DEBUG AssetLoaderService   - Loading from cache: /assets/textures/brick.png
14:26:07.576 [FXGL Background Thread 1 ] DEBUG AssetLoaderService   - Loading from cache: /assets/textures/brick.png
14:26:07.577 [FXGL Background Thread 1 ] DEBUG AssetLoaderService   - Loading from cache: /assets/textures/brick.png
14:26:07.577 [FXGL Background Thread 1 ] DEBUG AssetLoaderService   - Loading from cache: /assets/textures/brick.png
14:26:07.578 [FXGL Background Thread 1 ] DEBUG AssetLoaderService   - Loading from cache: /assets/textures/brick.png
14:26:07.579 [FXGL Background Thread 1 ] DEBUG AssetLoaderService   - Loading from cache: /assets/textures/brick.png
14:26:07.579 [FXGL Background Thread 1 ] DEBUG AssetLoaderService   - Loading from cache: /assets/textures/brick.png
14:26:07.580 [FXGL Background Thread 1 ] DEBUG AssetLoaderService   - Loading from cache: /assets/textures/brick.png
14:26:07.581 [FXGL Background Thread 1 ] DEBUG AssetLoaderService   - Loading from cache: /assets/textures/brick.png
14:26:07.582 [FXGL Background Thread 1 ] DEBUG AssetLoaderService   - Loading from cache: /assets/textures/brick.png
14:26:07.583 [FXGL Background Thread 1 ] DEBUG AssetLoaderService   - Loading from cache: /assets/textures/brick.png
14:26:07.584 [FXGL Background Thread 1 ] DEBUG AssetLoaderService   - Loading from cache: /assets/textures/brick.png
14:26:07.596 [FXGL Background Thread 1 ] DEBUG AssetLoaderService   - Loading from cache: /assets/textures/brick.png
14:26:07.597 [FXGL Background Thread 1 ] DEBUG AssetLoaderService   - Loading from cache: /assets/textures/brick.png
14:26:07.598 [FXGL Background Thread 1 ] DEBUG AssetLoaderService   - Loading from cache: /assets/textures/brick.png
14:26:07.599 [FXGL Background Thread 1 ] DEBUG AssetLoaderService   - Loading from cache: /assets/textures/brick.png
14:26:07.600 [FXGL Background Thread 1 ] DEBUG AssetLoaderService   - Loading from cache: /assets/textures/brick.png
14:26:07.601 [FXGL Background Thread 1 ] DEBUG AssetLoaderService   - Loading from cache: /assets/textures/brick.png
14:26:07.602 [FXGL Background Thread 1 ] DEBUG AssetLoaderService   - Loading from cache: /assets/textures/brick.png
14:26:07.652 [FXGL Background Thread 1 ] INFO  GameApplication      - Game initialization took: 0,120 sec
14:26:07.662 [JavaFX Application Thread] DEBUG Input                - Clearing active input actions
14:26:07.697 [JavaFX Application Thread] DEBUG WindowService        - Removing overlay from FXGLLoadingScene and adding to GameScene
14:26:07.697 [JavaFX Application Thread] DEBUG MainWindow           - FXGLLoadingScene -> GameScene
14:26:10.286 [FXGL Background Thread 2 ] DEBUG Engine               - Logging environment variables
14:26:10.286 [FXGL Background Thread 2 ] DEBUG Engine               - achievements: []
14:26:10.286 [FXGL Background Thread 2 ] DEBUG Engine               - appIcon: fxgl_icon.png
14:26:10.286 [FXGL Background Thread 2 ] DEBUG Engine               - applicationMode: DEVELOPER
14:26:10.287 [FXGL Background Thread 2 ] DEBUG Engine               - cSSList: [fxgl_dark.css]
14:26:10.287 [FXGL Background Thread 2 ] DEBUG Engine               - configClass: Optional.empty
14:26:10.287 [FXGL Background Thread 2 ] DEBUG Engine               - credits: []
14:26:10.287 [FXGL Background Thread 2 ] DEBUG Engine               - devBBoxColorProperty: ObjectProperty [value: 0xff0000ff]
14:26:10.287 [FXGL Background Thread 2 ] DEBUG Engine               - devSensorColorProperty: ObjectProperty [value: 0xffff00ff]
14:26:10.288 [FXGL Background Thread 2 ] DEBUG Engine               - devShowBBoxProperty: BooleanProperty [value: false]
14:26:10.288 [FXGL Background Thread 2 ] DEBUG Engine               - devShowPositionProperty: BooleanProperty [value: false]
14:26:10.288 [FXGL Background Thread 2 ] DEBUG Engine               - enabledMenuItems: []
14:26:10.288 [FXGL Background Thread 2 ] DEBUG Engine               - engineServices: [class com.almasb.fxgl.app.GameApplication$GameApplicationService, class com.almasb.fxgl.app.services.WindowService, class com.almasb.fxgl.app.services.FXGLDialogService, class com.almasb.fxgl.app.services.IOTaskExecutorService, class com.almasb.fxgl.event.EventBusService, class com.almasb.fxgl.io.FileSystemService, class com.almasb.fxgl.localization.LocalizationService, class com.almasb.fxgl.app.services.AssetLoaderService, class com.almasb.fxgl.app.services.SystemBundleService, class com.almasb.fxgl.profile.SaveLoadService, class com.almasb.fxgl.ui.FXGLUIFactoryServiceProvider, class com.almasb.fxgl.ui.FXGLDialogFactoryServiceProvider, class com.almasb.fxgl.audio.AudioPlayer, class com.almasb.fxgl.notification.impl.NotificationServiceProvider, class com.almasb.fxgl.achievement.AchievementService, class com.almasb.fxgl.cutscene.CutsceneService, class com.almasb.fxgl.minigames.MiniGameService, class com.almasb.fxgl.net.NetService, class com.almasb.fxgl.app.services.UpdaterService, class com.almasb.fxgl.dev.DevService]
14:26:10.288 [FXGL Background Thread 2 ] DEBUG Engine               - fontGame: Abel-Regular.ttf
14:26:10.288 [FXGL Background Thread 2 ] DEBUG Engine               - fontMono: lucida_console.ttf
14:26:10.288 [FXGL Background Thread 2 ] DEBUG Engine               - fontText: Courier-Prime.ttf
14:26:10.289 [FXGL Background Thread 2 ] DEBUG Engine               - fontUI: VarelaRound-Regular.ttf
14:26:10.289 [FXGL Background Thread 2 ] DEBUG Engine               - fullScreen: BooleanProperty [value: false]
14:26:10.289 [FXGL Background Thread 2 ] DEBUG Engine               - gameDifficulty: MEDIUM
14:26:10.289 [FXGL Background Thread 2 ] DEBUG Engine               - gameDifficultyProperty: ObjectProperty [value: MEDIUM]
14:26:10.291 [FXGL Background Thread 2 ] DEBUG Engine               - globalMusicVolume: 0.5
14:26:10.291 [FXGL Background Thread 2 ] DEBUG Engine               - globalMusicVolumeProperty: DoubleProperty [value: 0.5]
14:26:10.291 [FXGL Background Thread 2 ] DEBUG Engine               - globalSoundVolume: 0.5
14:26:10.291 [FXGL Background Thread 2 ] DEBUG Engine               - globalSoundVolumeProperty: DoubleProperty [value: 0.5]
14:26:10.292 [FXGL Background Thread 2 ] DEBUG Engine               - height: 1080
14:26:10.292 [FXGL Background Thread 2 ] DEBUG Engine               - isAndroid: false
14:26:10.292 [FXGL Background Thread 2 ] DEBUG Engine               - isBrowser: false
14:26:10.292 [FXGL Background Thread 2 ] DEBUG Engine               - isClickFeedbackEnabled: false
14:26:10.292 [FXGL Background Thread 2 ] DEBUG Engine               - isCloseConfirmation: false
14:26:10.292 [FXGL Background Thread 2 ] DEBUG Engine               - isDesktop: true
14:26:10.292 [FXGL Background Thread 2 ] DEBUG Engine               - isDeveloperMenuEnabled: false
14:26:10.292 [FXGL Background Thread 2 ] DEBUG Engine               - isExperimentalNative: false
14:26:10.292 [FXGL Background Thread 2 ] DEBUG Engine               - isExperimentalTiledLargeMap: false
14:26:10.293 [FXGL Background Thread 2 ] DEBUG Engine               - isFullScreenAllowed: false
14:26:10.293 [FXGL Background Thread 2 ] DEBUG Engine               - isFullScreenFromStart: false
14:26:10.293 [FXGL Background Thread 2 ] DEBUG Engine               - isGameMenuEnabled: true
14:26:10.293 [FXGL Background Thread 2 ] DEBUG Engine               - isIOS: false
14:26:10.293 [FXGL Background Thread 2 ] DEBUG Engine               - isIntroEnabled: false
14:26:10.293 [FXGL Background Thread 2 ] DEBUG Engine               - isLinux: false
14:26:10.293 [FXGL Background Thread 2 ] DEBUG Engine               - isMac: false
14:26:10.293 [FXGL Background Thread 2 ] DEBUG Engine               - isMainMenuEnabled: false
14:26:10.293 [FXGL Background Thread 2 ] DEBUG Engine               - isManualResizeEnabled: false
14:26:10.293 [FXGL Background Thread 2 ] DEBUG Engine               - isMobile: false
14:26:10.294 [FXGL Background Thread 2 ] DEBUG Engine               - isPreserveResizeRatio: false
14:26:10.294 [FXGL Background Thread 2 ] DEBUG Engine               - isProfilingEnabled: false
14:26:10.294 [FXGL Background Thread 2 ] DEBUG Engine               - isSingleStep: false
14:26:10.294 [FXGL Background Thread 2 ] DEBUG Engine               - isUserProfileEnabled: false
14:26:10.294 [FXGL Background Thread 2 ] DEBUG Engine               - isWindows: true
14:26:10.294 [FXGL Background Thread 2 ] DEBUG Engine               - language: ObjectProperty [value: ENGLISH]
14:26:10.294 [FXGL Background Thread 2 ] DEBUG Engine               - mainWindow: com.almasb.fxgl.app.MainWindow@45bcaa6d
14:26:10.294 [FXGL Background Thread 2 ] DEBUG Engine               - menuKey: ESCAPE
14:26:10.294 [FXGL Background Thread 2 ] DEBUG Engine               - notificationViewClass: class com.almasb.fxgl.notification.view.XboxNotificationView
14:26:10.295 [FXGL Background Thread 2 ] DEBUG Engine               - pixelsPerMeter: 50.0
14:26:10.295 [FXGL Background Thread 2 ] DEBUG Engine               - platform: WINDOWS
14:26:10.295 [FXGL Background Thread 2 ] DEBUG Engine               - profileDir: profiles/
14:26:10.295 [FXGL Background Thread 2 ] DEBUG Engine               - profileName: StringProperty [value: DEFAULT]
14:26:10.295 [FXGL Background Thread 2 ] DEBUG Engine               - randomSeed: -1
14:26:10.295 [FXGL Background Thread 2 ] DEBUG Engine               - runtimeInfo: RuntimeInfo(platform=WINDOWS, version=11.9, build=27.05.2020 17.06)
14:26:10.295 [FXGL Background Thread 2 ] DEBUG Engine               - saveFileExt: sav
14:26:10.295 [FXGL Background Thread 2 ] DEBUG Engine               - sceneFactory: com.almasb.fxgl.app.scene.SceneFactory@be3cbe
14:26:10.296 [FXGL Background Thread 2 ] DEBUG Engine               - secondsIn24h: 60
14:26:10.296 [FXGL Background Thread 2 ] DEBUG Engine               - settings: Title: Brick Breaker
Version: 0.2
Width: 1920
Height: 1080
Fullscreen: false
Intro: false
Profiling: false
Single step:false
App Mode: DEVELOPER
Menu Key: ESCAPE
Stage Style: DECORATED
Scene Factory: class com.almasb.fxgl.app.scene.SceneFactory

14:26:10.296 [FXGL Background Thread 2 ] DEBUG Engine               - soundMenuBack: menu/back.wav
14:26:10.296 [FXGL Background Thread 2 ] DEBUG Engine               - soundMenuPress: menu/press.wav
14:26:10.296 [FXGL Background Thread 2 ] DEBUG Engine               - soundMenuSelect: menu/select.wav
14:26:10.296 [FXGL Background Thread 2 ] DEBUG Engine               - soundNotification: core/notification.wav
14:26:10.296 [FXGL Background Thread 2 ] DEBUG Engine               - stageStyle: DECORATED
14:26:10.296 [FXGL Background Thread 2 ] DEBUG Engine               - supportedLanguages: [ENGLISH, FRENCH, GERMAN, HUNGARIAN, RUSSIAN]
14:26:10.296 [FXGL Background Thread 2 ] DEBUG Engine               - title: Brick Breaker
14:26:10.296 [FXGL Background Thread 2 ] DEBUG Engine               - urlGithub: https://github.com/AlmasB/FXGL
14:26:10.296 [FXGL Background Thread 2 ] DEBUG Engine               - urlLeaderboard: http://fxgl-top.herokuapp.com/
14:26:10.297 [FXGL Background Thread 2 ] DEBUG Engine               - urlPOM: https://raw.githubusercontent.com/AlmasB/FXGL/master/pom.xml
14:26:10.297 [FXGL Background Thread 2 ] DEBUG Engine               - version: 0.2
14:26:10.297 [FXGL Background Thread 2 ] DEBUG Engine               - versionCheckDays: 7
14:26:10.297 [FXGL Background Thread 2 ] DEBUG Engine               - width: 1920
14:26:10.297 [FXGL Background Thread 2 ] DEBUG Engine               - Logging services
14:26:10.297 [FXGL Background Thread 2 ] DEBUG Engine               - class com.almasb.fxgl.app.GameApplication$GameApplicationService
14:26:10.297 [FXGL Background Thread 2 ] DEBUG Engine               - class com.almasb.fxgl.app.services.WindowService
14:26:10.297 [FXGL Background Thread 2 ] DEBUG Engine               - class com.almasb.fxgl.app.services.FXGLDialogService
14:26:10.297 [FXGL Background Thread 2 ] DEBUG Engine               - class com.almasb.fxgl.app.services.IOTaskExecutorService
14:26:10.297 [FXGL Background Thread 2 ] DEBUG Engine               - class com.almasb.fxgl.event.EventBusService
14:26:10.298 [FXGL Background Thread 2 ] DEBUG Engine               - class com.almasb.fxgl.io.FileSystemService
14:26:10.298 [FXGL Background Thread 2 ] DEBUG Engine               - class com.almasb.fxgl.localization.LocalizationService
14:26:10.298 [FXGL Background Thread 2 ] DEBUG Engine               - class com.almasb.fxgl.app.services.AssetLoaderService
14:26:10.298 [FXGL Background Thread 2 ] DEBUG Engine               - class com.almasb.fxgl.app.services.SystemBundleService
14:26:10.298 [FXGL Background Thread 2 ] DEBUG Engine               - class com.almasb.fxgl.profile.SaveLoadService
14:26:10.298 [FXGL Background Thread 2 ] DEBUG Engine               - class com.almasb.fxgl.ui.FXGLUIFactoryServiceProvider
14:26:10.298 [FXGL Background Thread 2 ] DEBUG Engine               - class com.almasb.fxgl.ui.FXGLDialogFactoryServiceProvider
14:26:10.298 [FXGL Background Thread 2 ] DEBUG Engine               - class com.almasb.fxgl.audio.AudioPlayer
14:26:10.298 [FXGL Background Thread 2 ] DEBUG Engine               - class com.almasb.fxgl.notification.impl.NotificationServiceProvider
14:26:10.298 [FXGL Background Thread 2 ] DEBUG Engine               - class com.almasb.fxgl.achievement.AchievementService
14:26:10.298 [FXGL Background Thread 2 ] DEBUG Engine               - class com.almasb.fxgl.cutscene.CutsceneService
14:26:10.298 [FXGL Background Thread 2 ] DEBUG Engine               - class com.almasb.fxgl.minigames.MiniGameService
14:26:10.298 [FXGL Background Thread 2 ] DEBUG Engine               - class com.almasb.fxgl.net.NetService
14:26:10.299 [FXGL Background Thread 2 ] DEBUG Engine               - class com.almasb.fxgl.app.services.UpdaterService
14:26:10.299 [FXGL Background Thread 2 ] DEBUG Engine               - class com.almasb.fxgl.dev.DevService
14:26:42.140 [JavaFX Application Thread] DEBUG GameApplication      - Exiting FXGL
14:26:42.140 [JavaFX Application Thread] DEBUG LoopRunner           - Stopping loop
14:26:42.141 [JavaFX Application Thread] DEBUG SystemBundleService  - Saving FXGL system data
14:26:42.142 [JavaFX Application Thread] DEBUG FileSystemAccess     - Writing to: C:\Users\CabCon\IdeaProjects\unnecessary.ly-frontend-javafx\system\fxgl.bundle
14:26:42.144 [JavaFX Application Thread] DEBUG GameApplication      - Shutting down background threads
14:26:42.145 [JavaFX Application Thread] DEBUG GameApplication      - Closing logger and exiting JavaFX
