14:46:37.706 [main                     ] DEBUG GameApplication      - Logger initialized
14:46:37.716 [main                     ] DEBUG GameApplication      - Logging settings
Title: Brick Breaker
Version: 0.2
Width: 1920
Height: 1080
Fullscreen: false
Intro: false
Profiling: false
Single step:false
App Mode: DEVELOPER
Menu Key: ESCAPE
Stage Style: DECORATED
Scene Factory: class com.almasb.fxgl.app.scene.SceneFactory

14:46:37.931 [JavaFX Application Thread] DEBUG GameApplication      - Initializing FXGL
14:46:37.937 [JavaFX Application Thread] INFO  Engine               - FXGL-11.9 (27.05.2020 17.06) on LINUX (J:15-ea FX:11)
14:46:37.937 [JavaFX Application Thread] DEBUG Engine               - JRE Vendor Name: Oracle Corporation
14:46:37.937 [JavaFX Application Thread] DEBUG Engine               - Running on OS: Linux version 5.7.7-arch1-1
14:46:37.937 [JavaFX Application Thread] DEBUG Engine               - Architecture: amd64
14:46:37.937 [JavaFX Application Thread] INFO  Engine               - Source code and latest versions at: https://github.com/AlmasB/FXGL
14:46:37.938 [JavaFX Application Thread] INFO  Engine               -              Join the FXGL chat at: https://gitter.im/AlmasB/FXGL
14:46:38.030 [JavaFX Application Thread] DEBUG MainWindow           - Creating a JavaFX scene
14:46:38.072 [JavaFX Application Thread] DEBUG MainWindow           - Target settings size: 1920.0 x 1080.0
14:46:38.072 [JavaFX Application Thread] DEBUG MainWindow           - Scaled scene size:    1920.0 x 1080.0
14:46:38.073 [JavaFX Application Thread] DEBUG MainWindow           - Scaled ratio: (1.0, 1.0)
14:46:38.073 [JavaFX Application Thread] DEBUG MainWindow           - Set initial scene to FXGLStartupScene
14:46:38.077 [JavaFX Application Thread] DEBUG MainWindow           - Opening main window
14:46:38.103 [JavaFX Application Thread] DEBUG MainWindow           - Window border size: (2.0, 29.0)
14:46:38.104 [JavaFX Application Thread] DEBUG MainWindow           - Scaled size: 1920.0 x 1080.0
14:46:38.104 [JavaFX Application Thread] DEBUG MainWindow           - Scaled ratio: (1.0, 1.0)
14:46:38.104 [JavaFX Application Thread] DEBUG MainWindow           - Scene size: 1920.0 x 1080.0
14:46:38.104 [JavaFX Application Thread] DEBUG MainWindow           - Stage size: 1922.0 x 1109.0
14:46:38.110 [FXGL Background Thread 1 ] DEBUG Engine               - Initializing environment variables
14:46:38.145 [FXGL Background Thread 1 ] DEBUG WindowService        - Applying CSS: fxgl_dark.css
14:46:38.146 [FXGL Background Thread 1 ] DEBUG AssetLoaderService   - Loading from file system: /assets/ui/css/fxgl_dark.css
14:46:38.245 [FXGL Background Thread 1 ] DEBUG WindowService        - Initializing application scenes
14:46:38.333 [FXGL Background Thread 1 ] DEBUG GameWorld            - Game world initialized
14:46:38.413 [FXGL Background Thread 1 ] DEBUG PhysicsWorld         - Physics world initialized: appHeight=1080, physics.ppm=50,0
14:46:38.421 [FXGL Background Thread 1 ] DEBUG GameScene            - Game scene initialized: 1920x1080
14:46:38.503 [FXGL Background Thread 1 ] DEBUG AssetLoaderService   - Loading from file system: /assets/textures/particles/trace_horizontal.png
14:46:38.604 [FXGL Background Thread 1 ] DEBUG FXGL.DefaultMenu     - createMenuBodyGameMenu()
14:46:38.647 [FXGL Background Thread 1 ] DEBUG FXGL.DefaultMenu     - createOptionsMenu()
14:46:38.662 [FXGL Background Thread 1 ] DEBUG AssetLoaderService   - Loading from file system: /assets/textures/particles/smoke.png
14:46:38.745 [FXGL Background Thread 1 ] DEBUG WindowService        - Application scenes initialized
14:46:38.774 [FXGL Background Thread 1 ] DEBUG SystemBundleService  - Loading FXGL system data
14:46:38.781 [FXGL Background Thread 1 ] DEBUG FileSystemAccess     - Reading from: /home/danny/Repos/unnecessary.ly-frontend-javafx/system/fxgl.bundle
14:46:38.800 [FXGL Background Thread 1 ] DEBUG SystemBundleService  - Bundle FXGL: {}
14:46:38.801 [FXGL Background Thread 1 ] INFO  Engine               - FXGL initialization took: 0,688 sec
14:46:38.805 [FXGL Background Thread 1 ] DEBUG GameApplication      - Loading localizations
14:46:38.808 [FXGL Background Thread 1 ] DEBUG AssetLoaderService   - Loading from file system: /assets/languages/english.lang
14:46:38.840 [FXGL Background Thread 1 ] DEBUG AssetLoaderService   - Loading from file system: /assets/languages/french.lang
14:46:38.845 [FXGL Background Thread 1 ] DEBUG AssetLoaderService   - Loading from file system: /assets/languages/german.lang
14:46:38.851 [FXGL Background Thread 1 ] DEBUG AssetLoaderService   - Loading from file system: /assets/languages/hungarian.lang
14:46:38.855 [FXGL Background Thread 1 ] DEBUG AssetLoaderService   - Loading from file system: /assets/languages/russian.lang
14:46:38.857 [FXGL Background Thread 1 ] DEBUG GameApplication      - Registering font factories with UI factory
14:46:38.858 [FXGL Background Thread 1 ] DEBUG AssetLoaderService   - Loading from file system: /assets/ui/fonts/VarelaRound-Regular.ttf
14:46:38.887 [FXGL Background Thread 1 ] DEBUG AssetLoaderService   - Loading from file system: /assets/ui/fonts/Abel-Regular.ttf
14:46:38.891 [FXGL Background Thread 1 ] DEBUG AssetLoaderService   - Loading from file system: /assets/ui/fonts/lucida_console.ttf
14:46:38.895 [FXGL Background Thread 1 ] DEBUG AssetLoaderService   - Loading from file system: /assets/ui/fonts/Courier-Prime.ttf
14:46:38.906 [JavaFX Application Thread] DEBUG AssetLoaderService   - Loading from file system: /assets/textures/fxgl_icon.png
14:46:38.940 [JavaFX Application Thread] DEBUG AssetLoaderService   - Loading from file system: /assets/ui/cursors/fxgl_default.png
14:46:38.955 [JavaFX Application Thread] DEBUG Input                - Registered new binding: Screenshot - P
14:46:38.956 [JavaFX Application Thread] DEBUG Input                - Registered new binding: System info dump - CTRL+9
14:46:38.957 [JavaFX Application Thread] DEBUG Input                - Registered new binding: Restart - CTRL+R
14:46:38.959 [JavaFX Application Thread] DEBUG LoopRunner           - Starting loop
14:46:38.972 [JavaFX Application Thread] DEBUG FXGLStartupScene     - STARTUP
14:46:38.972 [JavaFX Application Thread] DEBUG WindowService        - Starting new game
14:46:38.974 [JavaFX Application Thread] DEBUG Input                - Clearing active input actions
14:46:38.991 [JavaFX Application Thread] DEBUG WindowService        - Removing overlay from FXGLStartupScene and adding to FXGLLoadingScene
14:46:38.992 [JavaFX Application Thread] DEBUG MainWindow           - FXGLStartupScene -> FXGLLoadingScene
14:46:38.993 [JavaFX Application Thread] DEBUG WindowService        - Clearing previous game
14:46:38.993 [JavaFX Application Thread] DEBUG GameScene            - Clearing game scene
14:46:38.993 [JavaFX Application Thread] DEBUG GameWorld            - Clearing game world
14:46:38.993 [JavaFX Application Thread] DEBUG PhysicsWorld         - Clearing physics world
14:46:38.994 [FXGL Background Thread 1 ] DEBUG GameApplication      - Initializing game
14:46:39.017 [FXGL Background Thread 1 ] DEBUG AssetLoaderService   - Loading from file system: /assets/textures/brick.png
14:46:39.019 [FXGL Background Thread 1 ] DEBUG AssetLoaderService   - Loading from cache: /assets/textures/brick.png
14:46:39.020 [FXGL Background Thread 1 ] DEBUG AssetLoaderService   - Loading from cache: /assets/textures/brick.png
14:46:39.021 [FXGL Background Thread 1 ] DEBUG AssetLoaderService   - Loading from cache: /assets/textures/brick.png
14:46:39.022 [FXGL Background Thread 1 ] DEBUG AssetLoaderService   - Loading from cache: /assets/textures/brick.png
14:46:39.024 [FXGL Background Thread 1 ] DEBUG AssetLoaderService   - Loading from cache: /assets/textures/brick.png
14:46:39.025 [FXGL Background Thread 1 ] DEBUG AssetLoaderService   - Loading from cache: /assets/textures/brick.png
14:46:39.026 [FXGL Background Thread 1 ] DEBUG AssetLoaderService   - Loading from cache: /assets/textures/brick.png
14:46:39.027 [FXGL Background Thread 1 ] DEBUG AssetLoaderService   - Loading from cache: /assets/textures/brick.png
14:46:39.028 [FXGL Background Thread 1 ] DEBUG AssetLoaderService   - Loading from cache: /assets/textures/brick.png
14:46:39.032 [FXGL Background Thread 1 ] DEBUG AssetLoaderService   - Loading from cache: /assets/textures/brick.png
14:46:39.034 [FXGL Background Thread 1 ] DEBUG AssetLoaderService   - Loading from cache: /assets/textures/brick.png
14:46:39.035 [FXGL Background Thread 1 ] DEBUG AssetLoaderService   - Loading from cache: /assets/textures/brick.png
14:46:39.036 [FXGL Background Thread 1 ] DEBUG AssetLoaderService   - Loading from cache: /assets/textures/brick.png
14:46:39.037 [FXGL Background Thread 1 ] DEBUG AssetLoaderService   - Loading from cache: /assets/textures/brick.png
14:46:39.039 [FXGL Background Thread 1 ] DEBUG AssetLoaderService   - Loading from cache: /assets/textures/brick.png
14:46:39.040 [FXGL Background Thread 1 ] DEBUG AssetLoaderService   - Loading from cache: /assets/textures/brick.png
14:46:39.041 [FXGL Background Thread 1 ] DEBUG AssetLoaderService   - Loading from cache: /assets/textures/brick.png
14:46:39.043 [FXGL Background Thread 1 ] DEBUG AssetLoaderService   - Loading from cache: /assets/textures/brick.png
14:46:39.045 [FXGL Background Thread 1 ] DEBUG AssetLoaderService   - Loading from cache: /assets/textures/brick.png
14:46:39.048 [FXGL Background Thread 1 ] DEBUG AssetLoaderService   - Loading from cache: /assets/textures/brick.png
14:46:39.050 [FXGL Background Thread 1 ] DEBUG AssetLoaderService   - Loading from cache: /assets/textures/brick.png
14:46:39.051 [FXGL Background Thread 1 ] DEBUG AssetLoaderService   - Loading from cache: /assets/textures/brick.png
14:46:39.052 [FXGL Background Thread 1 ] DEBUG AssetLoaderService   - Loading from cache: /assets/textures/brick.png
14:46:39.053 [FXGL Background Thread 1 ] DEBUG AssetLoaderService   - Loading from cache: /assets/textures/brick.png
14:46:39.054 [FXGL Background Thread 1 ] DEBUG AssetLoaderService   - Loading from cache: /assets/textures/brick.png
14:46:39.055 [FXGL Background Thread 1 ] DEBUG AssetLoaderService   - Loading from cache: /assets/textures/brick.png
14:46:39.057 [FXGL Background Thread 1 ] DEBUG AssetLoaderService   - Loading from cache: /assets/textures/brick.png
14:46:39.058 [FXGL Background Thread 1 ] DEBUG AssetLoaderService   - Loading from cache: /assets/textures/brick.png
14:46:39.059 [FXGL Background Thread 1 ] DEBUG AssetLoaderService   - Loading from cache: /assets/textures/brick.png
14:46:39.060 [FXGL Background Thread 1 ] DEBUG AssetLoaderService   - Loading from cache: /assets/textures/brick.png
14:46:39.060 [FXGL Background Thread 1 ] DEBUG AssetLoaderService   - Loading from cache: /assets/textures/brick.png
14:46:39.061 [FXGL Background Thread 1 ] DEBUG AssetLoaderService   - Loading from cache: /assets/textures/brick.png
14:46:39.062 [FXGL Background Thread 1 ] DEBUG AssetLoaderService   - Loading from cache: /assets/textures/brick.png
14:46:39.063 [FXGL Background Thread 1 ] DEBUG AssetLoaderService   - Loading from cache: /assets/textures/brick.png
14:46:39.064 [FXGL Background Thread 1 ] DEBUG AssetLoaderService   - Loading from cache: /assets/textures/brick.png
14:46:39.064 [FXGL Background Thread 1 ] DEBUG AssetLoaderService   - Loading from cache: /assets/textures/brick.png
14:46:39.065 [FXGL Background Thread 1 ] DEBUG AssetLoaderService   - Loading from cache: /assets/textures/brick.png
14:46:39.066 [FXGL Background Thread 1 ] DEBUG AssetLoaderService   - Loading from cache: /assets/textures/brick.png
14:46:39.067 [FXGL Background Thread 1 ] DEBUG AssetLoaderService   - Loading from cache: /assets/textures/brick.png
14:46:39.068 [FXGL Background Thread 1 ] DEBUG AssetLoaderService   - Loading from cache: /assets/textures/brick.png
14:46:39.069 [FXGL Background Thread 1 ] DEBUG AssetLoaderService   - Loading from cache: /assets/textures/brick.png
14:46:39.093 [FXGL Background Thread 1 ] INFO  GameApplication      - Game initialization took: 0,099 sec
14:46:39.094 [JavaFX Application Thread] DEBUG Input                - Clearing active input actions
14:46:39.120 [JavaFX Application Thread] DEBUG WindowService        - Removing overlay from FXGLLoadingScene and adding to GameScene
14:46:39.121 [JavaFX Application Thread] DEBUG MainWindow           - FXGLLoadingScene -> GameScene
14:46:41.803 [FXGL Background Thread 2 ] DEBUG Engine               - Logging environment variables
14:46:41.803 [FXGL Background Thread 2 ] DEBUG Engine               - achievements: []
14:46:41.803 [FXGL Background Thread 2 ] DEBUG Engine               - appIcon: fxgl_icon.png
14:46:41.804 [FXGL Background Thread 2 ] DEBUG Engine               - applicationMode: DEVELOPER
14:46:41.804 [FXGL Background Thread 2 ] DEBUG Engine               - cSSList: [fxgl_dark.css]
14:46:41.804 [FXGL Background Thread 2 ] DEBUG Engine               - configClass: Optional.empty
14:46:41.804 [FXGL Background Thread 2 ] DEBUG Engine               - credits: []
14:46:41.805 [FXGL Background Thread 2 ] DEBUG Engine               - devBBoxColorProperty: ObjectProperty [value: 0xff0000ff]
14:46:41.805 [FXGL Background Thread 2 ] DEBUG Engine               - devSensorColorProperty: ObjectProperty [value: 0xffff00ff]
14:46:41.805 [FXGL Background Thread 2 ] DEBUG Engine               - devShowBBoxProperty: BooleanProperty [value: false]
14:46:41.805 [FXGL Background Thread 2 ] DEBUG Engine               - devShowPositionProperty: BooleanProperty [value: false]
14:46:41.806 [FXGL Background Thread 2 ] DEBUG Engine               - enabledMenuItems: []
14:46:41.806 [FXGL Background Thread 2 ] DEBUG Engine               - engineServices: [class com.almasb.fxgl.app.GameApplication$GameApplicationService, class com.almasb.fxgl.app.services.WindowService, class com.almasb.fxgl.app.services.FXGLDialogService, class com.almasb.fxgl.app.services.IOTaskExecutorService, class com.almasb.fxgl.event.EventBusService, class com.almasb.fxgl.io.FileSystemService, class com.almasb.fxgl.localization.LocalizationService, class com.almasb.fxgl.app.services.AssetLoaderService, class com.almasb.fxgl.app.services.SystemBundleService, class com.almasb.fxgl.profile.SaveLoadService, class com.almasb.fxgl.ui.FXGLUIFactoryServiceProvider, class com.almasb.fxgl.ui.FXGLDialogFactoryServiceProvider, class com.almasb.fxgl.audio.AudioPlayer, class com.almasb.fxgl.notification.impl.NotificationServiceProvider, class com.almasb.fxgl.achievement.AchievementService, class com.almasb.fxgl.cutscene.CutsceneService, class com.almasb.fxgl.minigames.MiniGameService, class com.almasb.fxgl.net.NetService, class com.almasb.fxgl.app.services.UpdaterService, class com.almasb.fxgl.dev.DevService]
14:46:41.806 [FXGL Background Thread 2 ] DEBUG Engine               - fontGame: Abel-Regular.ttf
14:46:41.807 [FXGL Background Thread 2 ] DEBUG Engine               - fontMono: lucida_console.ttf
14:46:41.807 [FXGL Background Thread 2 ] DEBUG Engine               - fontText: Courier-Prime.ttf
14:46:41.807 [FXGL Background Thread 2 ] DEBUG Engine               - fontUI: VarelaRound-Regular.ttf
14:46:41.807 [FXGL Background Thread 2 ] DEBUG Engine               - fullScreen: BooleanProperty [value: false]
14:46:41.808 [FXGL Background Thread 2 ] DEBUG Engine               - gameDifficulty: MEDIUM
14:46:41.808 [FXGL Background Thread 2 ] DEBUG Engine               - gameDifficultyProperty: ObjectProperty [value: MEDIUM]
14:46:41.808 [FXGL Background Thread 2 ] DEBUG Engine               - globalMusicVolume: 0.5
14:46:41.809 [FXGL Background Thread 2 ] DEBUG Engine               - globalMusicVolumeProperty: DoubleProperty [value: 0.5]
14:46:41.809 [FXGL Background Thread 2 ] DEBUG Engine               - globalSoundVolume: 0.5
14:46:41.809 [FXGL Background Thread 2 ] DEBUG Engine               - globalSoundVolumeProperty: DoubleProperty [value: 0.5]
14:46:41.810 [FXGL Background Thread 2 ] DEBUG Engine               - height: 1080
14:46:41.810 [FXGL Background Thread 2 ] DEBUG Engine               - isAndroid: false
14:46:41.810 [FXGL Background Thread 2 ] DEBUG Engine               - isBrowser: false
14:46:41.810 [FXGL Background Thread 2 ] DEBUG Engine               - isClickFeedbackEnabled: false
14:46:41.810 [FXGL Background Thread 2 ] DEBUG Engine               - isCloseConfirmation: false
14:46:41.811 [FXGL Background Thread 2 ] DEBUG Engine               - isDesktop: true
14:46:41.811 [FXGL Background Thread 2 ] DEBUG Engine               - isDeveloperMenuEnabled: false
14:46:41.811 [FXGL Background Thread 2 ] DEBUG Engine               - isExperimentalNative: false
14:46:41.811 [FXGL Background Thread 2 ] DEBUG Engine               - isExperimentalTiledLargeMap: false
14:46:41.811 [FXGL Background Thread 2 ] DEBUG Engine               - isFullScreenAllowed: false
14:46:41.812 [FXGL Background Thread 2 ] DEBUG Engine               - isFullScreenFromStart: false
14:46:41.812 [FXGL Background Thread 2 ] DEBUG Engine               - isGameMenuEnabled: true
14:46:41.812 [FXGL Background Thread 2 ] DEBUG Engine               - isIOS: false
14:46:41.812 [FXGL Background Thread 2 ] DEBUG Engine               - isIntroEnabled: false
14:46:41.812 [FXGL Background Thread 2 ] DEBUG Engine               - isLinux: true
14:46:41.812 [FXGL Background Thread 2 ] DEBUG Engine               - isMac: false
14:46:41.813 [FXGL Background Thread 2 ] DEBUG Engine               - isMainMenuEnabled: false
14:46:41.813 [FXGL Background Thread 2 ] DEBUG Engine               - isManualResizeEnabled: false
14:46:41.813 [FXGL Background Thread 2 ] DEBUG Engine               - isMobile: false
14:46:41.813 [FXGL Background Thread 2 ] DEBUG Engine               - isPreserveResizeRatio: false
14:46:41.813 [FXGL Background Thread 2 ] DEBUG Engine               - isProfilingEnabled: false
14:46:41.814 [FXGL Background Thread 2 ] DEBUG Engine               - isSingleStep: false
14:46:41.814 [FXGL Background Thread 2 ] DEBUG Engine               - isUserProfileEnabled: false
14:46:41.814 [FXGL Background Thread 2 ] DEBUG Engine               - isWindows: false
14:46:41.814 [FXGL Background Thread 2 ] DEBUG Engine               - language: ObjectProperty [value: ENGLISH]
14:46:41.814 [FXGL Background Thread 2 ] DEBUG Engine               - mainWindow: com.almasb.fxgl.app.MainWindow@16fcb252
14:46:41.815 [FXGL Background Thread 2 ] DEBUG Engine               - menuKey: ESCAPE
14:46:41.815 [FXGL Background Thread 2 ] DEBUG Engine               - notificationViewClass: class com.almasb.fxgl.notification.view.XboxNotificationView
14:46:41.815 [FXGL Background Thread 2 ] DEBUG Engine               - pixelsPerMeter: 50.0
14:46:41.815 [FXGL Background Thread 2 ] DEBUG Engine               - platform: LINUX
14:46:41.815 [FXGL Background Thread 2 ] DEBUG Engine               - profileDir: profiles/
14:46:41.816 [FXGL Background Thread 2 ] DEBUG Engine               - profileName: StringProperty [value: DEFAULT]
14:46:41.816 [FXGL Background Thread 2 ] DEBUG Engine               - randomSeed: -1
14:46:41.816 [FXGL Background Thread 2 ] DEBUG Engine               - runtimeInfo: RuntimeInfo(platform=LINUX, version=11.9, build=27.05.2020 17.06)
14:46:41.816 [FXGL Background Thread 2 ] DEBUG Engine               - saveFileExt: sav
14:46:41.816 [FXGL Background Thread 2 ] DEBUG Engine               - sceneFactory: com.almasb.fxgl.app.scene.SceneFactory@12c33455
14:46:41.817 [FXGL Background Thread 2 ] DEBUG Engine               - secondsIn24h: 60
14:46:41.817 [FXGL Background Thread 2 ] DEBUG Engine               - settings: Title: Brick Breaker
Version: 0.2
Width: 1920
Height: 1080
Fullscreen: false
Intro: false
Profiling: false
Single step:false
App Mode: DEVELOPER
Menu Key: ESCAPE
Stage Style: DECORATED
Scene Factory: class com.almasb.fxgl.app.scene.SceneFactory

14:46:41.817 [FXGL Background Thread 2 ] DEBUG Engine               - soundMenuBack: menu/back.wav
14:46:41.817 [FXGL Background Thread 2 ] DEBUG Engine               - soundMenuPress: menu/press.wav
14:46:41.818 [FXGL Background Thread 2 ] DEBUG Engine               - soundMenuSelect: menu/select.wav
14:46:41.818 [FXGL Background Thread 2 ] DEBUG Engine               - soundNotification: core/notification.wav
14:46:41.818 [FXGL Background Thread 2 ] DEBUG Engine               - stageStyle: DECORATED
14:46:41.818 [FXGL Background Thread 2 ] DEBUG Engine               - supportedLanguages: [ENGLISH, FRENCH, GERMAN, HUNGARIAN, RUSSIAN]
14:46:41.818 [FXGL Background Thread 2 ] DEBUG Engine               - title: Brick Breaker
14:46:41.818 [FXGL Background Thread 2 ] DEBUG Engine               - urlGithub: https://github.com/AlmasB/FXGL
14:46:41.818 [FXGL Background Thread 2 ] DEBUG Engine               - urlLeaderboard: http://fxgl-top.herokuapp.com/
14:46:41.819 [FXGL Background Thread 2 ] DEBUG Engine               - urlPOM: https://raw.githubusercontent.com/AlmasB/FXGL/master/pom.xml
14:46:41.819 [FXGL Background Thread 2 ] DEBUG Engine               - version: 0.2
14:46:41.819 [FXGL Background Thread 2 ] DEBUG Engine               - versionCheckDays: 7
14:46:41.819 [FXGL Background Thread 2 ] DEBUG Engine               - width: 1920
14:46:41.819 [FXGL Background Thread 2 ] DEBUG Engine               - Logging services
14:46:41.819 [FXGL Background Thread 2 ] DEBUG Engine               - class com.almasb.fxgl.app.GameApplication$GameApplicationService
14:46:41.819 [FXGL Background Thread 2 ] DEBUG Engine               - class com.almasb.fxgl.app.services.WindowService
14:46:41.819 [FXGL Background Thread 2 ] DEBUG Engine               - class com.almasb.fxgl.app.services.FXGLDialogService
14:46:41.820 [FXGL Background Thread 2 ] DEBUG Engine               - class com.almasb.fxgl.app.services.IOTaskExecutorService
14:46:41.820 [FXGL Background Thread 2 ] DEBUG Engine               - class com.almasb.fxgl.event.EventBusService
14:46:41.820 [FXGL Background Thread 2 ] DEBUG Engine               - class com.almasb.fxgl.io.FileSystemService
14:46:41.820 [FXGL Background Thread 2 ] DEBUG Engine               - class com.almasb.fxgl.localization.LocalizationService
14:46:41.820 [FXGL Background Thread 2 ] DEBUG Engine               - class com.almasb.fxgl.app.services.AssetLoaderService
14:46:41.820 [FXGL Background Thread 2 ] DEBUG Engine               - class com.almasb.fxgl.app.services.SystemBundleService
14:46:41.820 [FXGL Background Thread 2 ] DEBUG Engine               - class com.almasb.fxgl.profile.SaveLoadService
14:46:41.820 [FXGL Background Thread 2 ] DEBUG Engine               - class com.almasb.fxgl.ui.FXGLUIFactoryServiceProvider
14:46:41.820 [FXGL Background Thread 2 ] DEBUG Engine               - class com.almasb.fxgl.ui.FXGLDialogFactoryServiceProvider
14:46:41.820 [FXGL Background Thread 2 ] DEBUG Engine               - class com.almasb.fxgl.audio.AudioPlayer
14:46:41.820 [FXGL Background Thread 2 ] DEBUG Engine               - class com.almasb.fxgl.notification.impl.NotificationServiceProvider
14:46:41.821 [FXGL Background Thread 2 ] DEBUG Engine               - class com.almasb.fxgl.achievement.AchievementService
14:46:41.821 [FXGL Background Thread 2 ] DEBUG Engine               - class com.almasb.fxgl.cutscene.CutsceneService
14:46:41.821 [FXGL Background Thread 2 ] DEBUG Engine               - class com.almasb.fxgl.minigames.MiniGameService
14:46:41.821 [FXGL Background Thread 2 ] DEBUG Engine               - class com.almasb.fxgl.net.NetService
14:46:41.821 [FXGL Background Thread 2 ] DEBUG Engine               - class com.almasb.fxgl.app.services.UpdaterService
14:46:41.821 [FXGL Background Thread 2 ] DEBUG Engine               - class com.almasb.fxgl.dev.DevService
14:47:02.626 [JavaFX Application Thread] DEBUG GameApplication      - Exiting FXGL
14:47:02.626 [JavaFX Application Thread] DEBUG LoopRunner           - Stopping loop
14:47:02.627 [JavaFX Application Thread] DEBUG SystemBundleService  - Saving FXGL system data
14:47:02.629 [JavaFX Application Thread] DEBUG FileSystemAccess     - Writing to: /home/danny/Repos/unnecessary.ly-frontend-javafx/system/fxgl.bundle
14:47:02.631 [JavaFX Application Thread] DEBUG GameApplication      - Shutting down background threads
14:47:02.631 [JavaFX Application Thread] DEBUG GameApplication      - Closing logger and exiting JavaFX
