12:02:58.415 [main                     ] DEBUG GameApplication      - Logger initialized
12:02:58.427 [main                     ] DEBUG GameApplication      - Logging settings
Title: Brick Breaker
Version: 0.2
Width: 1920
Height: 1080
Fullscreen: false
Intro: false
Profiling: false
Single step:false
App Mode: DEVELOPER
Menu Key: ESCAPE
Stage Style: DECORATED
Scene Factory: class com.almasb.fxgl.app.scene.SceneFactory

12:02:58.677 [JavaFX Application Thread] DEBUG GameApplication      - Initializing FXGL
12:02:58.682 [JavaFX Application Thread] INFO  Engine               - FXGL-11.9 (27.05.2020 17.06) on LINUX (J:15-ea FX:11)
12:02:58.683 [JavaFX Application Thread] DEBUG Engine               - JRE Vendor Name: Oracle Corporation
12:02:58.683 [JavaFX Application Thread] DEBUG Engine               - Running on OS: Linux version 5.7.7-arch1-1
12:02:58.683 [JavaFX Application Thread] DEBUG Engine               - Architecture: amd64
12:02:58.683 [JavaFX Application Thread] INFO  Engine               - Source code and latest versions at: https://github.com/AlmasB/FXGL
12:02:58.683 [JavaFX Application Thread] INFO  Engine               -              Join the FXGL chat at: https://gitter.im/AlmasB/FXGL
12:02:58.784 [JavaFX Application Thread] DEBUG MainWindow           - Creating a JavaFX scene
12:02:58.827 [JavaFX Application Thread] DEBUG MainWindow           - Target settings size: 1920.0 x 1080.0
12:02:58.828 [JavaFX Application Thread] DEBUG MainWindow           - Scaled scene size:    1920.0 x 1080.0
12:02:58.828 [JavaFX Application Thread] DEBUG MainWindow           - Scaled ratio: (1.0, 1.0)
12:02:58.829 [JavaFX Application Thread] DEBUG MainWindow           - Set initial scene to FXGLStartupScene
12:02:58.833 [JavaFX Application Thread] DEBUG MainWindow           - Opening main window
12:02:58.859 [JavaFX Application Thread] DEBUG MainWindow           - Window border size: (2.0, 29.0)
12:02:58.859 [JavaFX Application Thread] DEBUG MainWindow           - Scaled size: 1920.0 x 1080.0
12:02:58.860 [JavaFX Application Thread] DEBUG MainWindow           - Scaled ratio: (1.0, 1.0)
12:02:58.860 [JavaFX Application Thread] DEBUG MainWindow           - Scene size: 1920.0 x 1080.0
12:02:58.860 [JavaFX Application Thread] DEBUG MainWindow           - Stage size: 1922.0 x 1109.0
12:02:58.865 [FXGL Background Thread 1 ] DEBUG Engine               - Initializing environment variables
12:02:58.897 [FXGL Background Thread 1 ] DEBUG WindowService        - Applying CSS: fxgl_dark.css
12:02:58.898 [FXGL Background Thread 1 ] DEBUG AssetLoaderService   - Loading from file system: /assets/ui/css/fxgl_dark.css
12:02:58.977 [FXGL Background Thread 1 ] DEBUG WindowService        - Initializing application scenes
12:02:59.073 [FXGL Background Thread 1 ] DEBUG GameWorld            - Game world initialized
12:02:59.162 [FXGL Background Thread 1 ] DEBUG PhysicsWorld         - Physics world initialized: appHeight=1080, physics.ppm=50,0
12:02:59.175 [FXGL Background Thread 1 ] DEBUG GameScene            - Game scene initialized: 1920x1080
12:02:59.227 [FXGL Background Thread 1 ] DEBUG AssetLoaderService   - Loading from file system: /assets/textures/particles/trace_horizontal.png
12:02:59.326 [FXGL Background Thread 1 ] DEBUG FXGL.DefaultMenu     - createMenuBodyGameMenu()
12:02:59.370 [FXGL Background Thread 1 ] DEBUG FXGL.DefaultMenu     - createOptionsMenu()
12:02:59.386 [FXGL Background Thread 1 ] DEBUG AssetLoaderService   - Loading from file system: /assets/textures/particles/smoke.png
12:02:59.490 [FXGL Background Thread 1 ] DEBUG WindowService        - Application scenes initialized
12:02:59.521 [FXGL Background Thread 1 ] DEBUG SystemBundleService  - Loading FXGL system data
12:02:59.535 [FXGL Background Thread 1 ] DEBUG FileSystemAccess     - Reading from: /home/danny/Repos/unnecessary.ly-frontend-javafx/system/fxgl.bundle
12:02:59.549 [FXGL Background Thread 1 ] DEBUG SystemBundleService  - Bundle FXGL: {}
12:02:59.549 [FXGL Background Thread 1 ] INFO  Engine               - FXGL initialization took: 0,682 sec
12:02:59.551 [FXGL Background Thread 1 ] DEBUG GameApplication      - Loading localizations
12:02:59.553 [FXGL Background Thread 1 ] DEBUG AssetLoaderService   - Loading from file system: /assets/languages/english.lang
12:02:59.577 [FXGL Background Thread 1 ] DEBUG AssetLoaderService   - Loading from file system: /assets/languages/french.lang
12:02:59.583 [FXGL Background Thread 1 ] DEBUG AssetLoaderService   - Loading from file system: /assets/languages/german.lang
12:02:59.589 [FXGL Background Thread 1 ] DEBUG AssetLoaderService   - Loading from file system: /assets/languages/hungarian.lang
12:02:59.593 [FXGL Background Thread 1 ] DEBUG AssetLoaderService   - Loading from file system: /assets/languages/russian.lang
12:02:59.600 [FXGL Background Thread 1 ] DEBUG GameApplication      - Registering font factories with UI factory
12:02:59.600 [FXGL Background Thread 1 ] DEBUG AssetLoaderService   - Loading from file system: /assets/ui/fonts/VarelaRound-Regular.ttf
12:02:59.617 [FXGL Background Thread 1 ] DEBUG AssetLoaderService   - Loading from file system: /assets/ui/fonts/Abel-Regular.ttf
12:02:59.619 [FXGL Background Thread 1 ] DEBUG AssetLoaderService   - Loading from file system: /assets/ui/fonts/lucida_console.ttf
12:02:59.622 [FXGL Background Thread 1 ] DEBUG AssetLoaderService   - Loading from file system: /assets/ui/fonts/Courier-Prime.ttf
12:02:59.626 [JavaFX Application Thread] DEBUG AssetLoaderService   - Loading from file system: /assets/textures/fxgl_icon.png
12:02:59.670 [JavaFX Application Thread] DEBUG AssetLoaderService   - Loading from file system: /assets/ui/cursors/fxgl_default.png
12:02:59.685 [JavaFX Application Thread] DEBUG Input                - Registered new binding: Screenshot - P
12:02:59.685 [JavaFX Application Thread] DEBUG Input                - Registered new binding: System info dump - CTRL+9
12:02:59.686 [JavaFX Application Thread] DEBUG Input                - Registered new binding: Restart - CTRL+R
12:02:59.686 [JavaFX Application Thread] DEBUG LoopRunner           - Starting loop
12:02:59.696 [JavaFX Application Thread] DEBUG FXGLStartupScene     - STARTUP
12:02:59.697 [JavaFX Application Thread] DEBUG WindowService        - Starting new game
12:02:59.698 [JavaFX Application Thread] DEBUG Input                - Clearing active input actions
12:02:59.721 [JavaFX Application Thread] DEBUG WindowService        - Removing overlay from FXGLStartupScene and adding to FXGLLoadingScene
12:02:59.723 [JavaFX Application Thread] DEBUG MainWindow           - FXGLStartupScene -> FXGLLoadingScene
12:02:59.723 [JavaFX Application Thread] DEBUG WindowService        - Clearing previous game
12:02:59.724 [JavaFX Application Thread] DEBUG GameScene            - Clearing game scene
12:02:59.725 [JavaFX Application Thread] DEBUG GameWorld            - Clearing game world
12:02:59.725 [JavaFX Application Thread] DEBUG PhysicsWorld         - Clearing physics world
12:02:59.729 [FXGL Background Thread 1 ] DEBUG GameApplication      - Initializing game
12:02:59.767 [FXGL Background Thread 1 ] DEBUG AssetLoaderService   - Loading from file system: /assets/textures/brick.png
12:02:59.769 [FXGL Background Thread 1 ] DEBUG AssetLoaderService   - Loading from cache: /assets/textures/brick.png
12:02:59.773 [FXGL Background Thread 1 ] DEBUG AssetLoaderService   - Loading from cache: /assets/textures/brick.png
12:02:59.776 [FXGL Background Thread 1 ] DEBUG AssetLoaderService   - Loading from cache: /assets/textures/brick.png
12:02:59.778 [FXGL Background Thread 1 ] DEBUG AssetLoaderService   - Loading from cache: /assets/textures/brick.png
12:02:59.779 [FXGL Background Thread 1 ] DEBUG AssetLoaderService   - Loading from cache: /assets/textures/brick.png
12:02:59.782 [FXGL Background Thread 1 ] DEBUG AssetLoaderService   - Loading from cache: /assets/textures/brick.png
12:02:59.785 [FXGL Background Thread 1 ] DEBUG AssetLoaderService   - Loading from cache: /assets/textures/brick.png
12:02:59.788 [FXGL Background Thread 1 ] DEBUG AssetLoaderService   - Loading from cache: /assets/textures/brick.png
12:02:59.791 [FXGL Background Thread 1 ] DEBUG AssetLoaderService   - Loading from cache: /assets/textures/brick.png
12:02:59.794 [FXGL Background Thread 1 ] DEBUG AssetLoaderService   - Loading from cache: /assets/textures/brick.png
12:02:59.796 [FXGL Background Thread 1 ] DEBUG AssetLoaderService   - Loading from cache: /assets/textures/brick.png
12:02:59.798 [FXGL Background Thread 1 ] DEBUG AssetLoaderService   - Loading from cache: /assets/textures/brick.png
12:02:59.799 [FXGL Background Thread 1 ] DEBUG AssetLoaderService   - Loading from cache: /assets/textures/brick.png
12:02:59.802 [FXGL Background Thread 1 ] DEBUG AssetLoaderService   - Loading from cache: /assets/textures/brick.png
12:02:59.805 [FXGL Background Thread 1 ] DEBUG AssetLoaderService   - Loading from cache: /assets/textures/brick.png
12:02:59.806 [FXGL Background Thread 1 ] DEBUG AssetLoaderService   - Loading from cache: /assets/textures/brick.png
12:02:59.806 [FXGL Background Thread 1 ] DEBUG AssetLoaderService   - Loading from cache: /assets/textures/brick.png
12:02:59.807 [FXGL Background Thread 1 ] DEBUG AssetLoaderService   - Loading from cache: /assets/textures/brick.png
12:02:59.808 [FXGL Background Thread 1 ] DEBUG AssetLoaderService   - Loading from cache: /assets/textures/brick.png
12:02:59.808 [FXGL Background Thread 1 ] DEBUG AssetLoaderService   - Loading from cache: /assets/textures/brick.png
12:02:59.809 [FXGL Background Thread 1 ] DEBUG AssetLoaderService   - Loading from cache: /assets/textures/brick.png
12:02:59.810 [FXGL Background Thread 1 ] DEBUG AssetLoaderService   - Loading from cache: /assets/textures/brick.png
12:02:59.811 [FXGL Background Thread 1 ] DEBUG AssetLoaderService   - Loading from cache: /assets/textures/brick.png
12:02:59.811 [FXGL Background Thread 1 ] DEBUG AssetLoaderService   - Loading from cache: /assets/textures/brick.png
12:02:59.812 [FXGL Background Thread 1 ] DEBUG AssetLoaderService   - Loading from cache: /assets/textures/brick.png
12:02:59.812 [FXGL Background Thread 1 ] DEBUG AssetLoaderService   - Loading from cache: /assets/textures/brick.png
12:02:59.816 [FXGL Background Thread 1 ] DEBUG AssetLoaderService   - Loading from cache: /assets/textures/brick.png
12:02:59.817 [FXGL Background Thread 1 ] DEBUG AssetLoaderService   - Loading from cache: /assets/textures/brick.png
12:02:59.819 [FXGL Background Thread 1 ] DEBUG AssetLoaderService   - Loading from cache: /assets/textures/brick.png
12:02:59.821 [FXGL Background Thread 1 ] DEBUG AssetLoaderService   - Loading from cache: /assets/textures/brick.png
12:02:59.823 [FXGL Background Thread 1 ] DEBUG AssetLoaderService   - Loading from cache: /assets/textures/brick.png
12:02:59.824 [FXGL Background Thread 1 ] DEBUG AssetLoaderService   - Loading from cache: /assets/textures/brick.png
12:02:59.825 [FXGL Background Thread 1 ] DEBUG AssetLoaderService   - Loading from cache: /assets/textures/brick.png
12:02:59.826 [FXGL Background Thread 1 ] DEBUG AssetLoaderService   - Loading from cache: /assets/textures/brick.png
12:02:59.826 [FXGL Background Thread 1 ] DEBUG AssetLoaderService   - Loading from cache: /assets/textures/brick.png
12:02:59.827 [FXGL Background Thread 1 ] DEBUG AssetLoaderService   - Loading from cache: /assets/textures/brick.png
12:02:59.828 [FXGL Background Thread 1 ] DEBUG AssetLoaderService   - Loading from cache: /assets/textures/brick.png
12:02:59.828 [FXGL Background Thread 1 ] DEBUG AssetLoaderService   - Loading from cache: /assets/textures/brick.png
12:02:59.829 [FXGL Background Thread 1 ] DEBUG AssetLoaderService   - Loading from cache: /assets/textures/brick.png
12:02:59.830 [FXGL Background Thread 1 ] DEBUG AssetLoaderService   - Loading from cache: /assets/textures/brick.png
12:02:59.831 [FXGL Background Thread 1 ] DEBUG AssetLoaderService   - Loading from cache: /assets/textures/brick.png
12:02:59.859 [FXGL Background Thread 1 ] INFO  GameApplication      - Game initialization took: 0,130 sec
12:02:59.860 [JavaFX Application Thread] DEBUG Input                - Clearing active input actions
12:02:59.897 [JavaFX Application Thread] DEBUG WindowService        - Removing overlay from FXGLLoadingScene and adding to GameScene
12:02:59.898 [JavaFX Application Thread] DEBUG MainWindow           - FXGLLoadingScene -> GameScene
12:03:02.551 [FXGL Background Thread 2 ] DEBUG Engine               - Logging environment variables
12:03:02.551 [FXGL Background Thread 2 ] DEBUG Engine               - achievements: []
12:03:02.552 [FXGL Background Thread 2 ] DEBUG Engine               - appIcon: fxgl_icon.png
12:03:02.552 [FXGL Background Thread 2 ] DEBUG Engine               - applicationMode: DEVELOPER
12:03:02.552 [FXGL Background Thread 2 ] DEBUG Engine               - cSSList: [fxgl_dark.css]
12:03:02.552 [FXGL Background Thread 2 ] DEBUG Engine               - configClass: Optional.empty
12:03:02.552 [FXGL Background Thread 2 ] DEBUG Engine               - credits: []
12:03:02.553 [FXGL Background Thread 2 ] DEBUG Engine               - devBBoxColorProperty: ObjectProperty [value: 0xff0000ff]
12:03:02.553 [FXGL Background Thread 2 ] DEBUG Engine               - devSensorColorProperty: ObjectProperty [value: 0xffff00ff]
12:03:02.553 [FXGL Background Thread 2 ] DEBUG Engine               - devShowBBoxProperty: BooleanProperty [value: false]
12:03:02.553 [FXGL Background Thread 2 ] DEBUG Engine               - devShowPositionProperty: BooleanProperty [value: false]
12:03:02.553 [FXGL Background Thread 2 ] DEBUG Engine               - enabledMenuItems: []
12:03:02.554 [FXGL Background Thread 2 ] DEBUG Engine               - engineServices: [class com.almasb.fxgl.app.GameApplication$GameApplicationService, class com.almasb.fxgl.app.services.WindowService, class com.almasb.fxgl.app.services.FXGLDialogService, class com.almasb.fxgl.app.services.IOTaskExecutorService, class com.almasb.fxgl.event.EventBusService, class com.almasb.fxgl.io.FileSystemService, class com.almasb.fxgl.localization.LocalizationService, class com.almasb.fxgl.app.services.AssetLoaderService, class com.almasb.fxgl.app.services.SystemBundleService, class com.almasb.fxgl.profile.SaveLoadService, class com.almasb.fxgl.ui.FXGLUIFactoryServiceProvider, class com.almasb.fxgl.ui.FXGLDialogFactoryServiceProvider, class com.almasb.fxgl.audio.AudioPlayer, class com.almasb.fxgl.notification.impl.NotificationServiceProvider, class com.almasb.fxgl.achievement.AchievementService, class com.almasb.fxgl.cutscene.CutsceneService, class com.almasb.fxgl.minigames.MiniGameService, class com.almasb.fxgl.net.NetService, class com.almasb.fxgl.app.services.UpdaterService, class com.almasb.fxgl.dev.DevService]
12:03:02.554 [FXGL Background Thread 2 ] DEBUG Engine               - fontGame: Abel-Regular.ttf
12:03:02.554 [FXGL Background Thread 2 ] DEBUG Engine               - fontMono: lucida_console.ttf
12:03:02.554 [FXGL Background Thread 2 ] DEBUG Engine               - fontText: Courier-Prime.ttf
12:03:02.555 [FXGL Background Thread 2 ] DEBUG Engine               - fontUI: VarelaRound-Regular.ttf
12:03:02.555 [FXGL Background Thread 2 ] DEBUG Engine               - fullScreen: BooleanProperty [value: false]
12:03:02.555 [FXGL Background Thread 2 ] DEBUG Engine               - gameDifficulty: MEDIUM
12:03:02.555 [FXGL Background Thread 2 ] DEBUG Engine               - gameDifficultyProperty: ObjectProperty [value: MEDIUM]
12:03:02.555 [FXGL Background Thread 2 ] DEBUG Engine               - globalMusicVolume: 0.5
12:03:02.555 [FXGL Background Thread 2 ] DEBUG Engine               - globalMusicVolumeProperty: DoubleProperty [value: 0.5]
12:03:02.555 [FXGL Background Thread 2 ] DEBUG Engine               - globalSoundVolume: 0.5
12:03:02.556 [FXGL Background Thread 2 ] DEBUG Engine               - globalSoundVolumeProperty: DoubleProperty [value: 0.5]
12:03:02.556 [FXGL Background Thread 2 ] DEBUG Engine               - height: 1080
12:03:02.556 [FXGL Background Thread 2 ] DEBUG Engine               - isAndroid: false
12:03:02.556 [FXGL Background Thread 2 ] DEBUG Engine               - isBrowser: false
12:03:02.556 [FXGL Background Thread 2 ] DEBUG Engine               - isClickFeedbackEnabled: false
12:03:02.556 [FXGL Background Thread 2 ] DEBUG Engine               - isCloseConfirmation: false
12:03:02.556 [FXGL Background Thread 2 ] DEBUG Engine               - isDesktop: true
12:03:02.557 [FXGL Background Thread 2 ] DEBUG Engine               - isDeveloperMenuEnabled: false
12:03:02.557 [FXGL Background Thread 2 ] DEBUG Engine               - isExperimentalNative: false
12:03:02.557 [FXGL Background Thread 2 ] DEBUG Engine               - isExperimentalTiledLargeMap: false
12:03:02.558 [FXGL Background Thread 2 ] DEBUG Engine               - isFullScreenAllowed: false
12:03:02.558 [FXGL Background Thread 2 ] DEBUG Engine               - isFullScreenFromStart: false
12:03:02.558 [FXGL Background Thread 2 ] DEBUG Engine               - isGameMenuEnabled: true
12:03:02.559 [FXGL Background Thread 2 ] DEBUG Engine               - isIOS: false
12:03:02.559 [FXGL Background Thread 2 ] DEBUG Engine               - isIntroEnabled: false
12:03:02.559 [FXGL Background Thread 2 ] DEBUG Engine               - isLinux: true
12:03:02.559 [FXGL Background Thread 2 ] DEBUG Engine               - isMac: false
12:03:02.559 [FXGL Background Thread 2 ] DEBUG Engine               - isMainMenuEnabled: false
12:03:02.559 [FXGL Background Thread 2 ] DEBUG Engine               - isManualResizeEnabled: false
12:03:02.560 [FXGL Background Thread 2 ] DEBUG Engine               - isMobile: false
12:03:02.560 [FXGL Background Thread 2 ] DEBUG Engine               - isPreserveResizeRatio: false
12:03:02.560 [FXGL Background Thread 2 ] DEBUG Engine               - isProfilingEnabled: false
12:03:02.560 [FXGL Background Thread 2 ] DEBUG Engine               - isSingleStep: false
12:03:02.560 [FXGL Background Thread 2 ] DEBUG Engine               - isUserProfileEnabled: false
12:03:02.560 [FXGL Background Thread 2 ] DEBUG Engine               - isWindows: false
12:03:02.560 [FXGL Background Thread 2 ] DEBUG Engine               - language: ObjectProperty [value: ENGLISH]
12:03:02.560 [FXGL Background Thread 2 ] DEBUG Engine               - mainWindow: com.almasb.fxgl.app.MainWindow@6c37ea19
12:03:02.561 [FXGL Background Thread 2 ] DEBUG Engine               - menuKey: ESCAPE
12:03:02.561 [FXGL Background Thread 2 ] DEBUG Engine               - notificationViewClass: class com.almasb.fxgl.notification.view.XboxNotificationView
12:03:02.561 [FXGL Background Thread 2 ] DEBUG Engine               - pixelsPerMeter: 50.0
12:03:02.561 [FXGL Background Thread 2 ] DEBUG Engine               - platform: LINUX
12:03:02.561 [FXGL Background Thread 2 ] DEBUG Engine               - profileDir: profiles/
12:03:02.561 [FXGL Background Thread 2 ] DEBUG Engine               - profileName: StringProperty [value: DEFAULT]
12:03:02.561 [FXGL Background Thread 2 ] DEBUG Engine               - randomSeed: -1
12:03:02.561 [FXGL Background Thread 2 ] DEBUG Engine               - runtimeInfo: RuntimeInfo(platform=LINUX, version=11.9, build=27.05.2020 17.06)
12:03:02.562 [FXGL Background Thread 2 ] DEBUG Engine               - saveFileExt: sav
12:03:02.562 [FXGL Background Thread 2 ] DEBUG Engine               - sceneFactory: com.almasb.fxgl.app.scene.SceneFactory@68086347
12:03:02.562 [FXGL Background Thread 2 ] DEBUG Engine               - secondsIn24h: 60
12:03:02.562 [FXGL Background Thread 2 ] DEBUG Engine               - settings: Title: Brick Breaker
Version: 0.2
Width: 1920
Height: 1080
Fullscreen: false
Intro: false
Profiling: false
Single step:false
App Mode: DEVELOPER
Menu Key: ESCAPE
Stage Style: DECORATED
Scene Factory: class com.almasb.fxgl.app.scene.SceneFactory

12:03:02.562 [FXGL Background Thread 2 ] DEBUG Engine               - soundMenuBack: menu/back.wav
12:03:02.562 [FXGL Background Thread 2 ] DEBUG Engine               - soundMenuPress: menu/press.wav
12:03:02.562 [FXGL Background Thread 2 ] DEBUG Engine               - soundMenuSelect: menu/select.wav
12:03:02.563 [FXGL Background Thread 2 ] DEBUG Engine               - soundNotification: core/notification.wav
12:03:02.563 [FXGL Background Thread 2 ] DEBUG Engine               - stageStyle: DECORATED
12:03:02.563 [FXGL Background Thread 2 ] DEBUG Engine               - supportedLanguages: [ENGLISH, FRENCH, GERMAN, HUNGARIAN, RUSSIAN]
12:03:02.563 [FXGL Background Thread 2 ] DEBUG Engine               - title: Brick Breaker
12:03:02.563 [FXGL Background Thread 2 ] DEBUG Engine               - urlGithub: https://github.com/AlmasB/FXGL
12:03:02.563 [FXGL Background Thread 2 ] DEBUG Engine               - urlLeaderboard: http://fxgl-top.herokuapp.com/
12:03:02.563 [FXGL Background Thread 2 ] DEBUG Engine               - urlPOM: https://raw.githubusercontent.com/AlmasB/FXGL/master/pom.xml
12:03:02.563 [FXGL Background Thread 2 ] DEBUG Engine               - version: 0.2
12:03:02.563 [FXGL Background Thread 2 ] DEBUG Engine               - versionCheckDays: 7
12:03:02.563 [FXGL Background Thread 2 ] DEBUG Engine               - width: 1920
12:03:02.563 [FXGL Background Thread 2 ] DEBUG Engine               - Logging services
12:03:02.564 [FXGL Background Thread 2 ] DEBUG Engine               - class com.almasb.fxgl.app.GameApplication$GameApplicationService
12:03:02.564 [FXGL Background Thread 2 ] DEBUG Engine               - class com.almasb.fxgl.app.services.WindowService
12:03:02.565 [FXGL Background Thread 2 ] DEBUG Engine               - class com.almasb.fxgl.app.services.FXGLDialogService
12:03:02.565 [FXGL Background Thread 2 ] DEBUG Engine               - class com.almasb.fxgl.app.services.IOTaskExecutorService
12:03:02.565 [FXGL Background Thread 2 ] DEBUG Engine               - class com.almasb.fxgl.event.EventBusService
12:03:02.565 [FXGL Background Thread 2 ] DEBUG Engine               - class com.almasb.fxgl.io.FileSystemService
12:03:02.566 [FXGL Background Thread 2 ] DEBUG Engine               - class com.almasb.fxgl.localization.LocalizationService
12:03:02.566 [FXGL Background Thread 2 ] DEBUG Engine               - class com.almasb.fxgl.app.services.AssetLoaderService
12:03:02.566 [FXGL Background Thread 2 ] DEBUG Engine               - class com.almasb.fxgl.app.services.SystemBundleService
12:03:02.566 [FXGL Background Thread 2 ] DEBUG Engine               - class com.almasb.fxgl.profile.SaveLoadService
12:03:02.566 [FXGL Background Thread 2 ] DEBUG Engine               - class com.almasb.fxgl.ui.FXGLUIFactoryServiceProvider
12:03:02.566 [FXGL Background Thread 2 ] DEBUG Engine               - class com.almasb.fxgl.ui.FXGLDialogFactoryServiceProvider
12:03:02.567 [FXGL Background Thread 2 ] DEBUG Engine               - class com.almasb.fxgl.audio.AudioPlayer
12:03:02.567 [FXGL Background Thread 2 ] DEBUG Engine               - class com.almasb.fxgl.notification.impl.NotificationServiceProvider
12:03:02.567 [FXGL Background Thread 2 ] DEBUG Engine               - class com.almasb.fxgl.achievement.AchievementService
12:03:02.567 [FXGL Background Thread 2 ] DEBUG Engine               - class com.almasb.fxgl.cutscene.CutsceneService
12:03:02.567 [FXGL Background Thread 2 ] DEBUG Engine               - class com.almasb.fxgl.minigames.MiniGameService
12:03:02.568 [FXGL Background Thread 2 ] DEBUG Engine               - class com.almasb.fxgl.net.NetService
12:03:02.568 [FXGL Background Thread 2 ] DEBUG Engine               - class com.almasb.fxgl.app.services.UpdaterService
12:03:02.569 [FXGL Background Thread 2 ] DEBUG Engine               - class com.almasb.fxgl.dev.DevService
12:03:39.526 [JavaFX Application Thread] DEBUG GameApplication      - Exiting FXGL
12:03:39.526 [JavaFX Application Thread] DEBUG LoopRunner           - Stopping loop
12:03:39.527 [JavaFX Application Thread] DEBUG SystemBundleService  - Saving FXGL system data
12:03:39.528 [JavaFX Application Thread] DEBUG FileSystemAccess     - Writing to: /home/danny/Repos/unnecessary.ly-frontend-javafx/system/fxgl.bundle
12:03:39.529 [JavaFX Application Thread] DEBUG GameApplication      - Shutting down background threads
12:03:39.529 [JavaFX Application Thread] DEBUG GameApplication      - Closing logger and exiting JavaFX
