14:24:03.717 [main                     ] DEBUG GameApplication      - Logger initialized
14:24:03.741 [main                     ] DEBUG GameApplication      - Logging settings
Title: Brick Breaker
Version: 0.2
Width: 1920
Height: 1080
Fullscreen: false
Intro: false
Profiling: false
Single step:false
App Mode: DEVELOPER
Menu Key: ESCAPE
Stage Style: DECORATED
Scene Factory: class com.almasb.fxgl.app.scene.SceneFactory

14:24:04.488 [JavaFX Application Thread] DEBUG GameApplication      - Initializing FXGL
14:24:04.504 [JavaFX Application Thread] INFO  Engine               - FXGL-11.9 (27.05.2020 17.06) on WINDOWS (J:14.0.1 FX:11)
14:24:04.504 [JavaFX Application Thread] DEBUG Engine               - JRE Vendor Name: Oracle Corporation
14:24:04.504 [JavaFX Application Thread] DEBUG Engine               - Running on OS: Windows 10 version 10.0
14:24:04.505 [JavaFX Application Thread] DEBUG Engine               - Architecture: amd64
14:24:04.505 [JavaFX Application Thread] INFO  Engine               - Source code and latest versions at: https://github.com/AlmasB/FXGL
14:24:04.505 [JavaFX Application Thread] INFO  Engine               -              Join the FXGL chat at: https://gitter.im/AlmasB/FXGL
14:24:05.035 [JavaFX Application Thread] DEBUG MainWindow           - Creating a JavaFX scene
14:24:05.136 [JavaFX Application Thread] DEBUG MainWindow           - Target settings size: 1920.0 x 1080.0
14:24:05.136 [JavaFX Application Thread] DEBUG MainWindow           - Scaled scene size:    1920.0 x 1080.0
14:24:05.136 [JavaFX Application Thread] DEBUG MainWindow           - Scaled ratio: (1.0, 1.0)
14:24:05.138 [JavaFX Application Thread] DEBUG MainWindow           - Set initial scene to FXGLStartupScene
14:24:05.146 [JavaFX Application Thread] DEBUG MainWindow           - Opening main window
14:24:05.291 [JavaFX Application Thread] DEBUG MainWindow           - Window border size: (14.6666259765625, 37.3333740234375)
14:24:05.292 [JavaFX Application Thread] DEBUG MainWindow           - Scaled size: 1920.0 x 1080.0
14:24:05.292 [JavaFX Application Thread] DEBUG MainWindow           - Scaled ratio: (1.0, 1.0)
14:24:05.292 [JavaFX Application Thread] DEBUG MainWindow           - Scene size: 1920.0 x 1080.0
14:24:05.292 [JavaFX Application Thread] DEBUG MainWindow           - Stage size: 1934.6666259765625 x 1117.3333740234375
14:24:05.318 [FXGL Background Thread 1 ] DEBUG Engine               - Initializing environment variables
14:24:05.343 [FXGL Background Thread 1 ] DEBUG WindowService        - Applying CSS: fxgl_dark.css
14:24:05.344 [FXGL Background Thread 1 ] DEBUG AssetLoaderService   - Loading from file system: /assets/ui/css/fxgl_dark.css
14:24:05.389 [FXGL Background Thread 1 ] DEBUG WindowService        - Initializing application scenes
14:24:05.494 [FXGL Background Thread 1 ] DEBUG GameWorld            - Game world initialized
14:24:05.536 [FXGL Background Thread 1 ] DEBUG PhysicsWorld         - Physics world initialized: appHeight=1080, physics.ppm=50,0
14:24:05.539 [FXGL Background Thread 1 ] DEBUG GameScene            - Game scene initialized: 1920x1080
14:24:05.571 [FXGL Background Thread 1 ] DEBUG AssetLoaderService   - Loading from file system: /assets/textures/particles/trace_horizontal.png
14:24:05.628 [FXGL Background Thread 1 ] DEBUG FXGL.DefaultMenu     - createMenuBodyGameMenu()
14:24:05.646 [FXGL Background Thread 1 ] DEBUG FXGL.DefaultMenu     - createOptionsMenu()
14:24:05.651 [FXGL Background Thread 1 ] DEBUG AssetLoaderService   - Loading from file system: /assets/textures/particles/smoke.png
14:24:05.705 [FXGL Background Thread 1 ] DEBUG WindowService        - Application scenes initialized
14:24:05.720 [FXGL Background Thread 1 ] DEBUG SystemBundleService  - Loading FXGL system data
14:24:05.723 [FXGL Background Thread 1 ] DEBUG FileSystemAccess     - Reading from: C:\Users\CabCon\IdeaProjects\unnecessary.ly-frontend-javafx\system\fxgl.bundle
14:24:05.730 [FXGL Background Thread 1 ] DEBUG SystemBundleService  - Bundle FXGL: {}
14:24:05.730 [FXGL Background Thread 1 ] INFO  Engine               - FXGL initialization took: 0,411 sec
14:24:05.732 [FXGL Background Thread 1 ] DEBUG GameApplication      - Loading localizations
14:24:05.733 [FXGL Background Thread 1 ] DEBUG AssetLoaderService   - Loading from file system: /assets/languages/english.lang
14:24:05.747 [FXGL Background Thread 1 ] DEBUG AssetLoaderService   - Loading from file system: /assets/languages/french.lang
14:24:05.748 [FXGL Background Thread 1 ] DEBUG AssetLoaderService   - Loading from file system: /assets/languages/german.lang
14:24:05.750 [FXGL Background Thread 1 ] DEBUG AssetLoaderService   - Loading from file system: /assets/languages/hungarian.lang
14:24:05.752 [FXGL Background Thread 1 ] DEBUG AssetLoaderService   - Loading from file system: /assets/languages/russian.lang
14:24:05.754 [FXGL Background Thread 1 ] DEBUG GameApplication      - Registering font factories with UI factory
14:24:05.755 [FXGL Background Thread 1 ] DEBUG AssetLoaderService   - Loading from file system: /assets/ui/fonts/VarelaRound-Regular.ttf
14:24:05.805 [FXGL Background Thread 1 ] DEBUG AssetLoaderService   - Loading from file system: /assets/ui/fonts/Abel-Regular.ttf
14:24:05.808 [FXGL Background Thread 1 ] DEBUG AssetLoaderService   - Loading from file system: /assets/ui/fonts/lucida_console.ttf
14:24:05.814 [FXGL Background Thread 1 ] DEBUG AssetLoaderService   - Loading from file system: /assets/ui/fonts/Courier-Prime.ttf
14:24:05.818 [JavaFX Application Thread] DEBUG AssetLoaderService   - Loading from file system: /assets/textures/fxgl_icon.png
14:24:05.842 [JavaFX Application Thread] DEBUG AssetLoaderService   - Loading from file system: /assets/ui/cursors/fxgl_default.png
14:24:05.851 [JavaFX Application Thread] DEBUG Input                - Registered new binding: Screenshot - P
14:24:05.852 [JavaFX Application Thread] DEBUG Input                - Registered new binding: System info dump - CTRL+9
14:24:05.853 [JavaFX Application Thread] DEBUG Input                - Registered new binding: Restart - CTRL+R
14:24:05.854 [JavaFX Application Thread] DEBUG LoopRunner           - Starting loop
14:24:05.865 [JavaFX Application Thread] DEBUG FXGLStartupScene     - STARTUP
14:24:05.865 [JavaFX Application Thread] DEBUG WindowService        - Starting new game
14:24:05.865 [JavaFX Application Thread] DEBUG Input                - Clearing active input actions
14:24:05.883 [JavaFX Application Thread] DEBUG WindowService        - Removing overlay from FXGLStartupScene and adding to FXGLLoadingScene
14:24:05.883 [JavaFX Application Thread] DEBUG MainWindow           - FXGLStartupScene -> FXGLLoadingScene
14:24:05.883 [JavaFX Application Thread] DEBUG WindowService        - Clearing previous game
14:24:05.883 [JavaFX Application Thread] DEBUG GameScene            - Clearing game scene
14:24:05.883 [JavaFX Application Thread] DEBUG GameWorld            - Clearing game world
14:24:05.884 [JavaFX Application Thread] DEBUG PhysicsWorld         - Clearing physics world
14:24:05.885 [FXGL Background Thread 1 ] DEBUG GameApplication      - Initializing game
14:24:05.911 [FXGL Background Thread 1 ] DEBUG AssetLoaderService   - Loading from file system: /assets/textures/brick.png
14:24:05.916 [FXGL Background Thread 1 ] DEBUG AssetLoaderService   - Loading from cache: /assets/textures/brick.png
14:24:05.916 [FXGL Background Thread 1 ] DEBUG AssetLoaderService   - Loading from cache: /assets/textures/brick.png
14:24:05.917 [FXGL Background Thread 1 ] DEBUG AssetLoaderService   - Loading from cache: /assets/textures/brick.png
14:24:05.918 [FXGL Background Thread 1 ] DEBUG AssetLoaderService   - Loading from cache: /assets/textures/brick.png
14:24:05.919 [FXGL Background Thread 1 ] DEBUG AssetLoaderService   - Loading from cache: /assets/textures/brick.png
14:24:05.920 [FXGL Background Thread 1 ] DEBUG AssetLoaderService   - Loading from cache: /assets/textures/brick.png
14:24:05.920 [FXGL Background Thread 1 ] DEBUG AssetLoaderService   - Loading from cache: /assets/textures/brick.png
14:24:05.921 [FXGL Background Thread 1 ] DEBUG AssetLoaderService   - Loading from cache: /assets/textures/brick.png
14:24:05.922 [FXGL Background Thread 1 ] DEBUG AssetLoaderService   - Loading from cache: /assets/textures/brick.png
14:24:05.922 [FXGL Background Thread 1 ] DEBUG AssetLoaderService   - Loading from cache: /assets/textures/brick.png
14:24:05.923 [FXGL Background Thread 1 ] DEBUG AssetLoaderService   - Loading from cache: /assets/textures/brick.png
14:24:05.924 [FXGL Background Thread 1 ] DEBUG AssetLoaderService   - Loading from cache: /assets/textures/brick.png
14:24:05.925 [FXGL Background Thread 1 ] DEBUG AssetLoaderService   - Loading from cache: /assets/textures/brick.png
14:24:05.926 [FXGL Background Thread 1 ] DEBUG AssetLoaderService   - Loading from cache: /assets/textures/brick.png
14:24:05.927 [FXGL Background Thread 1 ] DEBUG AssetLoaderService   - Loading from cache: /assets/textures/brick.png
14:24:05.928 [FXGL Background Thread 1 ] DEBUG AssetLoaderService   - Loading from cache: /assets/textures/brick.png
14:24:05.928 [FXGL Background Thread 1 ] DEBUG AssetLoaderService   - Loading from cache: /assets/textures/brick.png
14:24:05.931 [FXGL Background Thread 1 ] DEBUG AssetLoaderService   - Loading from cache: /assets/textures/brick.png
14:24:05.933 [FXGL Background Thread 1 ] DEBUG AssetLoaderService   - Loading from cache: /assets/textures/brick.png
14:24:05.934 [FXGL Background Thread 1 ] DEBUG AssetLoaderService   - Loading from cache: /assets/textures/brick.png
14:24:05.935 [FXGL Background Thread 1 ] DEBUG AssetLoaderService   - Loading from cache: /assets/textures/brick.png
14:24:05.936 [FXGL Background Thread 1 ] DEBUG AssetLoaderService   - Loading from cache: /assets/textures/brick.png
14:24:05.936 [FXGL Background Thread 1 ] DEBUG AssetLoaderService   - Loading from cache: /assets/textures/brick.png
14:24:05.937 [FXGL Background Thread 1 ] DEBUG AssetLoaderService   - Loading from cache: /assets/textures/brick.png
14:24:05.938 [FXGL Background Thread 1 ] DEBUG AssetLoaderService   - Loading from cache: /assets/textures/brick.png
14:24:05.938 [FXGL Background Thread 1 ] DEBUG AssetLoaderService   - Loading from cache: /assets/textures/brick.png
14:24:05.939 [FXGL Background Thread 1 ] DEBUG AssetLoaderService   - Loading from cache: /assets/textures/brick.png
14:24:05.943 [FXGL Background Thread 1 ] DEBUG AssetLoaderService   - Loading from cache: /assets/textures/brick.png
14:24:05.945 [FXGL Background Thread 1 ] DEBUG AssetLoaderService   - Loading from cache: /assets/textures/brick.png
14:24:05.947 [FXGL Background Thread 1 ] DEBUG AssetLoaderService   - Loading from cache: /assets/textures/brick.png
14:24:05.949 [FXGL Background Thread 1 ] DEBUG AssetLoaderService   - Loading from cache: /assets/textures/brick.png
14:24:05.952 [FXGL Background Thread 1 ] DEBUG AssetLoaderService   - Loading from cache: /assets/textures/brick.png
14:24:05.954 [FXGL Background Thread 1 ] DEBUG AssetLoaderService   - Loading from cache: /assets/textures/brick.png
14:24:05.955 [FXGL Background Thread 1 ] DEBUG AssetLoaderService   - Loading from cache: /assets/textures/brick.png
14:24:05.957 [FXGL Background Thread 1 ] DEBUG AssetLoaderService   - Loading from cache: /assets/textures/brick.png
14:24:05.958 [FXGL Background Thread 1 ] DEBUG AssetLoaderService   - Loading from cache: /assets/textures/brick.png
14:24:05.962 [FXGL Background Thread 1 ] DEBUG AssetLoaderService   - Loading from cache: /assets/textures/brick.png
14:24:05.963 [FXGL Background Thread 1 ] DEBUG AssetLoaderService   - Loading from cache: /assets/textures/brick.png
14:24:05.963 [FXGL Background Thread 1 ] DEBUG AssetLoaderService   - Loading from cache: /assets/textures/brick.png
14:24:05.964 [FXGL Background Thread 1 ] DEBUG AssetLoaderService   - Loading from cache: /assets/textures/brick.png
14:24:05.965 [FXGL Background Thread 1 ] DEBUG AssetLoaderService   - Loading from cache: /assets/textures/brick.png
14:24:06.011 [FXGL Background Thread 1 ] INFO  GameApplication      - Game initialization took: 0,125 sec
14:24:06.012 [JavaFX Application Thread] DEBUG Input                - Clearing active input actions
14:24:06.032 [JavaFX Application Thread] DEBUG WindowService        - Removing overlay from FXGLLoadingScene and adding to GameScene
14:24:06.033 [JavaFX Application Thread] DEBUG MainWindow           - FXGLLoadingScene -> GameScene
14:24:08.732 [FXGL Background Thread 2 ] DEBUG Engine               - Logging environment variables
14:24:08.732 [FXGL Background Thread 2 ] DEBUG Engine               - achievements: []
14:24:08.732 [FXGL Background Thread 2 ] DEBUG Engine               - appIcon: fxgl_icon.png
14:24:08.732 [FXGL Background Thread 2 ] DEBUG Engine               - applicationMode: DEVELOPER
14:24:08.733 [FXGL Background Thread 2 ] DEBUG Engine               - cSSList: [fxgl_dark.css]
14:24:08.733 [FXGL Background Thread 2 ] DEBUG Engine               - configClass: Optional.empty
14:24:08.733 [FXGL Background Thread 2 ] DEBUG Engine               - credits: []
14:24:08.733 [FXGL Background Thread 2 ] DEBUG Engine               - devBBoxColorProperty: ObjectProperty [value: 0xff0000ff]
14:24:08.733 [FXGL Background Thread 2 ] DEBUG Engine               - devSensorColorProperty: ObjectProperty [value: 0xffff00ff]
14:24:08.733 [FXGL Background Thread 2 ] DEBUG Engine               - devShowBBoxProperty: BooleanProperty [value: false]
14:24:08.733 [FXGL Background Thread 2 ] DEBUG Engine               - devShowPositionProperty: BooleanProperty [value: false]
14:24:08.733 [FXGL Background Thread 2 ] DEBUG Engine               - enabledMenuItems: []
14:24:08.734 [FXGL Background Thread 2 ] DEBUG Engine               - engineServices: [class com.almasb.fxgl.app.GameApplication$GameApplicationService, class com.almasb.fxgl.app.services.WindowService, class com.almasb.fxgl.app.services.FXGLDialogService, class com.almasb.fxgl.app.services.IOTaskExecutorService, class com.almasb.fxgl.event.EventBusService, class com.almasb.fxgl.io.FileSystemService, class com.almasb.fxgl.localization.LocalizationService, class com.almasb.fxgl.app.services.AssetLoaderService, class com.almasb.fxgl.app.services.SystemBundleService, class com.almasb.fxgl.profile.SaveLoadService, class com.almasb.fxgl.ui.FXGLUIFactoryServiceProvider, class com.almasb.fxgl.ui.FXGLDialogFactoryServiceProvider, class com.almasb.fxgl.audio.AudioPlayer, class com.almasb.fxgl.notification.impl.NotificationServiceProvider, class com.almasb.fxgl.achievement.AchievementService, class com.almasb.fxgl.cutscene.CutsceneService, class com.almasb.fxgl.minigames.MiniGameService, class com.almasb.fxgl.net.NetService, class com.almasb.fxgl.app.services.UpdaterService, class com.almasb.fxgl.dev.DevService]
14:24:08.734 [FXGL Background Thread 2 ] DEBUG Engine               - fontGame: Abel-Regular.ttf
14:24:08.734 [FXGL Background Thread 2 ] DEBUG Engine               - fontMono: lucida_console.ttf
14:24:08.734 [FXGL Background Thread 2 ] DEBUG Engine               - fontText: Courier-Prime.ttf
14:24:08.734 [FXGL Background Thread 2 ] DEBUG Engine               - fontUI: VarelaRound-Regular.ttf
14:24:08.734 [FXGL Background Thread 2 ] DEBUG Engine               - fullScreen: BooleanProperty [value: false]
14:24:08.734 [FXGL Background Thread 2 ] DEBUG Engine               - gameDifficulty: MEDIUM
14:24:08.734 [FXGL Background Thread 2 ] DEBUG Engine               - gameDifficultyProperty: ObjectProperty [value: MEDIUM]
14:24:08.735 [FXGL Background Thread 2 ] DEBUG Engine               - globalMusicVolume: 0.5
14:24:08.735 [FXGL Background Thread 2 ] DEBUG Engine               - globalMusicVolumeProperty: DoubleProperty [value: 0.5]
14:24:08.735 [FXGL Background Thread 2 ] DEBUG Engine               - globalSoundVolume: 0.5
14:24:08.735 [FXGL Background Thread 2 ] DEBUG Engine               - globalSoundVolumeProperty: DoubleProperty [value: 0.5]
14:24:08.735 [FXGL Background Thread 2 ] DEBUG Engine               - height: 1080
14:24:08.735 [FXGL Background Thread 2 ] DEBUG Engine               - isAndroid: false
14:24:08.735 [FXGL Background Thread 2 ] DEBUG Engine               - isBrowser: false
14:24:08.736 [FXGL Background Thread 2 ] DEBUG Engine               - isClickFeedbackEnabled: false
14:24:08.736 [FXGL Background Thread 2 ] DEBUG Engine               - isCloseConfirmation: false
14:24:08.736 [FXGL Background Thread 2 ] DEBUG Engine               - isDesktop: true
14:24:08.736 [FXGL Background Thread 2 ] DEBUG Engine               - isDeveloperMenuEnabled: false
14:24:08.736 [FXGL Background Thread 2 ] DEBUG Engine               - isExperimentalNative: false
14:24:08.736 [FXGL Background Thread 2 ] DEBUG Engine               - isExperimentalTiledLargeMap: false
14:24:08.736 [FXGL Background Thread 2 ] DEBUG Engine               - isFullScreenAllowed: false
14:24:08.736 [FXGL Background Thread 2 ] DEBUG Engine               - isFullScreenFromStart: false
14:24:08.736 [FXGL Background Thread 2 ] DEBUG Engine               - isGameMenuEnabled: true
14:24:08.736 [FXGL Background Thread 2 ] DEBUG Engine               - isIOS: false
14:24:08.736 [FXGL Background Thread 2 ] DEBUG Engine               - isIntroEnabled: false
14:24:08.737 [FXGL Background Thread 2 ] DEBUG Engine               - isLinux: false
14:24:08.737 [FXGL Background Thread 2 ] DEBUG Engine               - isMac: false
14:24:08.737 [FXGL Background Thread 2 ] DEBUG Engine               - isMainMenuEnabled: false
14:24:08.737 [FXGL Background Thread 2 ] DEBUG Engine               - isManualResizeEnabled: false
14:24:08.737 [FXGL Background Thread 2 ] DEBUG Engine               - isMobile: false
14:24:08.737 [FXGL Background Thread 2 ] DEBUG Engine               - isPreserveResizeRatio: false
14:24:08.737 [FXGL Background Thread 2 ] DEBUG Engine               - isProfilingEnabled: false
14:24:08.737 [FXGL Background Thread 2 ] DEBUG Engine               - isSingleStep: false
14:24:08.737 [FXGL Background Thread 2 ] DEBUG Engine               - isUserProfileEnabled: false
14:24:08.737 [FXGL Background Thread 2 ] DEBUG Engine               - isWindows: true
14:24:08.737 [FXGL Background Thread 2 ] DEBUG Engine               - language: ObjectProperty [value: ENGLISH]
14:24:08.737 [FXGL Background Thread 2 ] DEBUG Engine               - mainWindow: com.almasb.fxgl.app.MainWindow@510d32aa
14:24:08.737 [FXGL Background Thread 2 ] DEBUG Engine               - menuKey: ESCAPE
14:24:08.737 [FXGL Background Thread 2 ] DEBUG Engine               - notificationViewClass: class com.almasb.fxgl.notification.view.XboxNotificationView
14:24:08.737 [FXGL Background Thread 2 ] DEBUG Engine               - pixelsPerMeter: 50.0
14:24:08.738 [FXGL Background Thread 2 ] DEBUG Engine               - platform: WINDOWS
14:24:08.738 [FXGL Background Thread 2 ] DEBUG Engine               - profileDir: profiles/
14:24:08.738 [FXGL Background Thread 2 ] DEBUG Engine               - profileName: StringProperty [value: DEFAULT]
14:24:08.738 [FXGL Background Thread 2 ] DEBUG Engine               - randomSeed: -1
14:24:08.738 [FXGL Background Thread 2 ] DEBUG Engine               - runtimeInfo: RuntimeInfo(platform=WINDOWS, version=11.9, build=27.05.2020 17.06)
14:24:08.738 [FXGL Background Thread 2 ] DEBUG Engine               - saveFileExt: sav
14:24:08.738 [FXGL Background Thread 2 ] DEBUG Engine               - sceneFactory: com.almasb.fxgl.app.scene.SceneFactory@140fa6ef
14:24:08.738 [FXGL Background Thread 2 ] DEBUG Engine               - secondsIn24h: 60
14:24:08.738 [FXGL Background Thread 2 ] DEBUG Engine               - settings: Title: Brick Breaker
Version: 0.2
Width: 1920
Height: 1080
Fullscreen: false
Intro: false
Profiling: false
Single step:false
App Mode: DEVELOPER
Menu Key: ESCAPE
Stage Style: DECORATED
Scene Factory: class com.almasb.fxgl.app.scene.SceneFactory

14:24:08.738 [FXGL Background Thread 2 ] DEBUG Engine               - soundMenuBack: menu/back.wav
14:24:08.738 [FXGL Background Thread 2 ] DEBUG Engine               - soundMenuPress: menu/press.wav
14:24:08.739 [FXGL Background Thread 2 ] DEBUG Engine               - soundMenuSelect: menu/select.wav
14:24:08.739 [FXGL Background Thread 2 ] DEBUG Engine               - soundNotification: core/notification.wav
14:24:08.739 [FXGL Background Thread 2 ] DEBUG Engine               - stageStyle: DECORATED
14:24:08.739 [FXGL Background Thread 2 ] DEBUG Engine               - supportedLanguages: [ENGLISH, FRENCH, GERMAN, HUNGARIAN, RUSSIAN]
14:24:08.739 [FXGL Background Thread 2 ] DEBUG Engine               - title: Brick Breaker
14:24:08.739 [FXGL Background Thread 2 ] DEBUG Engine               - urlGithub: https://github.com/AlmasB/FXGL
14:24:08.739 [FXGL Background Thread 2 ] DEBUG Engine               - urlLeaderboard: http://fxgl-top.herokuapp.com/
14:24:08.739 [FXGL Background Thread 2 ] DEBUG Engine               - urlPOM: https://raw.githubusercontent.com/AlmasB/FXGL/master/pom.xml
14:24:08.739 [FXGL Background Thread 2 ] DEBUG Engine               - version: 0.2
14:24:08.739 [FXGL Background Thread 2 ] DEBUG Engine               - versionCheckDays: 7
14:24:08.739 [FXGL Background Thread 2 ] DEBUG Engine               - width: 1920
14:24:08.739 [FXGL Background Thread 2 ] DEBUG Engine               - Logging services
14:24:08.740 [FXGL Background Thread 2 ] DEBUG Engine               - class com.almasb.fxgl.app.GameApplication$GameApplicationService
14:24:08.740 [FXGL Background Thread 2 ] DEBUG Engine               - class com.almasb.fxgl.app.services.WindowService
14:24:08.740 [FXGL Background Thread 2 ] DEBUG Engine               - class com.almasb.fxgl.app.services.FXGLDialogService
14:24:08.740 [FXGL Background Thread 2 ] DEBUG Engine               - class com.almasb.fxgl.app.services.IOTaskExecutorService
14:24:08.740 [FXGL Background Thread 2 ] DEBUG Engine               - class com.almasb.fxgl.event.EventBusService
14:24:08.741 [FXGL Background Thread 2 ] DEBUG Engine               - class com.almasb.fxgl.io.FileSystemService
14:24:08.741 [FXGL Background Thread 2 ] DEBUG Engine               - class com.almasb.fxgl.localization.LocalizationService
14:24:08.741 [FXGL Background Thread 2 ] DEBUG Engine               - class com.almasb.fxgl.app.services.AssetLoaderService
14:24:08.741 [FXGL Background Thread 2 ] DEBUG Engine               - class com.almasb.fxgl.app.services.SystemBundleService
14:24:08.741 [FXGL Background Thread 2 ] DEBUG Engine               - class com.almasb.fxgl.profile.SaveLoadService
14:24:08.741 [FXGL Background Thread 2 ] DEBUG Engine               - class com.almasb.fxgl.ui.FXGLUIFactoryServiceProvider
14:24:08.741 [FXGL Background Thread 2 ] DEBUG Engine               - class com.almasb.fxgl.ui.FXGLDialogFactoryServiceProvider
14:24:08.741 [FXGL Background Thread 2 ] DEBUG Engine               - class com.almasb.fxgl.audio.AudioPlayer
14:24:08.741 [FXGL Background Thread 2 ] DEBUG Engine               - class com.almasb.fxgl.notification.impl.NotificationServiceProvider
14:24:08.741 [FXGL Background Thread 2 ] DEBUG Engine               - class com.almasb.fxgl.achievement.AchievementService
14:24:08.741 [FXGL Background Thread 2 ] DEBUG Engine               - class com.almasb.fxgl.cutscene.CutsceneService
14:24:08.741 [FXGL Background Thread 2 ] DEBUG Engine               - class com.almasb.fxgl.minigames.MiniGameService
14:24:08.741 [FXGL Background Thread 2 ] DEBUG Engine               - class com.almasb.fxgl.net.NetService
14:24:08.741 [FXGL Background Thread 2 ] DEBUG Engine               - class com.almasb.fxgl.app.services.UpdaterService
14:24:08.742 [FXGL Background Thread 2 ] DEBUG Engine               - class com.almasb.fxgl.dev.DevService
14:24:23.211 [JavaFX Application Thread] DEBUG GameApplication      - Exiting FXGL
14:24:23.211 [JavaFX Application Thread] DEBUG LoopRunner           - Stopping loop
14:24:23.211 [JavaFX Application Thread] DEBUG SystemBundleService  - Saving FXGL system data
14:24:23.213 [JavaFX Application Thread] DEBUG FileSystemAccess     - Writing to: C:\Users\CabCon\IdeaProjects\unnecessary.ly-frontend-javafx\system\fxgl.bundle
14:24:23.215 [JavaFX Application Thread] DEBUG GameApplication      - Shutting down background threads
14:24:23.215 [JavaFX Application Thread] DEBUG GameApplication      - Closing logger and exiting JavaFX
