14:22:54.141 [main                     ] DEBUG GameApplication      - Logger initialized
14:22:54.178 [main                     ] DEBUG GameApplication      - Logging settings
Title: Brick Breaker
Version: 0.2
Width: 1920
Height: 1080
Fullscreen: false
Intro: false
Profiling: false
Single step:false
App Mode: DEVELOPER
Menu Key: ESCAPE
Stage Style: DECORATED
Scene Factory: class com.almasb.fxgl.app.scene.SceneFactory

14:22:54.723 [JavaFX Application Thread] DEBUG GameApplication      - Initializing FXGL
14:22:54.739 [JavaFX Application Thread] INFO  Engine               - FXGL-11.9 (27.05.2020 17.06) on WINDOWS (J:14.0.1 FX:11)
14:22:54.739 [JavaFX Application Thread] DEBUG Engine               - JRE Vendor Name: Oracle Corporation
14:22:54.742 [JavaFX Application Thread] DEBUG Engine               - Running on OS: Windows 10 version 10.0
14:22:54.743 [JavaFX Application Thread] DEBUG Engine               - Architecture: amd64
14:22:54.743 [JavaFX Application Thread] INFO  Engine               - Source code and latest versions at: https://github.com/AlmasB/FXGL
14:22:54.744 [JavaFX Application Thread] INFO  Engine               -              Join the FXGL chat at: https://gitter.im/AlmasB/FXGL
14:22:54.979 [JavaFX Application Thread] DEBUG MainWindow           - Creating a JavaFX scene
14:22:55.171 [JavaFX Application Thread] DEBUG MainWindow           - Target settings size: 1920.0 x 1080.0
14:22:55.172 [JavaFX Application Thread] DEBUG MainWindow           - Scaled scene size:    1920.0 x 1080.0
14:22:55.172 [JavaFX Application Thread] DEBUG MainWindow           - Scaled ratio: (1.0, 1.0)
14:22:55.174 [JavaFX Application Thread] DEBUG MainWindow           - Set initial scene to FXGLStartupScene
14:22:55.183 [JavaFX Application Thread] DEBUG MainWindow           - Opening main window
14:22:55.333 [JavaFX Application Thread] DEBUG MainWindow           - Window border size: (14.6666259765625, 37.3333740234375)
14:22:55.333 [JavaFX Application Thread] DEBUG MainWindow           - Scaled size: 1920.0 x 1080.0
14:22:55.333 [JavaFX Application Thread] DEBUG MainWindow           - Scaled ratio: (1.0, 1.0)
14:22:55.333 [JavaFX Application Thread] DEBUG MainWindow           - Scene size: 1920.0 x 1080.0
14:22:55.334 [JavaFX Application Thread] DEBUG MainWindow           - Stage size: 1934.6666259765625 x 1117.3333740234375
14:22:55.400 [FXGL Background Thread 1 ] DEBUG Engine               - Initializing environment variables
14:22:55.428 [FXGL Background Thread 1 ] DEBUG WindowService        - Applying CSS: fxgl_dark.css
14:22:55.429 [FXGL Background Thread 1 ] DEBUG AssetLoaderService   - Loading from file system: /assets/ui/css/fxgl_dark.css
14:22:55.477 [FXGL Background Thread 1 ] DEBUG WindowService        - Initializing application scenes
14:22:55.574 [FXGL Background Thread 1 ] DEBUG GameWorld            - Game world initialized
14:22:55.617 [FXGL Background Thread 1 ] DEBUG PhysicsWorld         - Physics world initialized: appHeight=1080, physics.ppm=50,0
14:22:55.619 [FXGL Background Thread 1 ] DEBUG GameScene            - Game scene initialized: 1920x1080
14:22:55.651 [FXGL Background Thread 1 ] DEBUG AssetLoaderService   - Loading from file system: /assets/textures/particles/trace_horizontal.png
14:22:55.729 [FXGL Background Thread 1 ] DEBUG FXGL.DefaultMenu     - createMenuBodyGameMenu()
14:22:55.768 [FXGL Background Thread 1 ] DEBUG FXGL.DefaultMenu     - createOptionsMenu()
14:22:55.773 [FXGL Background Thread 1 ] DEBUG AssetLoaderService   - Loading from file system: /assets/textures/particles/smoke.png
14:22:55.843 [FXGL Background Thread 1 ] DEBUG WindowService        - Application scenes initialized
14:22:55.862 [FXGL Background Thread 1 ] DEBUG SystemBundleService  - Loading FXGL system data
14:22:55.868 [FXGL Background Thread 1 ] DEBUG FileSystemAccess     - Reading from: C:\Users\CabCon\IdeaProjects\unnecessary.ly-frontend-javafx\system\fxgl.bundle
14:22:55.881 [FXGL Background Thread 1 ] DEBUG SystemBundleService  - Bundle FXGL: {}
14:22:55.881 [FXGL Background Thread 1 ] INFO  Engine               - FXGL initialization took: 0,479 sec
14:22:55.884 [FXGL Background Thread 1 ] DEBUG GameApplication      - Loading localizations
14:22:55.885 [FXGL Background Thread 1 ] DEBUG AssetLoaderService   - Loading from file system: /assets/languages/english.lang
14:22:55.909 [FXGL Background Thread 1 ] DEBUG AssetLoaderService   - Loading from file system: /assets/languages/french.lang
14:22:55.912 [FXGL Background Thread 1 ] DEBUG AssetLoaderService   - Loading from file system: /assets/languages/german.lang
14:22:55.914 [FXGL Background Thread 1 ] DEBUG AssetLoaderService   - Loading from file system: /assets/languages/hungarian.lang
14:22:55.917 [FXGL Background Thread 1 ] DEBUG AssetLoaderService   - Loading from file system: /assets/languages/russian.lang
14:22:55.919 [FXGL Background Thread 1 ] DEBUG GameApplication      - Registering font factories with UI factory
14:22:55.920 [FXGL Background Thread 1 ] DEBUG AssetLoaderService   - Loading from file system: /assets/ui/fonts/VarelaRound-Regular.ttf
14:22:56.029 [FXGL Background Thread 1 ] DEBUG AssetLoaderService   - Loading from file system: /assets/ui/fonts/Abel-Regular.ttf
14:22:56.032 [FXGL Background Thread 1 ] DEBUG AssetLoaderService   - Loading from file system: /assets/ui/fonts/lucida_console.ttf
14:22:56.038 [FXGL Background Thread 1 ] DEBUG AssetLoaderService   - Loading from file system: /assets/ui/fonts/Courier-Prime.ttf
14:22:56.046 [JavaFX Application Thread] DEBUG AssetLoaderService   - Loading from file system: /assets/textures/fxgl_icon.png
14:22:56.083 [JavaFX Application Thread] DEBUG AssetLoaderService   - Loading from file system: /assets/ui/cursors/fxgl_default.png
14:22:56.093 [JavaFX Application Thread] DEBUG Input                - Registered new binding: Screenshot - P
14:22:56.094 [JavaFX Application Thread] DEBUG Input                - Registered new binding: System info dump - CTRL+9
14:22:56.095 [JavaFX Application Thread] DEBUG Input                - Registered new binding: Restart - CTRL+R
14:22:56.096 [JavaFX Application Thread] DEBUG LoopRunner           - Starting loop
14:22:56.117 [JavaFX Application Thread] DEBUG FXGLStartupScene     - STARTUP
14:22:56.118 [JavaFX Application Thread] DEBUG WindowService        - Starting new game
14:22:56.118 [JavaFX Application Thread] DEBUG Input                - Clearing active input actions
14:22:56.135 [JavaFX Application Thread] DEBUG WindowService        - Removing overlay from FXGLStartupScene and adding to FXGLLoadingScene
14:22:56.136 [JavaFX Application Thread] DEBUG MainWindow           - FXGLStartupScene -> FXGLLoadingScene
14:22:56.136 [JavaFX Application Thread] DEBUG WindowService        - Clearing previous game
14:22:56.136 [JavaFX Application Thread] DEBUG GameScene            - Clearing game scene
14:22:56.137 [JavaFX Application Thread] DEBUG GameWorld            - Clearing game world
14:22:56.137 [JavaFX Application Thread] DEBUG PhysicsWorld         - Clearing physics world
14:22:56.138 [FXGL Background Thread 1 ] DEBUG GameApplication      - Initializing game
14:22:56.165 [FXGL Background Thread 1 ] DEBUG AssetLoaderService   - Loading from file system: /assets/textures/brick.png
14:22:56.168 [FXGL Background Thread 1 ] DEBUG AssetLoaderService   - Loading from cache: /assets/textures/brick.png
14:22:56.169 [FXGL Background Thread 1 ] DEBUG AssetLoaderService   - Loading from cache: /assets/textures/brick.png
14:22:56.170 [FXGL Background Thread 1 ] DEBUG AssetLoaderService   - Loading from cache: /assets/textures/brick.png
14:22:56.171 [FXGL Background Thread 1 ] DEBUG AssetLoaderService   - Loading from cache: /assets/textures/brick.png
14:22:56.172 [FXGL Background Thread 1 ] DEBUG AssetLoaderService   - Loading from cache: /assets/textures/brick.png
14:22:56.173 [FXGL Background Thread 1 ] DEBUG AssetLoaderService   - Loading from cache: /assets/textures/brick.png
14:22:56.174 [FXGL Background Thread 1 ] DEBUG AssetLoaderService   - Loading from cache: /assets/textures/brick.png
14:22:56.175 [FXGL Background Thread 1 ] DEBUG AssetLoaderService   - Loading from cache: /assets/textures/brick.png
14:22:56.177 [FXGL Background Thread 1 ] DEBUG AssetLoaderService   - Loading from cache: /assets/textures/brick.png
14:22:56.178 [FXGL Background Thread 1 ] DEBUG AssetLoaderService   - Loading from cache: /assets/textures/brick.png
14:22:56.179 [FXGL Background Thread 1 ] DEBUG AssetLoaderService   - Loading from cache: /assets/textures/brick.png
14:22:56.180 [FXGL Background Thread 1 ] DEBUG AssetLoaderService   - Loading from cache: /assets/textures/brick.png
14:22:56.181 [FXGL Background Thread 1 ] DEBUG AssetLoaderService   - Loading from cache: /assets/textures/brick.png
14:22:56.181 [FXGL Background Thread 1 ] DEBUG AssetLoaderService   - Loading from cache: /assets/textures/brick.png
14:22:56.183 [FXGL Background Thread 1 ] DEBUG AssetLoaderService   - Loading from cache: /assets/textures/brick.png
14:22:56.184 [FXGL Background Thread 1 ] DEBUG AssetLoaderService   - Loading from cache: /assets/textures/brick.png
14:22:56.185 [FXGL Background Thread 1 ] DEBUG AssetLoaderService   - Loading from cache: /assets/textures/brick.png
14:22:56.186 [FXGL Background Thread 1 ] DEBUG AssetLoaderService   - Loading from cache: /assets/textures/brick.png
14:22:56.187 [FXGL Background Thread 1 ] DEBUG AssetLoaderService   - Loading from cache: /assets/textures/brick.png
14:22:56.188 [FXGL Background Thread 1 ] DEBUG AssetLoaderService   - Loading from cache: /assets/textures/brick.png
14:22:56.189 [FXGL Background Thread 1 ] DEBUG AssetLoaderService   - Loading from cache: /assets/textures/brick.png
14:22:56.192 [FXGL Background Thread 1 ] DEBUG AssetLoaderService   - Loading from cache: /assets/textures/brick.png
14:22:56.194 [FXGL Background Thread 1 ] DEBUG AssetLoaderService   - Loading from cache: /assets/textures/brick.png
14:22:56.195 [FXGL Background Thread 1 ] DEBUG AssetLoaderService   - Loading from cache: /assets/textures/brick.png
14:22:56.196 [FXGL Background Thread 1 ] DEBUG AssetLoaderService   - Loading from cache: /assets/textures/brick.png
14:22:56.197 [FXGL Background Thread 1 ] DEBUG AssetLoaderService   - Loading from cache: /assets/textures/brick.png
14:22:56.198 [FXGL Background Thread 1 ] DEBUG AssetLoaderService   - Loading from cache: /assets/textures/brick.png
14:22:56.199 [FXGL Background Thread 1 ] DEBUG AssetLoaderService   - Loading from cache: /assets/textures/brick.png
14:22:56.201 [FXGL Background Thread 1 ] DEBUG AssetLoaderService   - Loading from cache: /assets/textures/brick.png
14:22:56.202 [FXGL Background Thread 1 ] DEBUG AssetLoaderService   - Loading from cache: /assets/textures/brick.png
14:22:56.203 [FXGL Background Thread 1 ] DEBUG AssetLoaderService   - Loading from cache: /assets/textures/brick.png
14:22:56.204 [FXGL Background Thread 1 ] DEBUG AssetLoaderService   - Loading from cache: /assets/textures/brick.png
14:22:56.204 [FXGL Background Thread 1 ] DEBUG AssetLoaderService   - Loading from cache: /assets/textures/brick.png
14:22:56.205 [FXGL Background Thread 1 ] DEBUG AssetLoaderService   - Loading from cache: /assets/textures/brick.png
14:22:56.206 [FXGL Background Thread 1 ] DEBUG AssetLoaderService   - Loading from cache: /assets/textures/brick.png
14:22:56.207 [FXGL Background Thread 1 ] DEBUG AssetLoaderService   - Loading from cache: /assets/textures/brick.png
14:22:56.208 [FXGL Background Thread 1 ] DEBUG AssetLoaderService   - Loading from cache: /assets/textures/brick.png
14:22:56.210 [FXGL Background Thread 1 ] DEBUG AssetLoaderService   - Loading from cache: /assets/textures/brick.png
14:22:56.211 [FXGL Background Thread 1 ] DEBUG AssetLoaderService   - Loading from cache: /assets/textures/brick.png
14:22:56.212 [FXGL Background Thread 1 ] DEBUG AssetLoaderService   - Loading from cache: /assets/textures/brick.png
14:22:56.213 [FXGL Background Thread 1 ] DEBUG AssetLoaderService   - Loading from cache: /assets/textures/brick.png
14:22:56.265 [FXGL Background Thread 1 ] INFO  GameApplication      - Game initialization took: 0,126 sec
14:22:56.282 [JavaFX Application Thread] DEBUG Input                - Clearing active input actions
14:22:56.308 [JavaFX Application Thread] DEBUG WindowService        - Removing overlay from FXGLLoadingScene and adding to GameScene
14:22:56.308 [JavaFX Application Thread] DEBUG MainWindow           - FXGLLoadingScene -> GameScene
14:22:58.884 [FXGL Background Thread 2 ] DEBUG Engine               - Logging environment variables
14:22:58.884 [FXGL Background Thread 2 ] DEBUG Engine               - achievements: []
14:22:58.884 [FXGL Background Thread 2 ] DEBUG Engine               - appIcon: fxgl_icon.png
14:22:58.884 [FXGL Background Thread 2 ] DEBUG Engine               - applicationMode: DEVELOPER
14:22:58.885 [FXGL Background Thread 2 ] DEBUG Engine               - cSSList: [fxgl_dark.css]
14:22:58.885 [FXGL Background Thread 2 ] DEBUG Engine               - configClass: Optional.empty
14:22:58.885 [FXGL Background Thread 2 ] DEBUG Engine               - credits: []
14:22:58.885 [FXGL Background Thread 2 ] DEBUG Engine               - devBBoxColorProperty: ObjectProperty [value: 0xff0000ff]
14:22:58.885 [FXGL Background Thread 2 ] DEBUG Engine               - devSensorColorProperty: ObjectProperty [value: 0xffff00ff]
14:22:58.885 [FXGL Background Thread 2 ] DEBUG Engine               - devShowBBoxProperty: BooleanProperty [value: false]
14:22:58.885 [FXGL Background Thread 2 ] DEBUG Engine               - devShowPositionProperty: BooleanProperty [value: false]
14:22:58.886 [FXGL Background Thread 2 ] DEBUG Engine               - enabledMenuItems: []
14:22:58.886 [FXGL Background Thread 2 ] DEBUG Engine               - engineServices: [class com.almasb.fxgl.app.GameApplication$GameApplicationService, class com.almasb.fxgl.app.services.WindowService, class com.almasb.fxgl.app.services.FXGLDialogService, class com.almasb.fxgl.app.services.IOTaskExecutorService, class com.almasb.fxgl.event.EventBusService, class com.almasb.fxgl.io.FileSystemService, class com.almasb.fxgl.localization.LocalizationService, class com.almasb.fxgl.app.services.AssetLoaderService, class com.almasb.fxgl.app.services.SystemBundleService, class com.almasb.fxgl.profile.SaveLoadService, class com.almasb.fxgl.ui.FXGLUIFactoryServiceProvider, class com.almasb.fxgl.ui.FXGLDialogFactoryServiceProvider, class com.almasb.fxgl.audio.AudioPlayer, class com.almasb.fxgl.notification.impl.NotificationServiceProvider, class com.almasb.fxgl.achievement.AchievementService, class com.almasb.fxgl.cutscene.CutsceneService, class com.almasb.fxgl.minigames.MiniGameService, class com.almasb.fxgl.net.NetService, class com.almasb.fxgl.app.services.UpdaterService, class com.almasb.fxgl.dev.DevService]
14:22:58.886 [FXGL Background Thread 2 ] DEBUG Engine               - fontGame: Abel-Regular.ttf
14:22:58.886 [FXGL Background Thread 2 ] DEBUG Engine               - fontMono: lucida_console.ttf
14:22:58.886 [FXGL Background Thread 2 ] DEBUG Engine               - fontText: Courier-Prime.ttf
14:22:58.886 [FXGL Background Thread 2 ] DEBUG Engine               - fontUI: VarelaRound-Regular.ttf
14:22:58.886 [FXGL Background Thread 2 ] DEBUG Engine               - fullScreen: BooleanProperty [value: false]
14:22:58.886 [FXGL Background Thread 2 ] DEBUG Engine               - gameDifficulty: MEDIUM
14:22:58.886 [FXGL Background Thread 2 ] DEBUG Engine               - gameDifficultyProperty: ObjectProperty [value: MEDIUM]
14:22:58.887 [FXGL Background Thread 2 ] DEBUG Engine               - globalMusicVolume: 0.5
14:22:58.887 [FXGL Background Thread 2 ] DEBUG Engine               - globalMusicVolumeProperty: DoubleProperty [value: 0.5]
14:22:58.887 [FXGL Background Thread 2 ] DEBUG Engine               - globalSoundVolume: 0.5
14:22:58.887 [FXGL Background Thread 2 ] DEBUG Engine               - globalSoundVolumeProperty: DoubleProperty [value: 0.5]
14:22:58.887 [FXGL Background Thread 2 ] DEBUG Engine               - height: 1080
14:22:58.887 [FXGL Background Thread 2 ] DEBUG Engine               - isAndroid: false
14:22:58.887 [FXGL Background Thread 2 ] DEBUG Engine               - isBrowser: false
14:22:58.887 [FXGL Background Thread 2 ] DEBUG Engine               - isClickFeedbackEnabled: false
14:22:58.887 [FXGL Background Thread 2 ] DEBUG Engine               - isCloseConfirmation: false
14:22:58.887 [FXGL Background Thread 2 ] DEBUG Engine               - isDesktop: true
14:22:58.887 [FXGL Background Thread 2 ] DEBUG Engine               - isDeveloperMenuEnabled: false
14:22:58.887 [FXGL Background Thread 2 ] DEBUG Engine               - isExperimentalNative: false
14:22:58.888 [FXGL Background Thread 2 ] DEBUG Engine               - isExperimentalTiledLargeMap: false
14:22:58.888 [FXGL Background Thread 2 ] DEBUG Engine               - isFullScreenAllowed: false
14:22:58.888 [FXGL Background Thread 2 ] DEBUG Engine               - isFullScreenFromStart: false
14:22:58.888 [FXGL Background Thread 2 ] DEBUG Engine               - isGameMenuEnabled: true
14:22:58.888 [FXGL Background Thread 2 ] DEBUG Engine               - isIOS: false
14:22:58.888 [FXGL Background Thread 2 ] DEBUG Engine               - isIntroEnabled: false
14:22:58.888 [FXGL Background Thread 2 ] DEBUG Engine               - isLinux: false
14:22:58.888 [FXGL Background Thread 2 ] DEBUG Engine               - isMac: false
14:22:58.888 [FXGL Background Thread 2 ] DEBUG Engine               - isMainMenuEnabled: false
14:22:58.888 [FXGL Background Thread 2 ] DEBUG Engine               - isManualResizeEnabled: false
14:22:58.888 [FXGL Background Thread 2 ] DEBUG Engine               - isMobile: false
14:22:58.888 [FXGL Background Thread 2 ] DEBUG Engine               - isPreserveResizeRatio: false
14:22:58.888 [FXGL Background Thread 2 ] DEBUG Engine               - isProfilingEnabled: false
14:22:58.889 [FXGL Background Thread 2 ] DEBUG Engine               - isSingleStep: false
14:22:58.889 [FXGL Background Thread 2 ] DEBUG Engine               - isUserProfileEnabled: false
14:22:58.889 [FXGL Background Thread 2 ] DEBUG Engine               - isWindows: true
14:22:58.889 [FXGL Background Thread 2 ] DEBUG Engine               - language: ObjectProperty [value: ENGLISH]
14:22:58.889 [FXGL Background Thread 2 ] DEBUG Engine               - mainWindow: com.almasb.fxgl.app.MainWindow@76a538e8
14:22:58.889 [FXGL Background Thread 2 ] DEBUG Engine               - menuKey: ESCAPE
14:22:58.889 [FXGL Background Thread 2 ] DEBUG Engine               - notificationViewClass: class com.almasb.fxgl.notification.view.XboxNotificationView
14:22:58.889 [FXGL Background Thread 2 ] DEBUG Engine               - pixelsPerMeter: 50.0
14:22:58.889 [FXGL Background Thread 2 ] DEBUG Engine               - platform: WINDOWS
14:22:58.890 [FXGL Background Thread 2 ] DEBUG Engine               - profileDir: profiles/
14:22:58.890 [FXGL Background Thread 2 ] DEBUG Engine               - profileName: StringProperty [value: DEFAULT]
14:22:58.890 [FXGL Background Thread 2 ] DEBUG Engine               - randomSeed: -1
14:22:58.890 [FXGL Background Thread 2 ] DEBUG Engine               - runtimeInfo: RuntimeInfo(platform=WINDOWS, version=11.9, build=27.05.2020 17.06)
14:22:58.890 [FXGL Background Thread 2 ] DEBUG Engine               - saveFileExt: sav
14:22:58.890 [FXGL Background Thread 2 ] DEBUG Engine               - sceneFactory: com.almasb.fxgl.app.scene.SceneFactory@33a7a858
14:22:58.890 [FXGL Background Thread 2 ] DEBUG Engine               - secondsIn24h: 60
14:22:58.890 [FXGL Background Thread 2 ] DEBUG Engine               - settings: Title: Brick Breaker
Version: 0.2
Width: 1920
Height: 1080
Fullscreen: false
Intro: false
Profiling: false
Single step:false
App Mode: DEVELOPER
Menu Key: ESCAPE
Stage Style: DECORATED
Scene Factory: class com.almasb.fxgl.app.scene.SceneFactory

14:22:58.890 [FXGL Background Thread 2 ] DEBUG Engine               - soundMenuBack: menu/back.wav
14:22:58.890 [FXGL Background Thread 2 ] DEBUG Engine               - soundMenuPress: menu/press.wav
14:22:58.891 [FXGL Background Thread 2 ] DEBUG Engine               - soundMenuSelect: menu/select.wav
14:22:58.891 [FXGL Background Thread 2 ] DEBUG Engine               - soundNotification: core/notification.wav
14:22:58.891 [FXGL Background Thread 2 ] DEBUG Engine               - stageStyle: DECORATED
14:22:58.891 [FXGL Background Thread 2 ] DEBUG Engine               - supportedLanguages: [ENGLISH, FRENCH, GERMAN, HUNGARIAN, RUSSIAN]
14:22:58.891 [FXGL Background Thread 2 ] DEBUG Engine               - title: Brick Breaker
14:22:58.891 [FXGL Background Thread 2 ] DEBUG Engine               - urlGithub: https://github.com/AlmasB/FXGL
14:22:58.891 [FXGL Background Thread 2 ] DEBUG Engine               - urlLeaderboard: http://fxgl-top.herokuapp.com/
14:22:58.891 [FXGL Background Thread 2 ] DEBUG Engine               - urlPOM: https://raw.githubusercontent.com/AlmasB/FXGL/master/pom.xml
14:22:58.891 [FXGL Background Thread 2 ] DEBUG Engine               - version: 0.2
14:22:58.891 [FXGL Background Thread 2 ] DEBUG Engine               - versionCheckDays: 7
14:22:58.891 [FXGL Background Thread 2 ] DEBUG Engine               - width: 1920
14:22:58.891 [FXGL Background Thread 2 ] DEBUG Engine               - Logging services
14:22:58.891 [FXGL Background Thread 2 ] DEBUG Engine               - class com.almasb.fxgl.app.GameApplication$GameApplicationService
14:22:58.891 [FXGL Background Thread 2 ] DEBUG Engine               - class com.almasb.fxgl.app.services.WindowService
14:22:58.892 [FXGL Background Thread 2 ] DEBUG Engine               - class com.almasb.fxgl.app.services.FXGLDialogService
14:22:58.892 [FXGL Background Thread 2 ] DEBUG Engine               - class com.almasb.fxgl.app.services.IOTaskExecutorService
14:22:58.892 [FXGL Background Thread 2 ] DEBUG Engine               - class com.almasb.fxgl.event.EventBusService
14:22:58.892 [FXGL Background Thread 2 ] DEBUG Engine               - class com.almasb.fxgl.io.FileSystemService
14:22:58.892 [FXGL Background Thread 2 ] DEBUG Engine               - class com.almasb.fxgl.localization.LocalizationService
14:22:58.892 [FXGL Background Thread 2 ] DEBUG Engine               - class com.almasb.fxgl.app.services.AssetLoaderService
14:22:58.892 [FXGL Background Thread 2 ] DEBUG Engine               - class com.almasb.fxgl.app.services.SystemBundleService
14:22:58.892 [FXGL Background Thread 2 ] DEBUG Engine               - class com.almasb.fxgl.profile.SaveLoadService
14:22:58.892 [FXGL Background Thread 2 ] DEBUG Engine               - class com.almasb.fxgl.ui.FXGLUIFactoryServiceProvider
14:22:58.892 [FXGL Background Thread 2 ] DEBUG Engine               - class com.almasb.fxgl.ui.FXGLDialogFactoryServiceProvider
14:22:58.892 [FXGL Background Thread 2 ] DEBUG Engine               - class com.almasb.fxgl.audio.AudioPlayer
14:22:58.892 [FXGL Background Thread 2 ] DEBUG Engine               - class com.almasb.fxgl.notification.impl.NotificationServiceProvider
14:22:58.892 [FXGL Background Thread 2 ] DEBUG Engine               - class com.almasb.fxgl.achievement.AchievementService
14:22:58.892 [FXGL Background Thread 2 ] DEBUG Engine               - class com.almasb.fxgl.cutscene.CutsceneService
14:22:58.892 [FXGL Background Thread 2 ] DEBUG Engine               - class com.almasb.fxgl.minigames.MiniGameService
14:22:58.893 [FXGL Background Thread 2 ] DEBUG Engine               - class com.almasb.fxgl.net.NetService
14:22:58.893 [FXGL Background Thread 2 ] DEBUG Engine               - class com.almasb.fxgl.app.services.UpdaterService
14:22:58.893 [FXGL Background Thread 2 ] DEBUG Engine               - class com.almasb.fxgl.dev.DevService
14:23:22.975 [JavaFX Application Thread] DEBUG GameApplication      - Exiting FXGL
14:23:22.975 [JavaFX Application Thread] DEBUG LoopRunner           - Stopping loop
14:23:22.975 [JavaFX Application Thread] DEBUG SystemBundleService  - Saving FXGL system data
14:23:22.977 [JavaFX Application Thread] DEBUG FileSystemAccess     - Writing to: C:\Users\CabCon\IdeaProjects\unnecessary.ly-frontend-javafx\system\fxgl.bundle
14:23:22.979 [JavaFX Application Thread] DEBUG GameApplication      - Shutting down background threads
14:23:22.979 [JavaFX Application Thread] DEBUG GameApplication      - Closing logger and exiting JavaFX
