14:32:28.827 [main                     ] DEBUG GameApplication      - Logger initialized
14:32:28.837 [main                     ] DEBUG GameApplication      - Logging settings
Title: Brick Breaker
Version: 0.2
Width: 1920
Height: 1080
Fullscreen: false
Intro: false
Profiling: false
Single step:false
App Mode: DEVELOPER
Menu Key: ESCAPE
Stage Style: DECORATED
Scene Factory: class com.almasb.fxgl.app.scene.SceneFactory

14:32:29.058 [JavaFX Application Thread] DEBUG GameApplication      - Initializing FXGL
14:32:29.063 [JavaFX Application Thread] INFO  Engine               - FXGL-11.9 (27.05.2020 17.06) on LINUX (J:15-ea FX:11)
14:32:29.063 [JavaFX Application Thread] DEBUG Engine               - JRE Vendor Name: Oracle Corporation
14:32:29.063 [JavaFX Application Thread] DEBUG Engine               - Running on OS: Linux version 5.7.7-arch1-1
14:32:29.063 [JavaFX Application Thread] DEBUG Engine               - Architecture: amd64
14:32:29.063 [JavaFX Application Thread] INFO  Engine               - Source code and latest versions at: https://github.com/AlmasB/FXGL
14:32:29.064 [JavaFX Application Thread] INFO  Engine               -              Join the FXGL chat at: https://gitter.im/AlmasB/FXGL
14:32:29.150 [JavaFX Application Thread] DEBUG MainWindow           - Creating a JavaFX scene
14:32:29.193 [JavaFX Application Thread] DEBUG MainWindow           - Target settings size: 1920.0 x 1080.0
14:32:29.193 [JavaFX Application Thread] DEBUG MainWindow           - Scaled scene size:    1920.0 x 1080.0
14:32:29.193 [JavaFX Application Thread] DEBUG MainWindow           - Scaled ratio: (1.0, 1.0)
14:32:29.194 [JavaFX Application Thread] DEBUG MainWindow           - Set initial scene to FXGLStartupScene
14:32:29.198 [JavaFX Application Thread] DEBUG MainWindow           - Opening main window
14:32:29.224 [JavaFX Application Thread] DEBUG MainWindow           - Window border size: (2.0, 29.0)
14:32:29.224 [JavaFX Application Thread] DEBUG MainWindow           - Scaled size: 1920.0 x 1080.0
14:32:29.224 [JavaFX Application Thread] DEBUG MainWindow           - Scaled ratio: (1.0, 1.0)
14:32:29.224 [JavaFX Application Thread] DEBUG MainWindow           - Scene size: 1920.0 x 1080.0
14:32:29.224 [JavaFX Application Thread] DEBUG MainWindow           - Stage size: 1922.0 x 1109.0
14:32:29.229 [FXGL Background Thread 1 ] DEBUG Engine               - Initializing environment variables
14:32:29.246 [FXGL Background Thread 1 ] DEBUG WindowService        - Applying CSS: fxgl_dark.css
14:32:29.247 [FXGL Background Thread 1 ] DEBUG AssetLoaderService   - Loading from file system: /assets/ui/css/fxgl_dark.css
14:32:29.320 [FXGL Background Thread 1 ] DEBUG WindowService        - Initializing application scenes
14:32:29.400 [FXGL Background Thread 1 ] DEBUG GameWorld            - Game world initialized
14:32:29.494 [FXGL Background Thread 1 ] DEBUG PhysicsWorld         - Physics world initialized: appHeight=1080, physics.ppm=50,0
14:32:29.498 [FXGL Background Thread 1 ] DEBUG GameScene            - Game scene initialized: 1920x1080
14:32:29.557 [FXGL Background Thread 1 ] DEBUG AssetLoaderService   - Loading from file system: /assets/textures/particles/trace_horizontal.png
14:32:29.653 [FXGL Background Thread 1 ] DEBUG FXGL.DefaultMenu     - createMenuBodyGameMenu()
14:32:29.708 [FXGL Background Thread 1 ] DEBUG FXGL.DefaultMenu     - createOptionsMenu()
14:32:29.728 [FXGL Background Thread 1 ] DEBUG AssetLoaderService   - Loading from file system: /assets/textures/particles/smoke.png
14:32:29.835 [FXGL Background Thread 1 ] DEBUG WindowService        - Application scenes initialized
14:32:29.858 [FXGL Background Thread 1 ] DEBUG SystemBundleService  - Loading FXGL system data
14:32:29.872 [FXGL Background Thread 1 ] DEBUG FileSystemAccess     - Reading from: /home/danny/Repos/unnecessary.ly-frontend-javafx/system/fxgl.bundle
14:32:29.894 [FXGL Background Thread 1 ] DEBUG SystemBundleService  - Bundle FXGL: {}
14:32:29.895 [FXGL Background Thread 1 ] INFO  Engine               - FXGL initialization took: 0,664 sec
14:32:29.900 [FXGL Background Thread 1 ] DEBUG GameApplication      - Loading localizations
14:32:29.903 [FXGL Background Thread 1 ] DEBUG AssetLoaderService   - Loading from file system: /assets/languages/english.lang
14:32:29.927 [FXGL Background Thread 1 ] DEBUG AssetLoaderService   - Loading from file system: /assets/languages/french.lang
14:32:29.932 [FXGL Background Thread 1 ] DEBUG AssetLoaderService   - Loading from file system: /assets/languages/german.lang
14:32:29.937 [FXGL Background Thread 1 ] DEBUG AssetLoaderService   - Loading from file system: /assets/languages/hungarian.lang
14:32:29.943 [FXGL Background Thread 1 ] DEBUG AssetLoaderService   - Loading from file system: /assets/languages/russian.lang
14:32:29.947 [FXGL Background Thread 1 ] DEBUG GameApplication      - Registering font factories with UI factory
14:32:29.948 [FXGL Background Thread 1 ] DEBUG AssetLoaderService   - Loading from file system: /assets/ui/fonts/VarelaRound-Regular.ttf
14:32:29.967 [FXGL Background Thread 1 ] DEBUG AssetLoaderService   - Loading from file system: /assets/ui/fonts/Abel-Regular.ttf
14:32:29.972 [FXGL Background Thread 1 ] DEBUG AssetLoaderService   - Loading from file system: /assets/ui/fonts/lucida_console.ttf
14:32:29.977 [FXGL Background Thread 1 ] DEBUG AssetLoaderService   - Loading from file system: /assets/ui/fonts/Courier-Prime.ttf
14:32:29.986 [JavaFX Application Thread] DEBUG AssetLoaderService   - Loading from file system: /assets/textures/fxgl_icon.png
14:32:30.027 [JavaFX Application Thread] DEBUG AssetLoaderService   - Loading from file system: /assets/ui/cursors/fxgl_default.png
14:32:30.048 [JavaFX Application Thread] DEBUG Input                - Registered new binding: Screenshot - P
14:32:30.050 [JavaFX Application Thread] DEBUG Input                - Registered new binding: System info dump - CTRL+9
14:32:30.051 [JavaFX Application Thread] DEBUG Input                - Registered new binding: Restart - CTRL+R
14:32:30.054 [JavaFX Application Thread] DEBUG LoopRunner           - Starting loop
14:32:30.066 [JavaFX Application Thread] DEBUG FXGLStartupScene     - STARTUP
14:32:30.067 [JavaFX Application Thread] DEBUG WindowService        - Starting new game
14:32:30.068 [JavaFX Application Thread] DEBUG Input                - Clearing active input actions
14:32:30.090 [JavaFX Application Thread] DEBUG WindowService        - Removing overlay from FXGLStartupScene and adding to FXGLLoadingScene
14:32:30.092 [JavaFX Application Thread] DEBUG MainWindow           - FXGLStartupScene -> FXGLLoadingScene
14:32:30.092 [JavaFX Application Thread] DEBUG WindowService        - Clearing previous game
14:32:30.092 [JavaFX Application Thread] DEBUG GameScene            - Clearing game scene
14:32:30.092 [JavaFX Application Thread] DEBUG GameWorld            - Clearing game world
14:32:30.093 [JavaFX Application Thread] DEBUG PhysicsWorld         - Clearing physics world
14:32:30.094 [FXGL Background Thread 1 ] DEBUG GameApplication      - Initializing game
14:32:30.141 [FXGL Background Thread 1 ] DEBUG AssetLoaderService   - Loading from file system: /assets/textures/brick.png
14:32:30.146 [FXGL Background Thread 1 ] DEBUG AssetLoaderService   - Loading from cache: /assets/textures/brick.png
14:32:30.149 [FXGL Background Thread 1 ] DEBUG AssetLoaderService   - Loading from cache: /assets/textures/brick.png
14:32:30.152 [FXGL Background Thread 1 ] DEBUG AssetLoaderService   - Loading from cache: /assets/textures/brick.png
14:32:30.155 [FXGL Background Thread 1 ] DEBUG AssetLoaderService   - Loading from cache: /assets/textures/brick.png
14:32:30.157 [FXGL Background Thread 1 ] DEBUG AssetLoaderService   - Loading from cache: /assets/textures/brick.png
14:32:30.160 [FXGL Background Thread 1 ] DEBUG AssetLoaderService   - Loading from cache: /assets/textures/brick.png
14:32:30.162 [FXGL Background Thread 1 ] DEBUG AssetLoaderService   - Loading from cache: /assets/textures/brick.png
14:32:30.163 [FXGL Background Thread 1 ] DEBUG AssetLoaderService   - Loading from cache: /assets/textures/brick.png
14:32:30.164 [FXGL Background Thread 1 ] DEBUG AssetLoaderService   - Loading from cache: /assets/textures/brick.png
14:32:30.164 [FXGL Background Thread 1 ] DEBUG AssetLoaderService   - Loading from cache: /assets/textures/brick.png
14:32:30.165 [FXGL Background Thread 1 ] DEBUG AssetLoaderService   - Loading from cache: /assets/textures/brick.png
14:32:30.165 [FXGL Background Thread 1 ] DEBUG AssetLoaderService   - Loading from cache: /assets/textures/brick.png
14:32:30.166 [FXGL Background Thread 1 ] DEBUG AssetLoaderService   - Loading from cache: /assets/textures/brick.png
14:32:30.167 [FXGL Background Thread 1 ] DEBUG AssetLoaderService   - Loading from cache: /assets/textures/brick.png
14:32:30.169 [FXGL Background Thread 1 ] DEBUG AssetLoaderService   - Loading from cache: /assets/textures/brick.png
14:32:30.172 [FXGL Background Thread 1 ] DEBUG AssetLoaderService   - Loading from cache: /assets/textures/brick.png
14:32:30.174 [FXGL Background Thread 1 ] DEBUG AssetLoaderService   - Loading from cache: /assets/textures/brick.png
14:32:30.179 [FXGL Background Thread 1 ] DEBUG AssetLoaderService   - Loading from cache: /assets/textures/brick.png
14:32:30.180 [FXGL Background Thread 1 ] DEBUG AssetLoaderService   - Loading from cache: /assets/textures/brick.png
14:32:30.180 [FXGL Background Thread 1 ] DEBUG AssetLoaderService   - Loading from cache: /assets/textures/brick.png
14:32:30.181 [FXGL Background Thread 1 ] DEBUG AssetLoaderService   - Loading from cache: /assets/textures/brick.png
14:32:30.182 [FXGL Background Thread 1 ] DEBUG AssetLoaderService   - Loading from cache: /assets/textures/brick.png
14:32:30.182 [FXGL Background Thread 1 ] DEBUG AssetLoaderService   - Loading from cache: /assets/textures/brick.png
14:32:30.184 [FXGL Background Thread 1 ] DEBUG AssetLoaderService   - Loading from cache: /assets/textures/brick.png
14:32:30.185 [FXGL Background Thread 1 ] DEBUG AssetLoaderService   - Loading from cache: /assets/textures/brick.png
14:32:30.186 [FXGL Background Thread 1 ] DEBUG AssetLoaderService   - Loading from cache: /assets/textures/brick.png
14:32:30.188 [FXGL Background Thread 1 ] DEBUG AssetLoaderService   - Loading from cache: /assets/textures/brick.png
14:32:30.190 [FXGL Background Thread 1 ] DEBUG AssetLoaderService   - Loading from cache: /assets/textures/brick.png
14:32:30.194 [FXGL Background Thread 1 ] DEBUG AssetLoaderService   - Loading from cache: /assets/textures/brick.png
14:32:30.195 [FXGL Background Thread 1 ] DEBUG AssetLoaderService   - Loading from cache: /assets/textures/brick.png
14:32:30.196 [FXGL Background Thread 1 ] DEBUG AssetLoaderService   - Loading from cache: /assets/textures/brick.png
14:32:30.198 [FXGL Background Thread 1 ] DEBUG AssetLoaderService   - Loading from cache: /assets/textures/brick.png
14:32:30.199 [FXGL Background Thread 1 ] DEBUG AssetLoaderService   - Loading from cache: /assets/textures/brick.png
14:32:30.200 [FXGL Background Thread 1 ] DEBUG AssetLoaderService   - Loading from cache: /assets/textures/brick.png
14:32:30.201 [FXGL Background Thread 1 ] DEBUG AssetLoaderService   - Loading from cache: /assets/textures/brick.png
14:32:30.202 [FXGL Background Thread 1 ] DEBUG AssetLoaderService   - Loading from cache: /assets/textures/brick.png
14:32:30.205 [FXGL Background Thread 1 ] DEBUG AssetLoaderService   - Loading from cache: /assets/textures/brick.png
14:32:30.207 [FXGL Background Thread 1 ] DEBUG AssetLoaderService   - Loading from cache: /assets/textures/brick.png
14:32:30.209 [FXGL Background Thread 1 ] DEBUG AssetLoaderService   - Loading from cache: /assets/textures/brick.png
14:32:30.210 [FXGL Background Thread 1 ] DEBUG AssetLoaderService   - Loading from cache: /assets/textures/brick.png
14:32:30.211 [FXGL Background Thread 1 ] DEBUG AssetLoaderService   - Loading from cache: /assets/textures/brick.png
14:32:30.234 [FXGL Background Thread 1 ] INFO  GameApplication      - Game initialization took: 0,139 sec
14:32:30.235 [JavaFX Application Thread] DEBUG Input                - Clearing active input actions
14:32:30.261 [JavaFX Application Thread] DEBUG WindowService        - Removing overlay from FXGLLoadingScene and adding to GameScene
14:32:30.261 [JavaFX Application Thread] DEBUG MainWindow           - FXGLLoadingScene -> GameScene
14:32:32.898 [FXGL Background Thread 2 ] DEBUG Engine               - Logging environment variables
14:32:32.900 [FXGL Background Thread 2 ] DEBUG Engine               - achievements: []
14:32:32.900 [FXGL Background Thread 2 ] DEBUG Engine               - appIcon: fxgl_icon.png
14:32:32.901 [FXGL Background Thread 2 ] DEBUG Engine               - applicationMode: DEVELOPER
14:32:32.902 [FXGL Background Thread 2 ] DEBUG Engine               - cSSList: [fxgl_dark.css]
14:32:32.902 [FXGL Background Thread 2 ] DEBUG Engine               - configClass: Optional.empty
14:32:32.903 [FXGL Background Thread 2 ] DEBUG Engine               - credits: []
14:32:32.904 [FXGL Background Thread 2 ] DEBUG Engine               - devBBoxColorProperty: ObjectProperty [value: 0xff0000ff]
14:32:32.905 [FXGL Background Thread 2 ] DEBUG Engine               - devSensorColorProperty: ObjectProperty [value: 0xffff00ff]
14:32:32.906 [FXGL Background Thread 2 ] DEBUG Engine               - devShowBBoxProperty: BooleanProperty [value: false]
14:32:32.907 [FXGL Background Thread 2 ] DEBUG Engine               - devShowPositionProperty: BooleanProperty [value: false]
14:32:32.908 [FXGL Background Thread 2 ] DEBUG Engine               - enabledMenuItems: []
14:32:32.909 [FXGL Background Thread 2 ] DEBUG Engine               - engineServices: [class com.almasb.fxgl.app.GameApplication$GameApplicationService, class com.almasb.fxgl.app.services.WindowService, class com.almasb.fxgl.app.services.FXGLDialogService, class com.almasb.fxgl.app.services.IOTaskExecutorService, class com.almasb.fxgl.event.EventBusService, class com.almasb.fxgl.io.FileSystemService, class com.almasb.fxgl.localization.LocalizationService, class com.almasb.fxgl.app.services.AssetLoaderService, class com.almasb.fxgl.app.services.SystemBundleService, class com.almasb.fxgl.profile.SaveLoadService, class com.almasb.fxgl.ui.FXGLUIFactoryServiceProvider, class com.almasb.fxgl.ui.FXGLDialogFactoryServiceProvider, class com.almasb.fxgl.audio.AudioPlayer, class com.almasb.fxgl.notification.impl.NotificationServiceProvider, class com.almasb.fxgl.achievement.AchievementService, class com.almasb.fxgl.cutscene.CutsceneService, class com.almasb.fxgl.minigames.MiniGameService, class com.almasb.fxgl.net.NetService, class com.almasb.fxgl.app.services.UpdaterService, class com.almasb.fxgl.dev.DevService]
14:32:32.910 [FXGL Background Thread 2 ] DEBUG Engine               - fontGame: Abel-Regular.ttf
14:32:32.911 [FXGL Background Thread 2 ] DEBUG Engine               - fontMono: lucida_console.ttf
14:32:32.911 [FXGL Background Thread 2 ] DEBUG Engine               - fontText: Courier-Prime.ttf
14:32:32.912 [FXGL Background Thread 2 ] DEBUG Engine               - fontUI: VarelaRound-Regular.ttf
14:32:32.912 [FXGL Background Thread 2 ] DEBUG Engine               - fullScreen: BooleanProperty [value: false]
14:32:32.913 [FXGL Background Thread 2 ] DEBUG Engine               - gameDifficulty: MEDIUM
14:32:32.914 [FXGL Background Thread 2 ] DEBUG Engine               - gameDifficultyProperty: ObjectProperty [value: MEDIUM]
14:32:32.914 [FXGL Background Thread 2 ] DEBUG Engine               - globalMusicVolume: 0.5
14:32:32.915 [FXGL Background Thread 2 ] DEBUG Engine               - globalMusicVolumeProperty: DoubleProperty [value: 0.5]
14:32:32.915 [FXGL Background Thread 2 ] DEBUG Engine               - globalSoundVolume: 0.5
14:32:32.916 [FXGL Background Thread 2 ] DEBUG Engine               - globalSoundVolumeProperty: DoubleProperty [value: 0.5]
14:32:32.916 [FXGL Background Thread 2 ] DEBUG Engine               - height: 1080
14:32:32.917 [FXGL Background Thread 2 ] DEBUG Engine               - isAndroid: false
14:32:32.917 [FXGL Background Thread 2 ] DEBUG Engine               - isBrowser: false
14:32:32.917 [FXGL Background Thread 2 ] DEBUG Engine               - isClickFeedbackEnabled: false
14:32:32.918 [FXGL Background Thread 2 ] DEBUG Engine               - isCloseConfirmation: false
14:32:32.919 [FXGL Background Thread 2 ] DEBUG Engine               - isDesktop: true
14:32:32.920 [FXGL Background Thread 2 ] DEBUG Engine               - isDeveloperMenuEnabled: false
14:32:32.920 [FXGL Background Thread 2 ] DEBUG Engine               - isExperimentalNative: false
14:32:32.921 [FXGL Background Thread 2 ] DEBUG Engine               - isExperimentalTiledLargeMap: false
14:32:32.921 [FXGL Background Thread 2 ] DEBUG Engine               - isFullScreenAllowed: false
14:32:32.922 [FXGL Background Thread 2 ] DEBUG Engine               - isFullScreenFromStart: false
14:32:32.922 [FXGL Background Thread 2 ] DEBUG Engine               - isGameMenuEnabled: true
14:32:32.923 [FXGL Background Thread 2 ] DEBUG Engine               - isIOS: false
14:32:32.923 [FXGL Background Thread 2 ] DEBUG Engine               - isIntroEnabled: false
14:32:32.924 [FXGL Background Thread 2 ] DEBUG Engine               - isLinux: true
14:32:32.924 [FXGL Background Thread 2 ] DEBUG Engine               - isMac: false
14:32:32.924 [FXGL Background Thread 2 ] DEBUG Engine               - isMainMenuEnabled: false
14:32:32.925 [FXGL Background Thread 2 ] DEBUG Engine               - isManualResizeEnabled: false
14:32:32.925 [FXGL Background Thread 2 ] DEBUG Engine               - isMobile: false
14:32:32.925 [FXGL Background Thread 2 ] DEBUG Engine               - isPreserveResizeRatio: false
14:32:32.926 [FXGL Background Thread 2 ] DEBUG Engine               - isProfilingEnabled: false
14:32:32.926 [FXGL Background Thread 2 ] DEBUG Engine               - isSingleStep: false
14:32:32.927 [FXGL Background Thread 2 ] DEBUG Engine               - isUserProfileEnabled: false
14:32:32.927 [FXGL Background Thread 2 ] DEBUG Engine               - isWindows: false
14:32:32.928 [FXGL Background Thread 2 ] DEBUG Engine               - language: ObjectProperty [value: ENGLISH]
14:32:32.928 [FXGL Background Thread 2 ] DEBUG Engine               - mainWindow: com.almasb.fxgl.app.MainWindow@6f5bdf3b
14:32:32.928 [FXGL Background Thread 2 ] DEBUG Engine               - menuKey: ESCAPE
14:32:32.929 [FXGL Background Thread 2 ] DEBUG Engine               - notificationViewClass: class com.almasb.fxgl.notification.view.XboxNotificationView
14:32:32.929 [FXGL Background Thread 2 ] DEBUG Engine               - pixelsPerMeter: 50.0
14:32:32.930 [FXGL Background Thread 2 ] DEBUG Engine               - platform: LINUX
14:32:32.930 [FXGL Background Thread 2 ] DEBUG Engine               - profileDir: profiles/
14:32:32.931 [FXGL Background Thread 2 ] DEBUG Engine               - profileName: StringProperty [value: DEFAULT]
14:32:32.931 [FXGL Background Thread 2 ] DEBUG Engine               - randomSeed: -1
14:32:32.931 [FXGL Background Thread 2 ] DEBUG Engine               - runtimeInfo: RuntimeInfo(platform=LINUX, version=11.9, build=27.05.2020 17.06)
14:32:32.931 [FXGL Background Thread 2 ] DEBUG Engine               - saveFileExt: sav
14:32:32.932 [FXGL Background Thread 2 ] DEBUG Engine               - sceneFactory: com.almasb.fxgl.app.scene.SceneFactory@6b644608
14:32:32.932 [FXGL Background Thread 2 ] DEBUG Engine               - secondsIn24h: 60
14:32:32.932 [FXGL Background Thread 2 ] DEBUG Engine               - settings: Title: Brick Breaker
Version: 0.2
Width: 1920
Height: 1080
Fullscreen: false
Intro: false
Profiling: false
Single step:false
App Mode: DEVELOPER
Menu Key: ESCAPE
Stage Style: DECORATED
Scene Factory: class com.almasb.fxgl.app.scene.SceneFactory

14:32:32.932 [FXGL Background Thread 2 ] DEBUG Engine               - soundMenuBack: menu/back.wav
14:32:32.932 [FXGL Background Thread 2 ] DEBUG Engine               - soundMenuPress: menu/press.wav
14:32:32.932 [FXGL Background Thread 2 ] DEBUG Engine               - soundMenuSelect: menu/select.wav
14:32:32.933 [FXGL Background Thread 2 ] DEBUG Engine               - soundNotification: core/notification.wav
14:32:32.933 [FXGL Background Thread 2 ] DEBUG Engine               - stageStyle: DECORATED
14:32:32.933 [FXGL Background Thread 2 ] DEBUG Engine               - supportedLanguages: [ENGLISH, FRENCH, GERMAN, HUNGARIAN, RUSSIAN]
14:32:32.933 [FXGL Background Thread 2 ] DEBUG Engine               - title: Brick Breaker
14:32:32.933 [FXGL Background Thread 2 ] DEBUG Engine               - urlGithub: https://github.com/AlmasB/FXGL
14:32:32.933 [FXGL Background Thread 2 ] DEBUG Engine               - urlLeaderboard: http://fxgl-top.herokuapp.com/
14:32:32.933 [FXGL Background Thread 2 ] DEBUG Engine               - urlPOM: https://raw.githubusercontent.com/AlmasB/FXGL/master/pom.xml
14:32:32.934 [FXGL Background Thread 2 ] DEBUG Engine               - version: 0.2
14:32:32.934 [FXGL Background Thread 2 ] DEBUG Engine               - versionCheckDays: 7
14:32:32.934 [FXGL Background Thread 2 ] DEBUG Engine               - width: 1920
14:32:32.934 [FXGL Background Thread 2 ] DEBUG Engine               - Logging services
14:32:32.934 [FXGL Background Thread 2 ] DEBUG Engine               - class com.almasb.fxgl.app.GameApplication$GameApplicationService
14:32:32.935 [FXGL Background Thread 2 ] DEBUG Engine               - class com.almasb.fxgl.app.services.WindowService
14:32:32.935 [FXGL Background Thread 2 ] DEBUG Engine               - class com.almasb.fxgl.app.services.FXGLDialogService
14:32:32.935 [FXGL Background Thread 2 ] DEBUG Engine               - class com.almasb.fxgl.app.services.IOTaskExecutorService
14:32:32.935 [FXGL Background Thread 2 ] DEBUG Engine               - class com.almasb.fxgl.event.EventBusService
14:32:32.935 [FXGL Background Thread 2 ] DEBUG Engine               - class com.almasb.fxgl.io.FileSystemService
14:32:32.935 [FXGL Background Thread 2 ] DEBUG Engine               - class com.almasb.fxgl.localization.LocalizationService
14:32:32.935 [FXGL Background Thread 2 ] DEBUG Engine               - class com.almasb.fxgl.app.services.AssetLoaderService
14:32:32.935 [FXGL Background Thread 2 ] DEBUG Engine               - class com.almasb.fxgl.app.services.SystemBundleService
14:32:32.936 [FXGL Background Thread 2 ] DEBUG Engine               - class com.almasb.fxgl.profile.SaveLoadService
14:32:32.936 [FXGL Background Thread 2 ] DEBUG Engine               - class com.almasb.fxgl.ui.FXGLUIFactoryServiceProvider
14:32:32.936 [FXGL Background Thread 2 ] DEBUG Engine               - class com.almasb.fxgl.ui.FXGLDialogFactoryServiceProvider
14:32:32.936 [FXGL Background Thread 2 ] DEBUG Engine               - class com.almasb.fxgl.audio.AudioPlayer
14:32:32.936 [FXGL Background Thread 2 ] DEBUG Engine               - class com.almasb.fxgl.notification.impl.NotificationServiceProvider
14:32:32.936 [FXGL Background Thread 2 ] DEBUG Engine               - class com.almasb.fxgl.achievement.AchievementService
14:32:32.936 [FXGL Background Thread 2 ] DEBUG Engine               - class com.almasb.fxgl.cutscene.CutsceneService
14:32:32.939 [FXGL Background Thread 2 ] DEBUG Engine               - class com.almasb.fxgl.minigames.MiniGameService
14:32:32.939 [FXGL Background Thread 2 ] DEBUG Engine               - class com.almasb.fxgl.net.NetService
14:32:32.939 [FXGL Background Thread 2 ] DEBUG Engine               - class com.almasb.fxgl.app.services.UpdaterService
14:32:32.939 [FXGL Background Thread 2 ] DEBUG Engine               - class com.almasb.fxgl.dev.DevService
14:33:14.351 [JavaFX Application Thread] DEBUG GameApplication      - Exiting FXGL
14:33:14.352 [JavaFX Application Thread] DEBUG LoopRunner           - Stopping loop
14:33:14.352 [JavaFX Application Thread] DEBUG SystemBundleService  - Saving FXGL system data
14:33:14.355 [JavaFX Application Thread] DEBUG FileSystemAccess     - Writing to: /home/danny/Repos/unnecessary.ly-frontend-javafx/system/fxgl.bundle
14:33:14.357 [JavaFX Application Thread] DEBUG GameApplication      - Shutting down background threads
14:33:14.358 [JavaFX Application Thread] DEBUG GameApplication      - Closing logger and exiting JavaFX
